[00:18:01] This is prokka 1.13
[00:18:01] Written by Torsten Seemann <torsten.seemann@gmail.com>
[00:18:01] Homepage is https://github.com/tseemann/prokka
[00:18:01] Local time is Fri Apr 17 00:18:01 2020
[00:18:01] You are basu
[00:18:01] Operating system is linux
[00:18:01] You have BioPerl 1.007002
[00:18:01] System has 1 cores.
[00:18:01] Option --cpu asked for 8 cores, but system only has 1
[00:18:01] Will use maximum of 1 cores.
[00:18:01] Annotating as >>> Bacteria <<<
[00:18:01] Generating locus_tag from 'bacillus_zeae-assembly.fna' contents.
[00:18:01] Setting --locustag JOOKCBAM from MD5 3884cba6755ff5256ac4550fbc0cbcb6
[00:18:01] Creating new output folder: bacillus_zeae-assembly.fna.prokka_annotation
[00:18:01] Running: mkdir -p bacillus_zeae\-assembly\.fna\.prokka_annotation
[00:18:01] Using filename prefix: bacillus_zeae-assembly.fna.XXX
[00:18:01] Setting HMMER_NCPU=1
[00:18:01] Writing log to: bacillus_zeae-assembly.fna.prokka_annotation/bacillus_zeae-assembly.fna.log
[00:18:01] Command: /home/basu/anaconda3/bin/prokka bacillus_zeae-assembly.fna --outdir bacillus_zeae-assembly.fna.prokka_annotation --prefix bacillus_zeae-assembly.fna
[00:18:01] Appending to PATH: /home/basu/anaconda3/bin
[00:18:01] Looking for 'aragorn' - found /home/basu/anaconda3/bin/aragorn
[00:18:01] Determined aragorn version is 1.2
[00:18:01] Looking for 'barrnap' - found /home/basu/anaconda3/bin/barrnap
[00:18:01] Determined barrnap version is 0.9
[00:18:01] Looking for 'blastp' - found /home/basu/anaconda3/bin/blastp
[00:18:01] Determined blastp version is 2.9
[00:18:01] Looking for 'cmpress' - found /home/basu/anaconda3/bin/cmpress
[00:18:01] Determined cmpress version is 1.1
[00:18:01] Looking for 'cmscan' - found /home/basu/anaconda3/bin/cmscan
[00:18:01] Determined cmscan version is 1.1
[00:18:01] Looking for 'egrep' - found /bin/egrep
[00:18:01] Looking for 'find' - found /usr/bin/find
[00:18:01] Looking for 'grep' - found /bin/grep
[00:18:01] Looking for 'hmmpress' - found /home/basu/anaconda3/bin/hmmpress
[00:18:01] Determined hmmpress version is 3.3
[00:18:01] Looking for 'hmmscan' - found /home/basu/anaconda3/bin/hmmscan
[00:18:01] Determined hmmscan version is 3.3
[00:18:01] Looking for 'java' - found /home/basu/anaconda3/bin/java
[00:18:01] Looking for 'less' - found /usr/bin/less
[00:18:01] Looking for 'makeblastdb' - found /home/basu/anaconda3/bin/makeblastdb
[00:18:01] Determined makeblastdb version is 2.9
[00:18:01] Looking for 'minced' - found /home/basu/anaconda3/bin/minced
[00:18:02] Determined minced version is 4.2
[00:18:02] Looking for 'parallel' - found /home/basu/anaconda3/bin/parallel
[00:18:02] Determined parallel version is 20160622
[00:18:02] Looking for 'prodigal' - found /home/basu/anaconda3/bin/prodigal
[00:18:02] Determined prodigal version is 2.6
[00:18:02] Looking for 'prokka-genbank_to_fasta_db' - found /home/basu/anaconda3/bin/prokka-genbank_to_fasta_db
[00:18:02] Looking for 'sed' - found /bin/sed
[00:18:02] Looking for 'tbl2asn' - found /home/basu/anaconda3/bin/tbl2asn
[00:18:02] Determined tbl2asn version is 25.7
[00:18:02] Using genetic code table 11.
[00:18:02] Loading and checking input file: bacillus_zeae-assembly.fna
[00:18:02] Wrote 79 contigs totalling 4242481 bp.
[00:18:02] Predicting tRNAs and tmRNAs
[00:18:02] Running: aragorn -l -gc11  -w bacillus_zeae\-assembly\.fna\.prokka_annotation\/bacillus_zeae\-assembly\.fna\.fna
[00:18:03] 1 tRNA-Cys [51954,52025] 34 (gca)
[00:18:03] 1 tRNA-Lys [35899,35974] 34 (ttt)
[00:18:03] 2 tRNA-Glu [35986,36058] 34 (ttc)
[00:18:03] 3 tRNA-Phe [36122,36196] 35 (gaa)
[00:18:03] 1 tRNA-Leu c[42183,42269] 36 (cag)
[00:18:03] 1 tRNA-Arg [132616,132688] 34 (ccg)
[00:18:03] 2 tmRNA [146399,146758] 89,127 GKQQNSFALAA**
[00:18:03] 1 tRNA-Ala [1370,1442] 34 (ggc)
[00:18:03] 2 tRNA-Leu [25909,25992] 35 (cag)
[00:18:03] 3 tRNA-Gly [26055,26128] 33 (ccc)
[00:18:03] 4 tRNA-Ser [26136,26224] 35 (cga)
[00:18:03] 1 tRNA-Glu c[50,124] 34 (ttc)
[00:18:03] 2 tRNA-Ser c[136,226] 35 (gct)
[00:18:03] 3 tRNA-Asn c[231,305] 33 (gtt)
[00:18:03] 1 tRNA-Gln c[150376,150447] 33 (ttg)
[00:18:03] 1 tRNA-Met [211,287] 36 (cat)
[00:18:03] 2 tRNA-Asp [291,366] 34 (gtc)
[00:18:03] 3 tRNA-Phe [371,445] 34 (gaa)
[00:18:03] 4 tRNA-His [483,558] 34 (gtg)
[00:18:03] 5 tRNA-Gly [574,647] 33 (tcc)
[00:18:03] 6 tRNA-Ile [652,728] 35 (gat)
[00:18:03] 7 tRNA-Asn [743,817] 33 (gtt)
[00:18:03] 8 tRNA-Ser [821,911] 35 (gct)
[00:18:03] 9 tRNA-Glu [914,987] 35 (ttc)
[00:18:03] 10 tRNA-Arg [232083,232157] 35 (tct)
[00:18:03] 1 tRNA-Cys [41579,41650] 34 (gca)
[00:18:03] 1 tRNA-Asn [96,170] 33 (gtt)
[00:18:03] 2 tRNA-Thr [198,271] 34 (ggt)
[00:18:03] 3 tRNA-Glu [285,359] 34 (ttc)
[00:18:03] 4 tRNA-Val [364,439] 34 (tac)
[00:18:03] 5 tRNA-Thr [481,554] 34 (tgt)
[00:18:03] 6 tRNA-Tyr [560,644] 35 (gta)
[00:18:03] 7 tRNA-Gln [691,765] 33 (ttg)
[00:18:03] 8 tRNA-Lys [771,845] 35 (ttt)
[00:18:03] 9 tRNA-Gly [882,956] 33 (gcc)
[00:18:03] 10 tRNA-Ala [960,1035] 34 (tgc)
[00:18:03] 1 tRNA-Met [20825,20900] 36 (cat)
[00:18:03] 1 tRNA-Val c[5315,5387] 34 (gac)
[00:18:03] 1 tRNA-Pro c[2208,2281] 35 (ggg)
[00:18:03] 1 tRNA-Ser [8102,8194] 37 (tga)
[00:18:03] 1 tRNA-Arg [17083,17157] 35 (cct)
[00:18:04] 1 tRNA-Asn [51,125] 33 (gtt)
[00:18:04] 2 tRNA-Ser [129,220] 35 (gga)
[00:18:04] 3 tRNA-Glu [235,309] 34 (ttc)
[00:18:04] 4 tRNA-Val [315,390] 34 (tac)
[00:18:04] 5 tRNA-Met [552,628] 36 (cat)
[00:18:04] 6 tRNA-Asp [630,705] 34 (gtc)
[00:18:04] 7 tRNA-Phe [710,785] 34 (gaa)
[00:18:04] 8 tRNA-Tyr [858,942] 35 (gta)
[00:18:04] 9 tRNA-Trp [956,1029] 33 (cca)
[00:18:04] 10 tRNA-His [1038,1113] 34 (gtg)
[00:18:04] 11 tRNA-Gln [1133,1207] 33 (ttg)
[00:18:04] 12 tRNA-Gly [1211,1285] 33 (gcc)
[00:18:04] 13 tRNA-Cys [1292,1366] 33 (gca)
[00:18:04] 14 tRNA-Leu [1370,1454] 36 (caa)
[00:18:04] 1 tRNA-SeC [435615,435711] 36 (tca)
[00:18:04] Found 56 tRNAs
[00:18:04] Predicting Ribosomal RNAs
[00:18:04] Running Barrnap with 1 threads
[00:18:09] 1 NZ_QWVT01000020.1 51 16S ribosomal RNA
[00:18:09] 2 NZ_QWVT01000035.1 6 23S ribosomal RNA
[00:18:09] Found 2 rRNAs
[00:18:09] Skipping ncRNA search, enable with --rfam if desired.
[00:18:09] Total of 57 tRNA + rRNA features
[00:18:09] Searching for CRISPR repeats
[00:18:11] Found 0 CRISPRs
[00:18:11] Predicting coding sequences
[00:18:11] Contigs total 4242481 bp, so using single mode
[00:18:11] Running: prodigal -i bacillus_zeae\-assembly\.fna\.prokka_annotation\/bacillus_zeae\-assembly\.fna\.fna -c -m -g 11 -p single -f sco -q
[00:18:18] Excluding CDS which overlaps existing RNA (rRNA) at NZ_QWVT01000020.1:428..661 on + strand
[00:18:20] Excluding CDS which overlaps existing RNA (tRNA) at NZ_QWVT01000030.1:41339..41599 on + strand
[00:18:20] Excluding CDS which overlaps existing RNA (rRNA) at NZ_QWVT01000035.1:121..246 on + strand
[00:18:21] Found 4282 CDS
[00:18:21] Connecting features back to sequences
[00:18:21] Not using genus-specific database. Try --usegenus to enable it.
[00:18:21] Annotating CDS, please be patient.
[00:18:21] Will use 1 CPUs for similarity searching.
[00:18:22] There are still 4282 unannotated CDS left (started with 4282)
[00:18:22] Will use blast to search against /home/basu/anaconda3/bin/../db/kingdom/Bacteria/sprot with 1 CPUs
[00:18:22] Running: cat bacillus_zeae\-assembly\.fna\.prokka_annotation\/sprot\.faa | parallel --gnu --plain -j 1 --block 595962 --recstart '>' --pipe blastp -query - -db /home/basu/anaconda3/bin/../db/kingdom/Bacteria/sprot -evalue 1e-06 -num_threads 1 -num_descriptions 1 -num_alignments 1 -seg no > bacillus_zeae\-assembly\.fna\.prokka_annotation\/sprot\.blast 2> /dev/null
[00:26:39] Modify product: Uncharacterized protein YgaU => putative protein YgaU
[00:26:39] Modify product: Uncharacterized protein YqbN => putative protein YqbN
[00:26:39] Modify product: Uncharacterized protein YuiC => putative protein YuiC
[00:26:39] Modify product: 30S ribosomal protein S1 homolog => 30S ribosomal protein S1 
[00:26:39] Modify product: Uncharacterized protein YpfA => putative protein YpfA
[00:26:39] Modify product: Uncharacterized protein YpbG => putative protein YpbG
[00:26:39] Modify product: Probable succinyl-CoA:3-ketoacid coenzyme A transferase subunit A => putative succinyl-CoA:3-ketoacid coenzyme A transferase subunit A
[00:26:39] Modify product: Uncharacterized HTH-type transcriptional regulator YvdT => putative HTH-type transcriptional regulator YvdT
[00:26:39] Modify product: UPF0702 transmembrane protein YetF => hypothetical protein
[00:26:39] Modify product: Probable transport protein YifK => putative transport protein YifK
[00:26:39] Modify product: UPF0324 inner membrane protein YeiH => hypothetical protein
[00:26:39] Modify product: Uncharacterized membrane protein Rv1401 => putative membrane protein
[00:26:39] Modify product: Uncharacterized ABC transporter ATP-binding protein YxlF => putative ABC transporter ATP-binding protein YxlF
[00:26:39] Modify product: Probable multidrug ABC transporter permease YbhR => putative multidrug ABC transporter permease YbhR
[00:26:39] Modify product: Probable multidrug ABC transporter ATP-binding protein YbhF => putative multidrug ABC transporter ATP-binding protein YbhF
[00:26:39] Modify product: Probable N-acetyl-alpha-D-glucosaminyl L-malate deacetylase 2 => putative N-acetyl-alpha-D-glucosaminyl L-malate deacetylase 2
[00:26:39] Modify product: Uncharacterized protein YojF => putative protein YojF
[00:26:39] Modify product: Uncharacterized ABC transporter ATP-binding protein YbiT => putative ABC transporter ATP-binding protein YbiT
[00:26:39] Modify product: Protein FdhE homolog => Protein FdhE 
[00:26:39] Modify product: Probable molybdenum cofactor guanylyltransferase => putative molybdenum cofactor guanylyltransferase
[00:26:39] Modify product: Uncharacterized protein YwdI => putative protein YwdI
[00:26:39] Modify product: UPF0382 membrane protein YwdK => hypothetical protein
[00:26:39] Modify product: Putative heme-dependent peroxidase GK3416 => Putative heme-dependent peroxidase
[00:26:39] Modify product: Uncharacterized beta-barrel protein YwiB => putative beta-barrel protein YwiB
[00:26:39] Modify product: Probable iron-sulfur-binding oxidoreductase FadF => putative iron-sulfur-binding oxidoreductase FadF
[00:26:39] Modify product: Probable 3-hydroxybutyryl-CoA dehydrogenase => putative 3-hydroxybutyryl-CoA dehydrogenase
[00:26:39] Modify product: Probable fructose-bisphosphate aldolase => putative fructose-bisphosphate aldolase
[00:26:39] Modify product: Probable manganese efflux pump MntP => putative manganese efflux pump MntP
[00:26:39] Modify product: Cyclic di-GMP phosphodiesterase PA4108 => Cyclic di-GMP phosphodiesterase
[00:26:39] Modify product: Uncharacterized membrane protein YdfK => putative membrane protein YdfK
[00:26:39] Modify product: Probable dimethyl sulfoxide reductase chain YnfF => putative dimethyl sulfoxide reductase chain YnfF
[00:26:39] Modify product: Uncharacterized protein MT2054 => putative protein
[00:26:39] Modify product: Uncharacterized ABC transporter ATP-binding protein YknY => putative ABC transporter ATP-binding protein YknY
[00:26:39] Modify product: UPF0051 protein SA0778 => hypothetical protein
[00:26:39] Modify product: UPF0051 protein SA0778 => hypothetical protein
[00:26:39] Modify product: Probable acyl-CoA dehydrogenase => putative acyl-CoA dehydrogenase
[00:26:39] Modify product: Probable 3-hydroxyacyl-CoA dehydrogenase => putative 3-hydroxyacyl-CoA dehydrogenase
[00:26:39] Modify product: Uncharacterized oxidoreductase YdhV => putative oxidoreductase YdhV
[00:26:39] Modify product: Uncharacterized peptidase SA1530 => putative peptidase
[00:26:39] Modify product: Uncharacterized zinc-type alcohol dehydrogenase-like protein YjmD => putative zinc-type alcohol dehydrogenase-like protein YjmD
[00:26:39] Modify product: Probable zinc-binding alcohol dehydrogenase Rv1895 => putative zinc-binding alcohol dehydrogenase
[00:26:40] Modify product: Uncharacterized HTH-type transcriptional regulator YusO => putative HTH-type transcriptional regulator YusO
[00:26:40] Modify product: Probable transcriptional regulatory protein SA0624 => putative transcriptional regulatory protein
[00:26:40] Modify product: Probable transcriptional regulatory protein pdtaR => putative transcriptional regulatory protein pdtaR
[00:26:40] Modify product: Probable sensor histidine kinase pdtaS => putative sensor histidine kinase pdtaS
[00:26:40] Modify product: Uncharacterized PIN and TRAM-domain containing protein YacL => putative PIN and TRAM-domain containing protein YacL
[00:26:40] Modify product: Uncharacterized protein YacP => putative protein YacP
[00:26:40] Modify product: Ribosome-associated protein L7Ae-like => Ribosome-associated protein L7Ae-like protein
[00:26:40] Modify product: UPF0346 protein YozE => hypothetical protein
[00:26:40] Modify product: Probable serine/threonine-protein kinase YbdM => putative serine/threonine-protein kinase YbdM
[00:26:40] Modify product: Uncharacterized protein YcbX => putative protein YcbX
[00:26:40] Modify product: Uncharacterized amino acid permease YhdG => putative amino acid permease YhdG
[00:26:40] Modify product: Uncharacterized N-acetyltransferase YvbK => putative N-acetyltransferase YvbK
[00:26:40] Modify product: Uncharacterized protein YjlC => putative protein YjlC
[00:26:40] Modify product: Probable polyketide biosynthesis zinc-dependent hydrolase BaeB => putative polyketide biosynthesis zinc-dependent hydrolase BaeB
[00:26:40] Modify product: Uncharacterized ABC transporter ATP-binding protein YbiT => putative ABC transporter ATP-binding protein YbiT
[00:26:40] Modify product: SCO1 protein homolog => SCO1 protein 
[00:26:40] Modify product: Probable 3-phenylpropionic acid transporter => putative 3-phenylpropionic acid transporter
[00:26:40] Modify product: UPF0761 membrane protein YihY => hypothetical protein
[00:26:40] Modify product: Probable helicase HelY => putative helicase HelY
[00:26:40] Modify product: Uncharacterized protein YqaI => putative protein YqaI
[00:26:40] Modify product: Probable protein kinase UbiB => putative protein kinase UbiB
[00:26:40] Modify product: Fluoroquinolones export ATP-binding protein Rv2688c => Fluoroquinolones export ATP-binding protein
[00:26:40] Modify product: Uncharacterized NTE family protein Rv2565 => putative NTE family protein
[00:26:40] Modify product: Uncharacterized protein YjdJ => putative protein YjdJ
[00:26:40] Modify product: Uncharacterized MFS-type transporter YhhS => putative MFS-type transporter YhhS
[00:26:40] Modify product: Uncharacterized sugar epimerase YhfK => putative sugar epimerase YhfK
[00:26:40] Modify product: Sulfurtransferase Alvin_2599 => Sulfurtransferase
[00:26:40] Modify product: Probable xanthine dehydrogenase subunit A => putative xanthine dehydrogenase subunit A
[00:26:40] Modify product: Uncharacterized protein YccU => putative protein YccU
[00:26:40] Modify product: Probable chromate transport protein => putative chromate transport protein
[00:26:40] Modify product: Uncharacterized epimerase/dehydratase SA0511 => putative epimerase/dehydratase
[00:26:40] Modify product: Zinc-type alcohol dehydrogenase-like protein SA1988 => Zinc-type alcohol dehydrogenase-like protein
[00:26:40] Modify product: Uncharacterized ABC transporter ATP-binding protein YbiT => putative ABC transporter ATP-binding protein YbiT
[00:26:40] Modify product: Probable ABC transporter phosphite binding protein PhnD1 => putative ABC transporter phosphite binding protein PhnD1
[00:26:40] Modify product: Putative transport protein Rv0205 => Putative transport protein
[00:26:41] Modify product: Probable murein peptide carboxypeptidase => putative murein peptide carboxypeptidase
[00:26:41] Modify product: Uncharacterized ABC transporter ATP-binding protein YxlF => putative ABC transporter ATP-binding protein YxlF
[00:26:41] Modify product: Uncharacterized protein YbbA => putative protein YbbA
[00:26:41] Modify product: Uncharacterized protein YetJ => putative protein YetJ
[00:26:41] Modify product: UPF0435 protein YfkK => hypothetical protein
[00:26:41] Modify product: UPF0761 membrane protein YihY => hypothetical protein
[00:26:41] Modify product: Uncharacterized MFS-type transporter YcaD => putative MFS-type transporter YcaD
[00:26:41] Modify product: Organic hydroperoxide resistance protein-like => Organic hydroperoxide resistance protein-like protein
[00:26:41] Modify product: Uncharacterized protein YfkD => putative protein YfkD
[00:26:41] Modify product: Uncharacterized protein Rv0647c => putative protein
[00:26:41] Modify product: Probable endopeptidase p60 => putative endopeptidase p60
[00:26:41] Modify product: Uncharacterized protein YqbO => putative protein YqbO
[00:26:41] Modify product: Uncharacterized HTH-type transcriptional regulator Rv0474 => putative HTH-type transcriptional regulator
[00:26:41] Modify product: Uncharacterized metal-dependent hydrolase YjjV => putative metal-dependent hydrolase YjjV
[00:26:41] Modify product: UPF0702 transmembrane protein YetF => hypothetical protein
[00:26:41] Modify product: Probable undecaprenyl-phosphate N-acetylglucosaminyl 1-phosphate transferase => putative undecaprenyl-phosphate N-acetylglucosaminyl 1-phosphate transferase
[00:26:41] Modify product: Uncharacterized protein YvyG => putative protein YvyG
[00:26:41] Modify product: Uncharacterized protein YviE => putative protein YviE
[00:26:41] Modify product: Uncharacterized protein YvyC => putative protein YvyC
[00:26:41] Modify product: 1,3-beta-galactosyl-N-acetylhexosamine phosphorylase Cphy3030 => 1,3-beta-galactosyl-N-acetylhexosamine phosphorylase
[00:26:41] Modify product: Probable metallo-hydrolase YflN => putative metallo-hydrolase YflN
[00:26:41] Modify product: Probable protein-export membrane protein SecG => putative protein-export membrane protein SecG
[00:26:41] Modify product: Probable cardiolipin synthase YwiE => putative cardiolipin synthase YwiE
[00:26:41] Modify product: Fatty acid-binding protein TM_1468 => Fatty acid-binding protein
[00:26:41] Modify product: UPF0234 protein Rv0566c => hypothetical protein
[00:26:41] Modify product: Uncharacterized signaling protein PA1727 => putative signaling protein
[00:26:41] Modify product: Uncharacterized protein YisK => putative protein YisK
[00:26:41] Modify product: Probable spore germination protein GerPA => putative spore germination protein GerPA
[00:26:41] Modify product: Probable spore germination protein GerPB => putative spore germination protein GerPB
[00:26:41] Modify product: Probable spore germination protein GerPC => putative spore germination protein GerPC
[00:26:41] Modify product: Probable spore germination protein GerPE => putative spore germination protein GerPE
[00:26:41] Modify product: Probable spore germination protein GerPF => putative spore germination protein GerPF
[00:26:41] Modify product: Uncharacterized protein Rv1339 => putative protein
[00:26:41] Modify product: Probable tryptophan transport protein => putative tryptophan transport protein
[00:26:41] Modify product: Uncharacterized protein YhaN => putative protein YhaN
[00:26:41] Modify product: Uncharacterized metallophosphoesterase YhaO => putative metallophosphoesterase YhaO
[00:26:41] Modify product: Uncharacterized protein YhaP => putative protein YhaP
[00:26:41] Modify product: Probable enoyl-CoA hydratase echA8 => putative enoyl-CoA hydratase echA8
[00:26:41] Modify product: UPF0342 protein YheA => hypothetical protein
[00:26:41] Modify product: Probable cation efflux system protein Rv2025c => putative cation efflux system protein
[00:26:41] Modify product: UPF0053 protein Rv1842c => hypothetical protein
[00:26:41] Modify product: Uncharacterized signaling protein PA1727 => putative signaling protein
[00:26:41] Modify product: Putative transport protein Rv0205 => Putative transport protein
[00:26:41] Modify product: UPF0053 inner membrane protein YoaE => hypothetical protein
[00:26:42] Modify product: Uncharacterized protein YkvT => putative protein YkvT
[00:26:42] Modify product: Uncharacterized protein Rv1507c => putative protein
[00:26:42] Modify product: Probable N-acetyl-alpha-D-glucosaminyl L-malate deacetylase 2 => putative N-acetyl-alpha-D-glucosaminyl L-malate deacetylase 2
[00:26:42] Modify product: Probable 2-phosphosulfolactate phosphatase => putative 2-phosphosulfolactate phosphatase
[00:26:42] Modify product: Uncharacterized signaling protein CC_0091 => putative signaling protein
[00:26:42] Modify product: Uncharacterized transporter Rv2685 => putative transporter
[00:26:42] Modify product: Uncharacterized protein Rv2581c => putative protein
[00:26:42] Modify product: Sulfurtransferase Alvin_2599 => Sulfurtransferase
[00:26:42] Modify product: Putative esterase PA1618 => Putative esterase
[00:26:42] Modify product: Uncharacterized protein YuiC => putative protein YuiC
[00:26:42] Modify product: NADH dehydrogenase-like protein SA0802 => NADH dehydrogenase-like protein
[00:26:42] Modify product: Protein aq_1857 => Protein
[00:26:42] Modify product: NADH dehydrogenase-like protein SA0802 => NADH dehydrogenase-like protein
[00:26:42] Modify product: Uncharacterized protein YpjQ => putative protein YpjQ
[00:26:42] Modify product: UPF0331 protein YutE => hypothetical protein
[00:26:42] Modify product: Uncharacterized protein YutD => putative protein YutD
[00:26:42] Modify product: Cyclic di-GMP phosphodiesterase PA4108 => Cyclic di-GMP phosphodiesterase
[00:26:42] Modify product: Putative multidrug export ATP-binding/permease protein SA1683 => Putative multidrug export ATP-binding/permease protein
[00:26:42] Modify product: UPF0374 protein SP_1903 => hypothetical protein
[00:26:42] Modify product: Uncharacterized protein YfhS => putative protein YfhS
[00:26:42] Modify product: Uncharacterized protein YfhP => putative protein YfhP
[00:26:42] Modify product: Uncharacterized protein YfhH => putative protein YfhH
[00:26:42] Modify product: Epimerase family protein SA0724 => Epimerase family protein
[00:26:42] Modify product: Probable transcriptional regulatory protein pdtaR => putative transcriptional regulatory protein pdtaR
[00:26:42] Modify product: Uncharacterized ABC transporter ATP-binding protein TM_0288 => putative ABC transporter ATP-binding protein
[00:26:42] Modify product: Uncharacterized ABC transporter ATP-binding protein Rv1273c => putative ABC transporter ATP-binding protein
[00:26:42] Modify product: Uncharacterized oxidoreductase Rv1144 => putative oxidoreductase
[00:26:42] Modify product: UPF0394 inner membrane protein YedE => hypothetical protein
[00:26:42] Modify product: Uncharacterized protein YizA => putative protein YizA
[00:26:42] Modify product: Uncharacterized signaling protein PA1727 => putative signaling protein
[00:26:42] Modify product: UPF0442 protein YjjB => hypothetical protein
[00:26:42] Modify product: Uncharacterized oxidoreductase SpyM50865 => putative oxidoreductase
[00:26:42] Modify product: UPF0073 inner membrane protein YqfA => hypothetical protein
[00:26:42] Modify product: Probable diguanylate cyclase DgcT => putative diguanylate cyclase DgcT
[00:26:42] Modify product: Uncharacterized HTH-type transcriptional regulator YdjF => putative HTH-type transcriptional regulator YdjF
[00:26:42] Modify product: Probable succinyl-CoA:3-ketoacid coenzyme A transferase subunit B => putative succinyl-CoA:3-ketoacid coenzyme A transferase subunit B
[00:26:42] Modify product: Probable aminotransferase Rv3329 => putative aminotransferase
[00:26:42] Modify product: SCO1 protein homolog => SCO1 protein 
[00:26:42] Modify product: DegV domain-containing protein MW1315 => DegV domain-containing protein
[00:26:42] Modify product: Probable Ni/Fe-hydrogenase 1 B-type cytochrome subunit => putative Ni/Fe-hydrogenase 1 B-type cytochrome subunit
[00:26:42] Modify product: UPF0053 inner membrane protein YgdQ => hypothetical protein
[00:26:42] Modify product: UPF0403 protein YphP => hypothetical protein
[00:26:42] Modify product: Uncharacterized protein YedJ => putative protein YedJ
[00:26:42] Modify product: Cyclic di-GMP phosphodiesterase PA4108 => Cyclic di-GMP phosphodiesterase
[00:26:42] Modify product: Probable ATP-dependent helicase DinG homolog => putative ATP-dependent helicase DinG 
[00:26:42] Modify product: UPF0398 protein YpsA => hypothetical protein
[00:26:42] Modify product: Uncharacterized protein YppE => putative protein YppE
[00:26:43] Modify product: UPF0702 transmembrane protein YetF => hypothetical protein
[00:26:43] Modify product: Uncharacterized AAA domain-containing protein Rv2559c => putative AAA domain-containing protein
[00:26:43] Modify product: Putative transport protein Rv0205 => Putative transport protein
[00:26:43] Modify product: UPF0297 protein SA1445 => hypothetical protein
[00:26:43] Modify product: UPF0473 protein SP_0194 => hypothetical protein
[00:26:43] Modify product: Uncharacterized protease YdcP => putative protease YdcP
[00:26:43] Modify product: Uncharacterized protease YdcP => putative protease YdcP
[00:26:43] Modify product: Uncharacterized methyltransferase YrrT => putative methyltransferase YrrT
[00:26:43] Modify product: Uncharacterized protein YqeH => putative protein YqeH
[00:26:43] Modify product: Uncharacterized protein YqeN => putative protein YqeN
[00:26:43] Modify product: Uncharacterized protein YqeY => putative protein YqeY
[00:26:43] Modify product: UPF0365 protein SA1402 => hypothetical protein
[00:26:43] Modify product: UPF0178 protein YaiI => hypothetical protein
[00:26:43] Modify product: GTP cyclohydrolase 1 type 2 homolog => GTP cyclohydrolase 1 type 2 
[00:26:43] Modify product: Probable endonuclease 4 => putative endonuclease 4
[00:26:43] Modify product: Nucleotidase CA_C3379 => Nucleotidase
[00:26:43] Modify product: Phosphate-specific transport system accessory protein PhoU homolog => Phosphate-specific transport system accessory protein PhoU 
[00:26:43] Modify product: Uncharacterized protein YqgN => putative protein YqgN
[00:26:43] Modify product: Uncharacterized protein YqgQ => putative protein YqgQ
[00:26:43] Modify product: Probable glycine dehydrogenase (decarboxylating) subunit 1 => putative glycine dehydrogenase (decarboxylating) subunit 1
[00:26:43] Modify product: Probable glycine dehydrogenase (decarboxylating) subunit 2 => putative glycine dehydrogenase (decarboxylating) subunit 2
[00:26:43] Modify product: Sulfurtransferase Alvin_2599 => Sulfurtransferase
[00:26:43] Modify product: Sulfurtransferase Alvin_2599 => Sulfurtransferase
[00:26:43] Modify product: Uncharacterized protein Spy1535 => putative protein
[00:26:43] Modify product: Bifunctional protein FolD => Bifunctional protein FolD protein
[00:26:43] Modify product: Probable GTPase Rv1496 => putative GTPase
[00:26:43] Modify product: UPF0403 protein SA1345 => hypothetical protein
[00:26:43] Modify product: Acetyltransferase Atu2258 => Acetyltransferase
[00:26:43] Modify product: Uncharacterized oxidoreductase SA2266 => putative oxidoreductase
[00:26:43] Modify product: Probable manganese catalase => putative manganese catalase
[00:26:43] Modify product: GTP cyclohydrolase 1 type 2 homolog => GTP cyclohydrolase 1 type 2 
[00:26:43] Modify product: Probable metallo-hydrolase YflN => putative metallo-hydrolase YflN
[00:26:43] Modify product: Probable ABC transporter ATP-binding protein NosF => putative ABC transporter ATP-binding protein NosF
[00:26:43] Modify product: Uncharacterized protein YwmB => putative protein YwmB
[00:26:43] Modify product: Uncharacterized protein BHWA1_00569 => putative protein
[00:26:43] Modify product: Uncharacterized N-acetyltransferase YycN => putative N-acetyltransferase YycN
[00:26:43] Modify product: Uncharacterized ABC transporter ATP-binding protein YxlF => putative ABC transporter ATP-binding protein YxlF
[00:26:43] Modify product: Uncharacterized transmembrane protein YxlG => putative transmembrane protein YxlG
[00:26:43] Modify product: Uncharacterized protein YqjY => putative protein YqjY
[00:26:43] Modify product: Uncharacterized protein YtmB => putative protein YtmB
[00:26:43] Modify product: Uncharacterized FAD-linked oxidoreductase Rv2280 => putative FAD-linked oxidoreductase
[00:26:43] Modify product: Sulfurtransferase Alvin_2599 => Sulfurtransferase
[00:26:43] Modify product: Uncharacterized protein HI_0933 => putative protein
[00:26:43] Modify product: Uncharacterized HTH-type transcriptional regulator YtzE => putative HTH-type transcriptional regulator YtzE
[00:26:44] Modify product: Putative dipeptidase SACOL1801 => Putative dipeptidase
[00:26:44] Modify product: Probable quorum-quenching lactonase YtnP => putative quorum-quenching lactonase YtnP
[00:26:44] Modify product: UPF0354 protein SA1564 => hypothetical protein
[00:26:44] Modify product: Uncharacterized ABC transporter ATP-binding protein YknY => putative ABC transporter ATP-binding protein YknY
[00:26:44] Modify product: Uncharacterized ABC transporter permease YknZ => putative ABC transporter permease YknZ
[00:26:44] Modify product: UPF0478 protein SA1560 => hypothetical protein
[00:26:44] Modify product: Probable HTH-type transcriptional regulator YttP => putative HTH-type transcriptional regulator YttP
[00:26:44] Modify product: Probable tRNA sulfurtransferase => putative tRNA sulfurtransferase
[00:26:44] Modify product: Uncharacterized spore protein YtfJ => putative spore protein YtfJ
[00:26:44] Modify product: Putative universal stress protein SA1532 => Putative universal stress protein
[00:26:44] Modify product: UPF0173 metal-dependent hydrolase SA1529 => hypothetical protein
[00:26:44] Modify product: UPF0716 protein FxsA => hypothetical protein
[00:26:44] Modify product: Probable enoyl-CoA hydratase => putative enoyl-CoA hydratase
[00:26:44] Modify product: Uncharacterized protein YslB => putative protein YslB
[00:26:44] Modify product: Putative esterase aq_1494 => Putative esterase
[00:26:44] Modify product: Uncharacterized HTH-type transcriptional regulator YusO => putative HTH-type transcriptional regulator YusO
[00:26:44] Modify product: Putative metallophosphoesterase MG207 homolog => Putative metallophosphoesterase MG207 
[00:26:44] Modify product: Probable GTP-binding protein EngB => putative GTP-binding protein EngB
[00:26:44] Modify product: UPF0758 protein YsxA => hypothetical protein
[00:26:44] Modify product: Uncharacterized protein YaaQ => putative protein YaaQ
[00:26:44] Modify product: UPF0213 protein BH0048 => hypothetical protein
[00:26:44] Modify product: Uncharacterized metal-dependent hydrolase YcfH => putative metal-dependent hydrolase YcfH
[00:26:44] Modify product: Uncharacterized protein HP_1423 => putative protein
[00:26:44] Modify product: Uncharacterized ABC transporter ATP-binding protein YheS => putative ABC transporter ATP-binding protein YheS
[00:26:44] Modify product: Probable malate:quinone oxidoreductase 1 => putative malate:quinone oxidoreductase 1
[00:26:44] Modify product: Probable siderophore-binding lipoprotein YfiY => putative siderophore-binding lipoprotein YfiY
[00:26:44] Modify product: Probable siderophore transport system permease protein YfiZ => putative siderophore transport system permease protein YfiZ
[00:26:44] Modify product: Probable siderophore transport system permease protein YfhA => putative siderophore transport system permease protein YfhA
[00:26:44] Modify product: Probable siderophore transport system ATP-binding protein YusV => putative siderophore transport system ATP-binding protein YusV
[00:26:44] Modify product: Uncharacterized ABC transporter ATP-binding protein YxlF => putative ABC transporter ATP-binding protein YxlF
[00:26:44] Modify product: Probable ABC transporter permease protein NosY => putative ABC transporter permease protein NosY
[00:26:44] Modify product: Probable ABC transporter binding protein NosD => putative ABC transporter binding protein NosD
[00:26:44] Modify product: Putative DNA-binding protein Rv0500A => Putative DNA-binding proteinA
[00:26:44] Modify product: UPF0053 inner membrane protein YgdQ => hypothetical protein
[00:26:44] Modify product: Probable ABC transporter ATP-binding protein NosF => putative ABC transporter ATP-binding protein NosF
[00:26:44] Modify product: Calcium-transporting ATPase lmo0841 => Calcium-transporting ATPase
[00:26:44] Modify product: Probable capsular polysaccharide biosynthesis protein YwqC => putative capsular polysaccharide biosynthesis protein YwqC
[00:26:44] Modify product: Uncharacterized sugar transferase EpsL => putative sugar transferase EpsL
[00:26:44] Modify product: PTS system EIIBC component SA0186 => PTS system EIIBC component
[00:26:45] Modify product: TelA-like protein SA1238 => TelA-like protein
[00:26:45] Modify product: Uncharacterized protein YpoC => putative protein YpoC
[00:26:45] Modify product: Uncharacterized protein YpmB => putative protein YpmB
[00:26:45] Modify product: Probable ATP-dependent helicase DinG homolog => putative ATP-dependent helicase DinG 
[00:26:45] Modify product: Uncharacterized protein YpjD => putative protein YpjD
[00:26:45] Modify product: UPF0302 protein BA_1542/GBAA_1542/BAS1430 => hypothetical protein
[00:26:45] Modify product: UPF0702 transmembrane protein YetF => hypothetical protein
[00:26:45] Modify product: Probable ATP-dependent RNA helicase YfmL => putative ATP-dependent RNA helicase YfmL
[00:26:45] Modify product: Probable cyclic di-GMP phosphodiesterase VC_1348 => putative cyclic di-GMP phosphodiesterase
[00:26:45] Modify product: Transcriptional repressor SmtB homolog => Transcriptional repressor SmtB 
[00:26:45] Modify product: Probable siderophore transport system permease protein YfhA => putative siderophore transport system permease protein YfhA
[00:26:45] Modify product: Probable siderophore transport system ATP-binding protein YusV => putative siderophore transport system ATP-binding protein YusV
[00:26:45] Modify product: UPF0271 protein YbgL => hypothetical protein
[00:26:45] Modify product: Probable glutamate/gamma-aminobutyrate antiporter => putative glutamate/gamma-aminobutyrate antiporter
[00:26:45] Modify product: UPF0340 protein YwlG => hypothetical protein
[00:26:45] Modify product: Sulfurtransferase Alvin_2599 => Sulfurtransferase
[00:26:45] Modify product: Sulfurtransferase Alvin_2599 => Sulfurtransferase
[00:26:45] Modify product: Probable tRNA-dihydrouridine synthase => putative tRNA-dihydrouridine synthase
[00:26:45] Modify product: Probable serine/threonine-protein kinase YabT => putative serine/threonine-protein kinase YabT
[00:26:45] Modify product: Uncharacterized oxidoreductase CzcO => putative oxidoreductase CzcO
[00:26:45] Modify product: Putative DNA-binding protein Rv0500A => Putative DNA-binding proteinA
[00:26:45] Modify product: UPF0299 membrane protein YohJ => hypothetical protein
[00:26:45] Modify product: Uncharacterized ABC transporter ATP-binding protein YxlF => putative ABC transporter ATP-binding protein YxlF
[00:26:45] Modify product: Probable undecaprenyl-phosphate N-acetylglucosaminyl 1-phosphate transferase => putative undecaprenyl-phosphate N-acetylglucosaminyl 1-phosphate transferase
[00:26:45] Modify product: Uncharacterized glycosyltransferase EpsJ => putative glycosyltransferase EpsJ
[00:26:45] Modify product: Uncharacterized ABC transporter ATP-binding protein Rv0986 => putative ABC transporter ATP-binding protein
[00:26:45] Modify product: Probable protein kinase UbiB => putative protein kinase UbiB
[00:26:45] Modify product: Uncharacterized N-acetyltransferase YjcF => putative N-acetyltransferase YjcF
[00:26:45] Modify product: Probable adenylyl-sulfate kinase => putative adenylyl-sulfate kinase
[00:26:45] Modify product: UPF0413 protein YjbH => hypothetical protein
[00:26:45] Modify product: Probable cardiolipin synthase YwiE => putative cardiolipin synthase YwiE
[00:26:45] Modify product: Purine-binding protein BAB2_0673 => Purine-binding protein
[00:26:45] Modify product: Uncharacterized protein YkvT => putative protein YkvT
[00:26:45] Modify product: Uncharacterized transmembrane protein YxlG => putative transmembrane protein YxlG
[00:26:45] Modify product: Uncharacterized ABC transporter ATP-binding protein YxlF => putative ABC transporter ATP-binding protein YxlF
[00:26:45] Modify product: Uncharacterized HTH-type transcriptional regulator MT0088 => putative HTH-type transcriptional regulator
[00:26:46] Modify product: UPF0167 protein CbrC => hypothetical protein
[00:26:46] Modify product: Uncharacterized protein YueI => putative protein YueI
[00:26:46] Modify product: Nucleoid-associated protein Cthe_2143 => Nucleoid-associated protein
[00:26:46] Modify product: Uncharacterized response regulatory protein SACOL0201 => putative response regulatory protein
[00:26:46] Modify product: Uncharacterized sensor-like histidine kinase SACOL0202 => putative sensor-like histidine kinase
[00:26:46] Modify product: Uncharacterized protein Rv2715 => putative protein
[00:26:46] Modify product: Uncharacterized protein BA_2834/GBAA_2834/BAS2643 => putative protein/GBAA_2834/BAS2643
[00:26:46] Modify product: Uncharacterized acyl-CoA thioester hydrolase HI_0827 => putative acyl-CoA thioester hydrolase
[00:26:46] Modify product: Uncharacterized protease YdeA => putative protease YdeA
[00:26:46] Modify product: Uncharacterized HTH-type transcriptional regulator HI_0186 => putative HTH-type transcriptional regulator
[00:26:46] Modify product: Probable enoyl-CoA hydratase echA8 => putative enoyl-CoA hydratase echA8
[00:26:46] Modify product: Uncharacterized protein Rv0887c => putative protein
[00:26:46] Modify product: Pentapeptide repeat protein VPA0095 => Pentapeptide repeat protein
[00:26:46] Modify product: Uncharacterized protein YjoA => putative protein YjoA
[00:26:46] Modify product: Uncharacterized protein YndB => putative protein YndB
[00:26:46] Modify product: Uncharacterized ABC transporter permease Rv0072 => putative ABC transporter permease
[00:26:46] Modify product: Putative monooxygenase Rv1533 => Putative monooxygenase
[00:26:46] Modify product: Probable ABC transporter ATP-binding protein NosF => putative ABC transporter ATP-binding protein NosF
[00:26:46] Modify product: Uncharacterized glycosyltransferase YkoT => putative glycosyltransferase YkoT
[00:26:46] Modify product: UPF0053 protein Rv1842c => hypothetical protein
[00:26:46] Modify product: UPF0702 transmembrane protein YetF => hypothetical protein
[00:26:46] Modify product: Uncharacterized protein SA1186 => putative protein
[00:26:46] Modify product: Uncharacterized protein YisK => putative protein YisK
[00:26:46] Modify product: NAD(P)H-dependent FAD/FMN reductase GTNG_3158 => NAD(P)H-dependent FAD/FMN reductase
[00:26:46] Modify product: Solute-binding protein SPO1773 => Solute-binding protein
[00:26:46] Modify product: Uncharacterized protein YdhK => putative protein YdhK
[00:26:46] Modify product: Uncharacterized protein M6_Spy0233 => putative protein
[00:26:46] Modify product: Uncharacterized inner membrane transporter YicL => putative inner membrane transporter YicL
[00:26:46] Modify product: NADH dehydrogenase-like protein SA0802 => NADH dehydrogenase-like protein
[00:26:46] Modify product: Uncharacterized signaling protein CC_0091 => putative signaling protein
[00:26:46] Modify product: Uncharacterized EAL-domain containing protein YkuI => putative EAL-domain containing protein YkuI
[00:26:46] Modify product: Uncharacterized protein YkuJ => putative protein YkuJ
[00:26:47] Modify product: UPF0356 protein SP_0122 => hypothetical protein
[00:26:47] Modify product: UPF0223 protein BH2638 => hypothetical protein
[00:26:47] Modify product: UPF0637 protein YktB => hypothetical protein
[00:26:47] Modify product: UPF0358 protein YlaN => hypothetical protein
[00:26:47] Modify product: Probable peptidoglycan glycosyltransferase FtsW => putative peptidoglycan glycosyltransferase FtsW
[00:26:47] Modify product: Uncharacterized NTE family protein Rv1063c => putative NTE family protein
[00:26:47] Modify product: Uncharacterized protein YlbL => putative protein YlbL
[00:26:47] Modify product: UPF0348 protein SP_1742 => hypothetical protein
[00:26:47] Modify product: Uncharacterized N-acetyltransferase YlbP => putative N-acetyltransferase YlbP
[00:26:47] Modify product: Probable 2-dehydropantoate 2-reductase => putative 2-dehydropantoate 2-reductase
[00:26:47] Modify product: Probable peptidoglycan glycosyltransferase FtsW => putative peptidoglycan glycosyltransferase FtsW
[00:26:47] Modify product: UPF0749 protein YlxW => hypothetical protein
[00:26:47] Modify product: Uncharacterized protein YloA => putative protein YloA
[00:26:47] Modify product: UPF0701 protein HI_0467 => hypothetical protein
[00:26:47] Modify product: Probable dual-specificity RNA methyltransferase RlmN => putative dual-specificity RNA methyltransferase RlmN
[00:26:47] Modify product: Uncharacterized protein Spy1614 => putative protein
[00:26:47] Modify product: Uncharacterized protein SA1069 => putative protein
[00:26:47] Modify product: UPF0122 protein SAV1236 => hypothetical protein
[00:26:47] Modify product: UPF0109 protein Rv2908c => hypothetical protein
[00:26:47] Modify product: Probable ATP synthase YscN => putative ATP synthase YscN
[00:26:47] Modify product: Probable ribosomal protein YlxQ => putative ribosomal protein YlxQ
[00:26:47] Modify product: Uncharacterized zinc protease Rv2782c => putative zinc protease
[00:26:47] Modify product: Uncharacterized protein YflH => putative protein YflH
[00:26:47] Modify product: Uncharacterized protein YmcA => putative protein YmcA
[00:26:47] Modify product: Resolvase homolog YneB => Resolvase YneB
[00:26:47] Modify product: UPF0291 protein YnzC => hypothetical protein
[00:26:47] Modify product: UPF0154 protein SA1178 => hypothetical protein
[00:26:47] Modify product: Probable multidrug resistance ABC transporter ATP-binding/permease protein YheI => putative multidrug resistance ABC transporter ATP-binding/permease protein YheI
[00:26:47] Modify product: Probable multidrug resistance ABC transporter ATP-binding/permease protein YheH => putative multidrug resistance ABC transporter ATP-binding/permease protein YheH
[00:26:47] Modify product: Uncharacterized membrane protein YuaF => putative membrane protein YuaF
[00:26:47] Modify product: Uncharacterized protein YpuA => putative protein YpuA
[00:26:47] Modify product: Uncharacterized hydrolase HI_0588 => putative hydrolase
[00:26:47] Modify product: Uncharacterized HTH-type transcriptional regulator YusO => putative HTH-type transcriptional regulator YusO
[00:26:47] Modify product: Sulfurtransferase Alvin_2599 => Sulfurtransferase
[00:26:47] Cleaned 352 /product names
[00:26:47] Deleting unwanted file: bacillus_zeae-assembly.fna.prokka_annotation/sprot.faa
[00:26:47] Deleting unwanted file: bacillus_zeae-assembly.fna.prokka_annotation/sprot.blast
[00:26:48] There are still 1645 unannotated CDS left (started with 4282)
[00:26:48] Will use hmmer3 to search against /home/basu/anaconda3/bin/../db/hmm/HAMAP.hmm with 1 CPUs
[00:26:48] Running: cat bacillus_zeae\-assembly\.fna\.prokka_annotation\/HAMAP\.hmm\.faa | parallel --gnu --plain -j 1 --block 150127 --recstart '>' --pipe hmmscan --noali --notextw --acc -E 1e-06 --cpu 1 /home/basu/anaconda3/bin/../db/hmm/HAMAP.hmm /dev/stdin > bacillus_zeae\-assembly\.fna\.prokka_annotation\/HAMAP\.hmm\.hmmer3 2> /dev/null
[00:28:00] Modify product: Uncharacterized Nudix hydrolase NudL => putative Nudix hydrolase NudL
[00:28:00] Modify product: Protein SprT-like => Protein SprT-like protein
[00:28:01] Cleaned 2 /product names
[00:28:01] Deleting unwanted file: bacillus_zeae-assembly.fna.prokka_annotation/HAMAP.hmm.faa
[00:28:01] Deleting unwanted file: bacillus_zeae-assembly.fna.prokka_annotation/HAMAP.hmm.hmmer3
[00:28:01] Labelling remaining 1581 proteins as 'hypothetical protein'
[00:28:01] Possible /pseudo 'High-affinity branched-chain amino acid transport system permease protein LivH' at NZ_QWVT01000011.1 position 96469
[00:28:01] Possible /pseudo 'Formate dehydrogenase subunit alpha' at NZ_QWVT01000011.1 position 144665
[00:28:01] Possible /pseudo 'Molybdopterin molybdenumtransferase' at NZ_QWVT01000011.1 position 151731
[00:28:01] Possible /pseudo 'Acyl-CoA dehydrogenase' at NZ_QWVT01000011.1 position 184159
[00:28:01] Possible /pseudo 'L-lactate dehydrogenase 1' at NZ_QWVT01000012.1 position 50765
[00:28:01] Possible /pseudo 'Putative fluoride ion transporter CrcB' at NZ_QWVT01000015.1 position 91067
[00:28:01] Possible /pseudo 'Phosphate-import permease protein PhnE' at NZ_QWVT01000015.1 position 329589
[00:28:01] Possible /pseudo 'Endospore coat-associated protein YheD' at NZ_QWVT01000019.1 position 105862
[00:28:01] Possible /pseudo 'Endospore coat-associated protein YheD' at NZ_QWVT01000019.1 position 106940
[00:28:01] Possible /pseudo 'Endospore coat-associated protein YheD' at NZ_QWVT01000019.1 position 108298
[00:28:01] Possible /pseudo 'Penicillin-binding protein 1A/1B' at NZ_QWVT01000019.1 position 118184
[00:28:01] Possible /pseudo 'putative ABC transporter ATP-binding protein' at NZ_QWVT01000021.1 position 47204
[00:28:01] Possible /pseudo 'Lysine-specific permease' at NZ_QWVT01000021.1 position 68595
[00:28:01] Possible /pseudo 'putative protease YdcP' at NZ_QWVT01000024.1 position 43258
[00:28:01] Possible /pseudo 'Flagellar basal-body rod protein FlgG' at NZ_QWVT01000027.1 position 23876
[00:28:01] Possible /pseudo 'Nucleoside permease NupC' at NZ_QWVT01000029.1 position 143824
[00:28:01] Possible /pseudo 'Quinolinate synthase A' at NZ_QWVT01000029.1 position 319268
[00:28:01] Possible /pseudo 'Sulfurtransferase' at NZ_QWVT01000039.1 position 33091
[00:28:01] Possible /pseudo 'Threonine--tRNA ligase 2' at NZ_QWVT01000045.1 position 11338
[00:28:01] Possible /pseudo 'Threonine--tRNA ligase 2' at NZ_QWVT01000045.1 position 12177
[00:28:01] Possible /pseudo 'Putative endo-beta-N-acetylglucosaminidase' at NZ_QWVT01000049.1 position 28289
[00:28:01] Possible /pseudo 'Teichoic acid poly(glycerol phosphate) polymerase' at NZ_QWVT01000049.1 position 39923
[00:28:01] Possible /pseudo 'Ammonium/H(+) antiporter subunit AmhT' at NZ_QWVT01000058.1 position 7532
[00:28:01] Possible /pseudo 'Tyrosine recombinase XerC' at NZ_QWVT01000064.1 position 3899
[00:28:01] Possible /pseudo 'putative protein' at NZ_QWVT01000008.1 position 259239
[00:28:01] Possible /pseudo 'Fe(2+) transporter FeoB' at NZ_QWVT01000009.1 position 28341
[00:28:01] Found 1986 unique /gene codes.
[00:28:01] Fixed 2 duplicate /gene - ricR_1 ricR_2
[00:28:01] Fixed 2 duplicate /gene - ltaS1_1 ltaS1_2
[00:28:01] Fixed 2 duplicate /gene - pdhA_1 pdhA_2
[00:28:01] Fixed 2 duplicate /gene - polA_1 polA_2
[00:28:01] Fixed 2 duplicate /gene - zupT_1 zupT_2
[00:28:01] Fixed 3 duplicate /gene - lipC_1 lipC_2 lipC_3
[00:28:01] Fixed 2 duplicate /gene - mutS2_1 mutS2_2
[00:28:01] Fixed 3 duplicate /gene - dppB_1 dppB_2 dppB_3
[00:28:01] Fixed 2 duplicate /gene - cspC_1 cspC_2
[00:28:01] Fixed 2 duplicate /gene - carD_1 carD_2
[00:28:01] Fixed 2 duplicate /gene - brnQ_1 brnQ_2
[00:28:01] Fixed 2 duplicate /gene - paaI_1 paaI_2
[00:28:01] Fixed 2 duplicate /gene - ykoD_1 ykoD_2
[00:28:01] Fixed 2 duplicate /gene - fdhA_1 fdhA_2
[00:28:01] Fixed 4 duplicate /gene - bshA_1 bshA_2 bshA_3 bshA_4
[00:28:01] Fixed 4 duplicate /gene - pduA_1 pduA_2 pduA_3 pduA_4
[00:28:01] Fixed 2 duplicate /gene - cdr_1 cdr_2
[00:28:01] Fixed 2 duplicate /gene - yxlG_1 yxlG_2
[00:28:01] Fixed 2 duplicate /gene - liaS_1 liaS_2
[00:28:01] Fixed 2 duplicate /gene - lexA_1 lexA_2
[00:28:01] Fixed 2 duplicate /gene - rbsA_1 rbsA_2
[00:28:01] Fixed 2 duplicate /gene - pta_1 pta_2
[00:28:01] Fixed 2 duplicate /gene - nreB_1 nreB_2
[00:28:01] Fixed 2 duplicate /gene - ccmL_1 ccmL_2
[00:28:01] Fixed 2 duplicate /gene - echA8_1 echA8_2
[00:28:01] Fixed 2 duplicate /gene - ccmF_1 ccmF_2
[00:28:01] Fixed 2 duplicate /gene - ythA_1 ythA_2
[00:28:01] Fixed 2 duplicate /gene - yxlE_1 yxlE_2
[00:28:01] Fixed 2 duplicate /gene - spoVK_1 spoVK_2
[00:28:01] Fixed 2 duplicate /gene - walK_1 walK_2
[00:28:01] Fixed 3 duplicate /gene - ymfD_1 ymfD_2 ymfD_3
[00:28:01] Fixed 2 duplicate /gene - ccmC_1 ccmC_2
[00:28:01] Fixed 2 duplicate /gene - nrdZ_1 nrdZ_2
[00:28:01] Fixed 2 duplicate /gene - rocB_1 rocB_2
[00:28:01] Fixed 2 duplicate /gene - nreC_1 nreC_2
[00:28:01] Fixed 3 duplicate /gene - dnaC_1 dnaC_2 dnaC_3
[00:28:01] Fixed 2 duplicate /gene - acsA_1 acsA_2
[00:28:01] Fixed 2 duplicate /gene - vanW_1 vanW_2
[00:28:01] Fixed 2 duplicate /gene - speE_1 speE_2
[00:28:01] Fixed 2 duplicate /gene - comK_1 comK_2
[00:28:01] Fixed 2 duplicate /gene - sdhC_1 sdhC_2
[00:28:01] Fixed 2 duplicate /gene - ugpA_1 ugpA_2
[00:28:01] Fixed 2 duplicate /gene - hag_1 hag_2
[00:28:01] Fixed 2 duplicate /gene - porC_1 porC_2
[00:28:01] Fixed 2 duplicate /gene - ywiE_1 ywiE_2
[00:28:01] Fixed 3 duplicate /gene - feoB_1 feoB_2 feoB_3
[00:28:01] Fixed 2 duplicate /gene - gpmI_1 gpmI_2
[00:28:01] Fixed 2 duplicate /gene - galE_1 galE_2
[00:28:01] Fixed 3 duplicate /gene - bmr3_1 bmr3_2 bmr3_3
[00:28:01] Fixed 2 duplicate /gene - kynB_1 kynB_2
[00:28:01] Fixed 3 duplicate /gene - cysL_1 cysL_2 cysL_3
[00:28:01] Fixed 3 duplicate /gene - mcpB_1 mcpB_2 mcpB_3
[00:28:01] Fixed 2 duplicate /gene - mutX_1 mutX_2
[00:28:01] Fixed 2 duplicate /gene - comEC_1 comEC_2
[00:28:01] Fixed 2 duplicate /gene - mmgC_1 mmgC_2
[00:28:01] Fixed 2 duplicate /gene - abrB_1 abrB_2
[00:28:01] Fixed 2 duplicate /gene - xre_1 xre_2
[00:28:01] Fixed 2 duplicate /gene - yoaH_1 yoaH_2
[00:28:01] Fixed 2 duplicate /gene - bepA_1 bepA_2
[00:28:01] Fixed 2 duplicate /gene - rnmV_1 rnmV_2
[00:28:01] Fixed 3 duplicate /gene - arcC1_1 arcC1_2 arcC1_3
[00:28:01] Fixed 2 duplicate /gene - patA_1 patA_2
[00:28:01] Fixed 2 duplicate /gene - glgC_1 glgC_2
[00:28:01] Fixed 2 duplicate /gene - dinG_1 dinG_2
[00:28:01] Fixed 2 duplicate /gene - yfkN_1 yfkN_2
[00:28:01] Fixed 2 duplicate /gene - atoS_1 atoS_2
[00:28:01] Fixed 2 duplicate /gene - uvsE_1 uvsE_2
[00:28:01] Fixed 4 duplicate /gene - swrC_1 swrC_2 swrC_3 swrC_4
[00:28:01] Fixed 2 duplicate /gene - rsmH_1 rsmH_2
[00:28:01] Fixed 2 duplicate /gene - glnQ_1 glnQ_2
[00:28:01] Fixed 2 duplicate /gene - guaB_1 guaB_2
[00:28:01] Fixed 2 duplicate /gene - topB_1 topB_2
[00:28:01] Fixed 8 duplicate /gene - ydaF_1 ydaF_2 ydaF_3 ydaF_4 ydaF_5 ydaF_6 ydaF_7 ydaF_8
[00:28:01] Fixed 2 duplicate /gene - yvcA_1 yvcA_2
[00:28:01] Fixed 3 duplicate /gene - ysdC_1 ysdC_2 ysdC_3
[00:28:01] Fixed 2 duplicate /gene - phoP_1 phoP_2
[00:28:01] Fixed 2 duplicate /gene - mcpA_1 mcpA_2
[00:28:01] Fixed 2 duplicate /gene - radD_1 radD_2
[00:28:01] Fixed 2 duplicate /gene - liaR_1 liaR_2
[00:28:01] Fixed 2 duplicate /gene - arcD_1 arcD_2
[00:28:01] Fixed 2 duplicate /gene - speA_1 speA_2
[00:28:01] Fixed 5 duplicate /gene - glpQ_1 glpQ_2 glpQ_3 glpQ_4 glpQ_5
[00:28:01] Fixed 4 duplicate /gene - phoR_1 phoR_2 phoR_3 phoR_4
[00:28:01] Fixed 2 duplicate /gene - ubiE_1 ubiE_2
[00:28:01] Fixed 2 duplicate /gene - tetA_1 tetA_2
[00:28:01] Fixed 2 duplicate /gene - cobD_1 cobD_2
[00:28:01] Fixed 2 duplicate /gene - alaS_1 alaS_2
[00:28:01] Fixed 3 duplicate /gene - plsY_1 plsY_2 plsY_3
[00:28:01] Fixed 2 duplicate /gene - lapB_1 lapB_2
[00:28:01] Fixed 2 duplicate /gene - sigW_1 sigW_2
[00:28:01] Fixed 3 duplicate /gene - pdaA_1 pdaA_2 pdaA_3
[00:28:01] Fixed 3 duplicate /gene - ydgI_1 ydgI_2 ydgI_3
[00:28:01] Fixed 3 duplicate /gene - pdhD_1 pdhD_2 pdhD_3
[00:28:01] Fixed 2 duplicate /gene - crcB_1 crcB_2
[00:28:01] Fixed 4 duplicate /gene - resE_1 resE_2 resE_3 resE_4
[00:28:01] Fixed 5 duplicate /gene - resA_1 resA_2 resA_3 resA_4 resA_5
[00:28:01] Fixed 2 duplicate /gene - pncB2_1 pncB2_2
[00:28:01] Fixed 3 duplicate /gene - nosF_1 nosF_2 nosF_3
[00:28:01] Fixed 2 duplicate /gene - mcp4_1 mcp4_2
[00:28:01] Fixed 2 duplicate /gene - korB_1 korB_2
[00:28:01] Fixed 2 duplicate /gene - yusV_1 yusV_2
[00:28:01] Fixed 2 duplicate /gene - menG_1 menG_2
[00:28:01] Fixed 2 duplicate /gene - arsB_1 arsB_2
[00:28:01] Fixed 2 duplicate /gene - htpX_1 htpX_2
[00:28:01] Fixed 3 duplicate /gene - ybiT_1 ybiT_2 ybiT_3
[00:28:01] Fixed 2 duplicate /gene - acpP_1 acpP_2
[00:28:01] Fixed 2 duplicate /gene - alkA_1 alkA_2
[00:28:01] Fixed 2 duplicate /gene - cpdA_1 cpdA_2
[00:28:01] Fixed 2 duplicate /gene - pleD_1 pleD_2
[00:28:01] Fixed 2 duplicate /gene - ssbA_1 ssbA_2
[00:28:01] Fixed 2 duplicate /gene - graS_1 graS_2
[00:28:01] Fixed 3 duplicate /gene - tatAd_1 tatAd_2 tatAd_3
[00:28:01] Fixed 2 duplicate /gene - nirC_1 nirC_2
[00:28:01] Fixed 2 duplicate /gene - ccsA_1 ccsA_2
[00:28:01] Fixed 2 duplicate /gene - siaM_1 siaM_2
[00:28:01] Fixed 2 duplicate /gene - spo0M_1 spo0M_2
[00:28:01] Fixed 2 duplicate /gene - bchE_1 bchE_2
[00:28:01] Fixed 2 duplicate /gene - betB_1 betB_2
[00:28:01] Fixed 3 duplicate /gene - polC_1 polC_2 polC_3
[00:28:01] Fixed 2 duplicate /gene - arcA_1 arcA_2
[00:28:01] Fixed 2 duplicate /gene - korA_1 korA_2
[00:28:01] Fixed 4 duplicate /gene - azoR2_1 azoR2_2 azoR2_3 azoR2_4
[00:28:01] Fixed 2 duplicate /gene - graR_1 graR_2
[00:28:01] Fixed 2 duplicate /gene - yitU_1 yitU_2
[00:28:01] Fixed 6 duplicate /gene - fabG_1 fabG_2 fabG_3 fabG_4 fabG_5 fabG_6
[00:28:01] Fixed 3 duplicate /gene - merR1_1 merR1_2 merR1_3
[00:28:01] Fixed 2 duplicate /gene - proX_1 proX_2
[00:28:01] Fixed 2 duplicate /gene - carA_1 carA_2
[00:28:01] Fixed 2 duplicate /gene - ypmQ_1 ypmQ_2
[00:28:01] Fixed 2 duplicate /gene - ansZ_1 ansZ_2
[00:28:01] Fixed 2 duplicate /gene - cshE_1 cshE_2
[00:28:01] Fixed 2 duplicate /gene - tycC_1 tycC_2
[00:28:01] Fixed 2 duplicate /gene - yisK_1 yisK_2
[00:28:01] Fixed 2 duplicate /gene - hrp1_1 hrp1_2
[00:28:01] Fixed 2 duplicate /gene - phnE_1 phnE_2
[00:28:01] Fixed 2 duplicate /gene - dat_1 dat_2
[00:28:01] Fixed 2 duplicate /gene - pepF1_1 pepF1_2
[00:28:01] Fixed 2 duplicate /gene - ftsW_1 ftsW_2
[00:28:01] Fixed 3 duplicate /gene - lytB_1 lytB_2 lytB_3
[00:28:01] Fixed 3 duplicate /gene - lpxG_1 lpxG_2 lpxG_3
[00:28:01] Fixed 2 duplicate /gene - crp_1 crp_2
[00:28:01] Fixed 2 duplicate /gene - lutR_1 lutR_2
[00:28:01] Fixed 3 duplicate /gene - actP_1 actP_2 actP_3
[00:28:01] Fixed 2 duplicate /gene - plsC_1 plsC_2
[00:28:01] Fixed 2 duplicate /gene - argR_1 argR_2
[00:28:01] Fixed 2 duplicate /gene - hssR_1 hssR_2
[00:28:01] Fixed 2 duplicate /gene - uppP_1 uppP_2
[00:28:01] Fixed 2 duplicate /gene - dapH_1 dapH_2
[00:28:01] Fixed 2 duplicate /gene - carB_1 carB_2
[00:28:01] Fixed 2 duplicate /gene - sodA_1 sodA_2
[00:28:01] Fixed 2 duplicate /gene - bacE_1 bacE_2
[00:28:01] Fixed 4 duplicate /gene - fnr_1 fnr_2 fnr_3 fnr_4
[00:28:01] Fixed 2 duplicate /gene - yknX_1 yknX_2
[00:28:01] Fixed 3 duplicate /gene - gerAA_1 gerAA_2 gerAA_3
[00:28:01] Fixed 2 duplicate /gene - degU_1 degU_2
[00:28:01] Fixed 2 duplicate /gene - dapA_1 dapA_2
[00:28:01] Fixed 2 duplicate /gene - dedA_1 dedA_2
[00:28:01] Fixed 2 duplicate /gene - rapA_1 rapA_2
[00:28:01] Fixed 3 duplicate /gene - pepT_1 pepT_2 pepT_3
[00:28:01] Fixed 2 duplicate /gene - scoB_1 scoB_2
[00:28:01] Fixed 3 duplicate /gene - lysP_1 lysP_2 lysP_3
[00:28:01] Fixed 2 duplicate /gene - pheT_1 pheT_2
[00:28:01] Fixed 3 duplicate /gene - tuaH_1 tuaH_2 tuaH_3
[00:28:01] Fixed 2 duplicate /gene - livH_1 livH_2
[00:28:01] Fixed 2 duplicate /gene - btuF_1 btuF_2
[00:28:01] Fixed 2 duplicate /gene - dnaG_1 dnaG_2
[00:28:01] Fixed 3 duplicate /gene - gtaB_1 gtaB_2 gtaB_3
[00:28:01] Fixed 5 duplicate /gene - kinE_1 kinE_2 kinE_3 kinE_4 kinE_5
[00:28:01] Fixed 3 duplicate /gene - murJ_1 murJ_2 murJ_3
[00:28:01] Fixed 2 duplicate /gene - ubiB_1 ubiB_2
[00:28:01] Fixed 2 duplicate /gene - clpP_1 clpP_2
[00:28:01] Fixed 2 duplicate /gene - pyrE_1 pyrE_2
[00:28:01] Fixed 4 duplicate /gene - tagF_1 tagF_2 tagF_3 tagF_4
[00:28:01] Fixed 3 duplicate /gene - gloC_1 gloC_2 gloC_3
[00:28:01] Fixed 3 duplicate /gene - yvoA_1 yvoA_2 yvoA_3
[00:28:01] Fixed 3 duplicate /gene - gbsA_1 gbsA_2 gbsA_3
[00:28:01] Fixed 2 duplicate /gene - pbuG_1 pbuG_2
[00:28:01] Fixed 2 duplicate /gene - amhT_1 amhT_2
[00:28:01] Fixed 3 duplicate /gene - pdhC_1 pdhC_2 pdhC_3
[00:28:01] Fixed 2 duplicate /gene - tagO_1 tagO_2
[00:28:01] Fixed 2 duplicate /gene - queC_1 queC_2
[00:28:01] Fixed 2 duplicate /gene - queA_1 queA_2
[00:28:01] Fixed 3 duplicate /gene - ponA_1 ponA_2 ponA_3
[00:28:01] Fixed 2 duplicate /gene - yflN_1 yflN_2
[00:28:01] Fixed 2 duplicate /gene - yycJ_1 yycJ_2
[00:28:01] Fixed 2 duplicate /gene - ileS_1 ileS_2
[00:28:01] Fixed 2 duplicate /gene - pspB_1 pspB_2
[00:28:01] Fixed 2 duplicate /gene - wbgU_1 wbgU_2
[00:28:01] Fixed 3 duplicate /gene - cccA_1 cccA_2 cccA_3
[00:28:01] Fixed 4 duplicate /gene - yheD_1 yheD_2 yheD_3 yheD_4
[00:28:01] Fixed 2 duplicate /gene - cotF_1 cotF_2
[00:28:01] Fixed 2 duplicate /gene - ydcP_1 ydcP_2
[00:28:01] Fixed 3 duplicate /gene - iscS_1 iscS_2 iscS_3
[00:28:01] Fixed 2 duplicate /gene - baeS_1 baeS_2
[00:28:01] Fixed 8 duplicate /gene - xerC_1 xerC_2 xerC_3 xerC_4 xerC_5 xerC_6 xerC_7 xerC_8
[00:28:01] Fixed 2 duplicate /gene - ythB_1 ythB_2
[00:28:01] Fixed 2 duplicate /gene - sinR_1 sinR_2
[00:28:01] Fixed 2 duplicate /gene - yfhA_1 yfhA_2
[00:28:01] Fixed 3 duplicate /gene - glcK_1 glcK_2 glcK_3
[00:28:01] Fixed 2 duplicate /gene - bsn_1 bsn_2
[00:28:01] Fixed 2 duplicate /gene - ccpN_1 ccpN_2
[00:28:01] Fixed 2 duplicate /gene - hssS_1 hssS_2
[00:28:01] Fixed 2 duplicate /gene - rsgA_1 rsgA_2
[00:28:01] Fixed 2 duplicate /gene - puuB_1 puuB_2
[00:28:01] Fixed 2 duplicate /gene - yaaH_1 yaaH_2
[00:28:01] Fixed 2 duplicate /gene - gltT_1 gltT_2
[00:28:01] Fixed 2 duplicate /gene - recQ_1 recQ_2
[00:28:01] Fixed 2 duplicate /gene - udk_1 udk_2
[00:28:01] Fixed 2 duplicate /gene - tadA_1 tadA_2
[00:28:01] Fixed 3 duplicate /gene - cwlC_1 cwlC_2 cwlC_3
[00:28:01] Fixed 3 duplicate /gene - ettA_1 ettA_2 ettA_3
[00:28:01] Fixed 2 duplicate /gene - dnaX_1 dnaX_2
[00:28:01] Fixed 3 duplicate /gene - metG_1 metG_2 metG_3
[00:28:01] Fixed 2 duplicate /gene - spoIIIE_1 spoIIIE_2
[00:28:01] Fixed 2 duplicate /gene - lysC_1 lysC_2
[00:28:01] Fixed 2 duplicate /gene - degA_1 degA_2
[00:28:01] Fixed 2 duplicate /gene - dnaD_1 dnaD_2
[00:28:01] Fixed 2 duplicate /gene - aspA_1 aspA_2
[00:28:01] Fixed 3 duplicate /gene - corA_1 corA_2 corA_3
[00:28:01] Fixed 2 duplicate /gene - ywqF_1 ywqF_2
[00:28:01] Fixed 2 duplicate /gene - rsfA_1 rsfA_2
[00:28:01] Fixed 3 duplicate /gene - degV_1 degV_2 degV_3
[00:28:01] Fixed 2 duplicate /gene - ctaB2_1 ctaB2_2
[00:28:01] Fixed 2 duplicate /gene - yugI_1 yugI_2
[00:28:01] Fixed 2 duplicate /gene - gltC_1 gltC_2
[00:28:01] Fixed 6 duplicate /gene - walR_1 walR_2 walR_3 walR_4 walR_5 walR_6
[00:28:01] Fixed 3 duplicate /gene - proC_1 proC_2 proC_3
[00:28:01] Fixed 3 duplicate /gene - moeA_1 moeA_2 moeA_3
[00:28:01] Fixed 5 duplicate /gene - kinA_1 kinA_2 kinA_3 kinA_4 kinA_5
[00:28:01] Fixed 2 duplicate /gene - mftC_1 mftC_2
[00:28:01] Fixed 2 duplicate /gene - deoD_1 deoD_2
[00:28:01] Fixed 2 duplicate /gene - tatC1_1 tatC1_2
[00:28:01] Fixed 2 duplicate /gene - safA_1 safA_2
[00:28:01] Fixed 2 duplicate /gene - yabJ_1 yabJ_2
[00:28:01] Fixed 2 duplicate /gene - sigD_1 sigD_2
[00:28:01] Fixed 3 duplicate /gene - adhE_1 adhE_2 adhE_3
[00:28:01] Fixed 2 duplicate /gene - dmsB_1 dmsB_2
[00:28:01] Fixed 2 duplicate /gene - pbuO_1 pbuO_2
[00:28:01] Fixed 4 duplicate /gene - oppF_1 oppF_2 oppF_3 oppF_4
[00:28:01] Fixed 3 duplicate /gene - coaE_1 coaE_2 coaE_3
[00:28:01] Fixed 2 duplicate /gene - frdA_1 frdA_2
[00:28:01] Fixed 2 duplicate /gene - malR_1 malR_2
[00:28:01] Fixed 2 duplicate /gene - ktrB_1 ktrB_2
[00:28:01] Fixed 6 duplicate /gene - atoC_1 atoC_2 atoC_3 atoC_4 atoC_5 atoC_6
[00:28:01] Fixed 3 duplicate /gene - yueB_1 yueB_2 yueB_3
[00:28:01] Fixed 3 duplicate /gene - mepA_1 mepA_2 mepA_3
[00:28:01] Fixed 3 duplicate /gene - ytrB_1 ytrB_2 ytrB_3
[00:28:01] Fixed 2 duplicate /gene - acdA_1 acdA_2
[00:28:01] Fixed 2 duplicate /gene - trpB_1 trpB_2
[00:28:01] Fixed 2 duplicate /gene - accC_1 accC_2
[00:28:01] Fixed 2 duplicate /gene - dps_1 dps_2
[00:28:01] Fixed 2 duplicate /gene - isp_1 isp_2
[00:28:01] Fixed 2 duplicate /gene - mhqR_1 mhqR_2
[00:28:01] Fixed 2 duplicate /gene - hisK_1 hisK_2
[00:28:01] Fixed 2 duplicate /gene - ykvT_1 ykvT_2
[00:28:01] Fixed 3 duplicate /gene - yusO_1 yusO_2 yusO_3
[00:28:01] Fixed 2 duplicate /gene - nadA_1 nadA_2
[00:28:01] Fixed 2 duplicate /gene - prsA1_1 prsA1_2
[00:28:01] Fixed 3 duplicate /gene - menH_1 menH_2 menH_3
[00:28:01] Fixed 2 duplicate /gene - frdB_1 frdB_2
[00:28:01] Fixed 2 duplicate /gene - map_1 map_2
[00:28:01] Fixed 2 duplicate /gene - grxC_1 grxC_2
[00:28:01] Fixed 2 duplicate /gene - yknY_1 yknY_2
[00:28:01] Fixed 2 duplicate /gene - murG_1 murG_2
[00:28:01] Fixed 2 duplicate /gene - pduL_1 pduL_2
[00:28:01] Fixed 2 duplicate /gene - rbsC_1 rbsC_2
[00:28:01] Fixed 6 duplicate /gene - yxlF_1 yxlF_2 yxlF_3 yxlF_4 yxlF_5 yxlF_6
[00:28:01] Fixed 2 duplicate /gene - bceB_1 bceB_2
[00:28:01] Fixed 2 duplicate /gene - atoE_1 atoE_2
[00:28:01] Fixed 4 duplicate /gene - trxA_1 trxA_2 trxA_3 trxA_4
[00:28:01] Fixed 2 duplicate /gene - pdtaR_1 pdtaR_2
[00:28:01] Fixed 2 duplicate /gene - lcfB_1 lcfB_2
[00:28:01] Fixed 3 duplicate /gene - trxB_1 trxB_2 trxB_3
[00:28:01] Fixed 3 duplicate /gene - thrZ_1 thrZ_2 thrZ_3
[00:28:01] Fixed 2 duplicate /gene - ccmE_1 ccmE_2
[00:28:01] Fixed 2 duplicate /gene - yndE_1 yndE_2
[00:28:01] Fixed 2 duplicate /gene - malL_1 malL_2
[00:28:01] Fixed 2 duplicate /gene - yrdA_1 yrdA_2
[00:28:01] Fixed 3 duplicate /gene - fadR_1 fadR_2 fadR_3
[00:28:01] Fixed 2 duplicate /gene - lutA_1 lutA_2
[00:28:01] Fixed 4 duplicate /gene - srrA_1 srrA_2 srrA_3 srrA_4
[00:28:01] Fixed 2 duplicate /gene - hisC_1 hisC_2
[00:28:01] Fixed 2 duplicate /gene - glnK_1 glnK_2
[00:28:01] Fixed 3 duplicate /gene - rimI_1 rimI_2 rimI_3
[00:28:01] Fixed 2 duplicate /gene - glmU_1 glmU_2
[00:28:01] Fixed 6 duplicate /gene - natA_1 natA_2 natA_3 natA_4 natA_5 natA_6
[00:28:01] Fixed 2 duplicate /gene - dppC_1 dppC_2
[00:28:01] Fixed 2 duplicate /gene - mdeA_1 mdeA_2
[00:28:01] Fixed 2 duplicate /gene - cheW_1 cheW_2
[00:28:01] Fixed 3 duplicate /gene - yocH_1 yocH_2 yocH_3
[00:28:01] Fixed 2 duplicate /gene - arcB_1 arcB_2
[00:28:01] Fixed 3 duplicate /gene - ywaD_1 ywaD_2 ywaD_3
[00:28:01] Fixed 2 duplicate /gene - yvqK_1 yvqK_2
[00:28:01] Fixed 2 duplicate /gene - rlmCD_1 rlmCD_2
[00:28:01] Fixed 3 duplicate /gene - sdpR_1 sdpR_2 sdpR_3
[00:28:01] Fixed 3 duplicate /gene - rluD_1 rluD_2 rluD_3
[00:28:01] Fixed 2 duplicate /gene - gerBA_1 gerBA_2
[00:28:01] Fixed 2 duplicate /gene - ogt_1 ogt_2
[00:28:01] Fixed 2 duplicate /gene - nupC_1 nupC_2
[00:28:01] Fixed 2 duplicate /gene - acp_1 acp_2
[00:28:01] Fixed 2 duplicate /gene - ktrA_1 ktrA_2
[00:28:01] Fixed 2 duplicate /gene - aseR_1 aseR_2
[00:28:01] Fixed 2 duplicate /gene - dacB_1 dacB_2
[00:28:01] Fixed 4 duplicate /gene - kstR2_1 kstR2_2 kstR2_3 kstR2_4
[00:28:01] Fixed 3 duplicate /gene - sigV_1 sigV_2 sigV_3
[00:28:01] Fixed 3 duplicate /gene - hin_1 hin_2 hin_3
[00:28:01] Fixed 3 duplicate /gene - ldh1_1 ldh1_2 ldh1_3
[00:28:01] Fixed 2 duplicate /gene - crt_1 crt_2
[00:28:01] Fixed 2 duplicate /gene - dinB_1 dinB_2
[00:28:01] Fixed 2 duplicate /gene - msmE_1 msmE_2
[00:28:01] Fixed 2 duplicate /gene - hom_1 hom_2
[00:28:01] Fixed 3 duplicate /gene - oppD_1 oppD_2 oppD_3
[00:28:01] Fixed 2 duplicate /gene - drrA_1 drrA_2
[00:28:01] Fixed 2 duplicate /gene - yqfL_1 yqfL_2
[00:28:01] Fixed 2 duplicate /gene - ftsH_1 ftsH_2
[00:28:01] Fixed 2 duplicate /gene - araQ_1 araQ_2
[00:28:01] Fixed 2 duplicate /gene - bioY_1 bioY_2
[00:28:01] Fixed 2 duplicate /gene - bioB_1 bioB_2
[00:28:01] Fixed 2 duplicate /gene - rocR_1 rocR_2
[00:28:01] Fixed 2 duplicate /gene - acyP_1 acyP_2
[00:28:01] Fixed 2 duplicate /gene - ecfT_1 ecfT_2
[00:28:01] Fixed 3 duplicate /gene - flgG_1 flgG_2 flgG_3
[00:28:01] Fixed 2 duplicate /gene - metC_1 metC_2
[00:28:01] Fixed 2 duplicate /gene - gluP_1 gluP_2
[00:28:01] Fixed 4 duplicate /gene - aaaT_1 aaaT_2 aaaT_3 aaaT_4
[00:28:01] Fixed 2 duplicate /gene - tcyB_1 tcyB_2
[00:28:01] Fixed 2 duplicate /gene - bshB2_1 bshB2_2
[00:28:01] Fixed 2 duplicate /gene - galT_1 galT_2
[00:28:01] Fixed 2 duplicate /gene - pdhB_1 pdhB_2
[00:28:01] Fixed 2 duplicate /gene - ribF_1 ribF_2
[00:28:01] Fixed 4 duplicate /gene - cheY_1 cheY_2 cheY_3 cheY_4
[00:28:01] Fixed 3 duplicate /gene - ytrA_1 ytrA_2 ytrA_3
[00:28:01] Fixed 3 duplicate /gene - entS_1 entS_2 entS_3
[00:28:01] Fixed 2 duplicate /gene - ggt_1 ggt_2
[00:28:01] Fixed 2 duplicate /gene - yuiC_1 yuiC_2
[00:28:01] Fixed 3 duplicate /gene - mdtH_1 mdtH_2 mdtH_3
[00:28:01] Fixed 2 duplicate /gene - flhB_1 flhB_2
[00:28:01] Fixed 3 duplicate /gene - lytC_1 lytC_2 lytC_3
[00:28:01] Fixed 338 colliding /gene names.
[00:28:01] Adding /locus_tag identifiers
[00:28:01] Assigned 4340 locus_tags to CDS and RNA features.
[00:28:01] Writing outputs to bacillus_zeae-assembly.fna.prokka_annotation/
[00:28:03] Generating annotation statistics file
[00:28:03] Generating Genbank and Sequin files
[00:28:03] Running: tbl2asn -V b -a r10k -l paired-ends -M n -N 1 -y 'Annotated using prokka 1.13 from https://github.com/tseemann/prokka' -Z bacillus_zeae\-assembly\.fna\.prokka_annotation\/bacillus_zeae\-assembly\.fna\.err -i bacillus_zeae\-assembly\.fna\.prokka_annotation\/bacillus_zeae\-assembly\.fna\.fsa 2> /dev/null
[00:28:12] Could not run command: tbl2asn -V b -a r10k -l paired-ends -M n -N 1 -y 'Annotated using prokka 1.13 from https://github.com/tseemann/prokka' -Z bacillus_zeae\-assembly\.fna\.prokka_annotation\/bacillus_zeae\-assembly\.fna\.err -i bacillus_zeae\-assembly\.fna\.prokka_annotation\/bacillus_zeae\-assembly\.fna\.fsa 2> /dev/null
