[22:55:03] This is prokka 1.13
[22:55:03] Written by Torsten Seemann <torsten.seemann@gmail.com>
[22:55:03] Homepage is https://github.com/tseemann/prokka
[22:55:03] Local time is Thu Apr 16 22:55:03 2020
[22:55:03] You are basu
[22:55:03] Operating system is linux
[22:55:03] You have BioPerl 1.007002
[22:55:03] System has 1 cores.
[22:55:03] Option --cpu asked for 8 cores, but system only has 1
[22:55:03] Will use maximum of 1 cores.
[22:55:03] Annotating as >>> Bacteria <<<
[22:55:03] Generating locus_tag from 'bacillus_firmus-assembly.fna' contents.
[22:55:03] Setting --locustag OOCAFACG from MD5 88cafac01de4f26d6eeeea2aacd99e7f
[22:55:03] Creating new output folder: bacillus_firmus-assembly.fna.prokka_annotation
[22:55:03] Running: mkdir -p bacillus_firmus\-assembly\.fna\.prokka_annotation
[22:55:03] Using filename prefix: bacillus_firmus-assembly.fna.XXX
[22:55:03] Setting HMMER_NCPU=1
[22:55:03] Writing log to: bacillus_firmus-assembly.fna.prokka_annotation/bacillus_firmus-assembly.fna.log
[22:55:03] Command: /home/basu/anaconda3/bin/prokka bacillus_firmus-assembly.fna --outdir bacillus_firmus-assembly.fna.prokka_annotation --prefix bacillus_firmus-assembly.fna
[22:55:03] Appending to PATH: /home/basu/anaconda3/bin
[22:55:03] Looking for 'aragorn' - found /home/basu/anaconda3/bin/aragorn
[22:55:03] Determined aragorn version is 1.2
[22:55:03] Looking for 'barrnap' - found /home/basu/anaconda3/bin/barrnap
[22:55:03] Determined barrnap version is 0.9
[22:55:03] Looking for 'blastp' - found /home/basu/anaconda3/bin/blastp
[22:55:03] Determined blastp version is 2.9
[22:55:03] Looking for 'cmpress' - found /home/basu/anaconda3/bin/cmpress
[22:55:03] Determined cmpress version is 1.1
[22:55:03] Looking for 'cmscan' - found /home/basu/anaconda3/bin/cmscan
[22:55:03] Determined cmscan version is 1.1
[22:55:03] Looking for 'egrep' - found /bin/egrep
[22:55:03] Looking for 'find' - found /usr/bin/find
[22:55:03] Looking for 'grep' - found /bin/grep
[22:55:03] Looking for 'hmmpress' - found /home/basu/anaconda3/bin/hmmpress
[22:55:03] Determined hmmpress version is 3.3
[22:55:03] Looking for 'hmmscan' - found /home/basu/anaconda3/bin/hmmscan
[22:55:03] Determined hmmscan version is 3.3
[22:55:03] Looking for 'java' - found /home/basu/anaconda3/bin/java
[22:55:03] Looking for 'less' - found /usr/bin/less
[22:55:03] Looking for 'makeblastdb' - found /home/basu/anaconda3/bin/makeblastdb
[22:55:03] Determined makeblastdb version is 2.9
[22:55:03] Looking for 'minced' - found /home/basu/anaconda3/bin/minced
[22:55:03] Determined minced version is 4.2
[22:55:03] Looking for 'parallel' - found /home/basu/anaconda3/bin/parallel
[22:55:04] Determined parallel version is 20160622
[22:55:04] Looking for 'prodigal' - found /home/basu/anaconda3/bin/prodigal
[22:55:04] Determined prodigal version is 2.6
[22:55:04] Looking for 'prokka-genbank_to_fasta_db' - found /home/basu/anaconda3/bin/prokka-genbank_to_fasta_db
[22:55:04] Looking for 'sed' - found /bin/sed
[22:55:04] Looking for 'tbl2asn' - found /home/basu/anaconda3/bin/tbl2asn
[22:55:04] Determined tbl2asn version is 25.7
[22:55:04] Using genetic code table 11.
[22:55:04] Loading and checking input file: bacillus_firmus-assembly.fna
[22:55:04] Wrote 3 contigs totalling 4803910 bp.
[22:55:04] Predicting tRNAs and tmRNAs
[22:55:04] Running: aragorn -l -gc11  -w bacillus_firmus\-assembly\.fna\.prokka_annotation\/bacillus_firmus\-assembly\.fna\.fna
[22:55:07] 1 tRNA-Ile [12444,12520] 35 (gat)
[22:55:07] 2 tRNA-Ala [12532,12607] 34 (tgc)
[22:55:07] 3 tRNA-Ser [25200,25292] 37 (tga)
[22:55:07] 4 tRNA-Ile [35453,35529] 35 (gat)
[22:55:07] 5 tRNA-Ala [35541,35616] 34 (tgc)
[22:55:07] 6 tRNA-Glu c[74873,74946] 35 (ttc)
[22:55:07] 7 tRNA-Met c[75112,75188] 36 (cat)
[22:55:07] 8 tRNA-Val [101473,101548] 34 (tac)
[22:55:07] 9 tRNA-Thr [101557,101632] 34 (tgt)
[22:55:07] 10 tRNA-Lys [101793,101868] 34 (ttt)
[22:55:07] 11 tRNA-Leu [101884,101968] 36 (tag)
[22:55:07] 12 tRNA-Gly [102076,102150] 33 (gcc)
[22:55:07] 13 tRNA-Leu [102158,102246] 35 (taa)
[22:55:07] 14 tRNA-Arg [102261,102337] 35 (acg)
[22:55:07] 15 tRNA-Pro [102343,102419] 35 (tgg)
[22:55:07] 16 tRNA-Ala [102428,102503] 34 (tgc)
[22:55:07] 17 tRNA-Asn [178657,178731] 33 (gtt)
[22:55:07] 18 tRNA-Thr [178768,178841] 34 (ggt)
[22:55:07] 19 tRNA-Glu [178868,178942] 34 (ttc)
[22:55:07] 20 tRNA-Val [178947,179022] 34 (tac)
[22:55:07] 21 tRNA-Thr [179028,179103] 34 (tgt)
[22:55:07] 22 tRNA-Tyr [179120,179203] 35 (gta)
[22:55:07] 23 tRNA-Gln [179268,179342] 33 (ttg)
[22:55:07] 24 tRNA-Lys [179647,179720] 34 (ttt)
[22:55:07] 25 tRNA-Gly [179787,179861] 33 (gcc)
[22:55:07] 26 tRNA-Ala [179865,179940] 34 (tgc)
[22:55:07] 27 tRNA-Asn [282328,282402] 33 (gtt)
[22:55:07] 28 tRNA-Ser [282408,282498] 35 (gct)
[22:55:07] 29 tRNA-Glu [282514,282586] 34 (ttc)
[22:55:07] 30 tRNA-Asp [282615,282690] 34 (gtc)
[22:55:07] 31 tRNA-Gln [282700,282774] 33 (ttg)
[22:55:07] 32 tRNA-Lys [282918,282993] 34 (ttt)
[22:55:07] 33 tRNA-Leu [283010,283094] 35 (tag)
[22:55:07] 34 tRNA-Leu [283154,283239] 34 (gag)
[22:55:07] 35 tRNA-Arg [283299,283375] 35 (acg)
[22:55:07] 36 tRNA-Pro [283381,283457] 35 (tgg)
[22:55:07] 37 tRNA-Gly [283481,283554] 33 (tcc)
[22:55:07] 38 tRNA-Met [294452,294528] 36 (cat)
[22:55:07] 39 tRNA-Asp [294530,294606] 35 (gtc)
[22:55:07] 40 tRNA-Glu [539247,539321] 34 (ttc)
[22:55:07] 41 tRNA-Val [539325,539400] 34 (tac)
[22:55:07] 42 tRNA-Lys [539552,539627] 34 (ttt)
[22:55:07] 43 tRNA-Leu [539644,539728] 35 (tag)
[22:55:07] 44 tRNA-Gly [539833,539907] 33 (gcc)
[22:55:07] 45 tRNA-Arg [539915,539991] 35 (acg)
[22:55:07] 46 tRNA-Pro [539997,540073] 35 (tgg)
[22:55:07] 47 tRNA-Ala [540092,540167] 34 (tgc)
[22:55:07] 48 tRNA-Met [540186,540262] 35 (cat)
[22:55:07] 49 tRNA-Ser [540286,540378] 37 (tga)
[22:55:07] 50 tRNA-Met [540399,540475] 36 (cat)
[22:55:07] 51 tRNA-Asp [540477,540553] 35 (gtc)
[22:55:07] 52 tRNA-Phe [540724,540798] 34 (gaa)
[22:55:07] 53 tRNA-Tyr [540822,540905] 35 (gta)
[22:55:07] 54 tRNA-Trp [540913,540986] 33 (cca)
[22:55:07] 55 tRNA-His [540998,541073] 34 (gtg)
[22:55:07] 56 tRNA-Gln [541098,541172] 33 (ttg)
[22:55:07] 57 tRNA-Cys [541181,541254] 33 (gca)
[22:55:07] 58 tRNA-Gly [541293,541366] 33 (tcc)
[22:55:07] 59 tRNA-Ile [541375,541451] 35 (gat)
[22:55:07] 60 tRNA-Asn [1185592,1185666] 33 (gtt)
[22:55:07] 61 tRNA-Ser [1185670,1185760] 35 (gga)
[22:55:07] 62 tRNA-Glu [1185776,1185850] 34 (ttc)
[22:55:07] 63 tRNA-Val [1185855,1185930] 34 (tac)
[22:55:07] 64 tRNA-Met [1185953,1186029] 36 (cat)
[22:55:07] 65 tRNA-Asp [1186031,1186107] 35 (gtc)
[22:55:07] 66 tRNA-Phe [1186279,1186353] 34 (gaa)
[22:55:07] 67 tRNA-Thr [1186368,1186443] 34 (tgt)
[22:55:07] 68 tRNA-Tyr [1186461,1186544] 35 (gta)
[22:55:07] 69 tRNA-Trp [1186552,1186625] 33 (cca)
[22:55:07] 70 tRNA-His [1186637,1186712] 34 (gtg)
[22:55:07] 71 tRNA-Gln [1186772,1186846] 33 (ttg)
[22:55:07] 72 tRNA-Gly [1186851,1186925] 33 (gcc)
[22:55:07] 73 tRNA-Cys [1186944,1187017] 33 (gca)
[22:55:07] 74 tRNA-Leu [1187046,1187134] 35 (taa)
[22:55:07] 75 tRNA-Leu [1187156,1187240] 36 (caa)
[22:55:07] 76 tRNA-Gly [1197424,1197497] 33 (tcc)
[22:55:07] 77 tRNA-Val [1482746,1482818] 34 (gac)
[22:55:07] 78 tRNA-Arg c[1619394,1619468] 35 (cct)
[22:55:07] 79 tRNA-SeC [1994843,1994939] 36 (tca)
[22:55:07] 80 tRNA-Gln [3411911,3411982] 33 (ttg)
[22:55:07] 81 tRNA-Arg c[3659376,3659452] 35 (tct)
[22:55:07] 82 tRNA-Glu c[3986875,3986948] 35 (ttc)
[22:55:07] 83 tRNA-Ser c[3986952,3987042] 35 (gct)
[22:55:07] 84 tRNA-Asn c[3987048,3987122] 33 (gtt)
[22:55:07] 85 tRNA-Ile c[3987137,3987213] 35 (gat)
[22:55:07] 86 tRNA-Gly c[3987225,3987298] 33 (tcc)
[22:55:07] 87 tRNA-Phe c[3987312,3987387] 34 (gaa)
[22:55:07] 88 tRNA-Asp c[3987561,3987637] 35 (gtc)
[22:55:07] 89 tRNA-Met c[3987639,3987715] 36 (cat)
[22:55:07] 90 tRNA-Ser c[3987900,3987992] 37 (tga)
[22:55:07] 91 tRNA-Met c[3988005,3988081] 35 (cat)
[22:55:07] 92 tRNA-Met c[3988099,3988175] 35 (cat)
[22:55:07] 93 tRNA-Ala c[3988195,3988270] 34 (tgc)
[22:55:07] 94 tRNA-Pro c[3988280,3988356] 35 (tgg)
[22:55:07] 95 tRNA-Arg c[3988363,3988439] 35 (acg)
[22:55:07] 96 tRNA-Leu c[3988455,3988543] 35 (taa)
[22:55:07] 97 tRNA-Gly c[3988550,3988624] 33 (gcc)
[22:55:07] 98 tRNA-Leu c[3988732,3988816] 36 (tag)
[22:55:07] 99 tRNA-Lys c[3988832,3988907] 34 (ttt)
[22:55:07] 100 tRNA-Thr c[3988931,3989006] 34 (tgt)
[22:55:07] 101 tRNA-Val c[3989026,3989101] 34 (tac)
[22:55:07] 102 tRNA-Ala [3997261,3997335] 35 (ggc)
[22:55:07] 103 tRNA-Arg c[4156036,4156108] 34 (ccg)
[22:55:07] 104 tRNA-Stop c[4288602,4288683] 36 (tta)
[22:55:07] 105 tRNA-Phe c[4732609,4732681] 34 (gaa)
[22:55:07] 106 tRNA-Asp c[4732843,4732919] 35 (gtc)
[22:55:07] 107 tRNA-Glu c[4732980,4733053] 35 (ttc)
[22:55:07] 108 tRNA-Lys c[4733068,4733143] 34 (ttt)
[22:55:07] Found 108 tRNAs
[22:55:07] Predicting Ribosomal RNAs
[22:55:07] Running Barrnap with 1 threads
[22:55:17] 1 NZ_UFTC01000001.1 10678 16S ribosomal RNA
[22:55:17] 2 NZ_UFTC01000001.1 12868 23S ribosomal RNA
[22:55:17] 3 NZ_UFTC01000001.1 15884 5S ribosomal RNA
[22:55:17] 4 NZ_UFTC01000001.1 33564 16S ribosomal RNA
[22:55:17] 5 NZ_UFTC01000001.1 35877 23S ribosomal RNA
[22:55:17] 6 NZ_UFTC01000001.1 38895 5S ribosomal RNA
[22:55:17] 7 NZ_UFTC01000001.1 96167 16S ribosomal RNA
[22:55:17] 8 NZ_UFTC01000001.1 98150 23S ribosomal RNA
[22:55:17] 9 NZ_UFTC01000001.1 101350 5S ribosomal RNA
[22:55:17] 10 NZ_UFTC01000001.1 102665 16S ribosomal RNA
[22:55:17] 11 NZ_UFTC01000001.1 104648 23S ribosomal RNA
[22:55:17] 12 NZ_UFTC01000001.1 107664 5S ribosomal RNA
[22:55:17] 13 NZ_UFTC01000001.1 173363 16S ribosomal RNA
[22:55:17] 14 NZ_UFTC01000001.1 175337 23S ribosomal RNA
[22:55:17] 15 NZ_UFTC01000001.1 178523 5S ribosomal RNA
[22:55:17] 16 NZ_UFTC01000001.1 283652 16S ribosomal RNA
[22:55:17] 17 NZ_UFTC01000001.1 285634 23S ribosomal RNA
[22:55:17] 18 NZ_UFTC01000001.1 288649 5S ribosomal RNA
[22:55:17] 19 NZ_UFTC01000001.1 289018 16S ribosomal RNA
[22:55:17] 20 NZ_UFTC01000001.1 291000 23S ribosomal RNA
[22:55:17] 21 NZ_UFTC01000001.1 294138 5S ribosomal RNA
[22:55:17] 22 NZ_UFTC01000001.1 392421 16S ribosomal RNA
[22:55:17] 23 NZ_UFTC01000001.1 394281 23S ribosomal RNA
[22:55:17] 24 NZ_UFTC01000001.1 397298 5S ribosomal RNA
[22:55:17] 25 NZ_UFTC01000001.1 534112 16S ribosomal RNA
[22:55:17] 26 NZ_UFTC01000001.1 535969 23S ribosomal RNA
[22:55:17] 27 NZ_UFTC01000001.1 539107 5S ribosomal RNA
[22:55:17] 28 NZ_UFTC01000001.1 1180409 16S ribosomal RNA
[22:55:17] 29 NZ_UFTC01000001.1 1182391 23S ribosomal RNA
[22:55:17] 30 NZ_UFTC01000001.1 1185457 5S ribosomal RNA
[22:55:17] 31 NZ_UFTC01000001.1 3013842 5S ribosomal RNA
[22:55:17] 32 NZ_UFTC01000001.1 3014220 23S ribosomal RNA
[22:55:17] 33 NZ_UFTC01000001.1 3017584 16S ribosomal RNA
[22:55:17] 34 NZ_UFTC01000001.1 3989114 5S ribosomal RNA
[22:55:17] 35 NZ_UFTC01000001.1 3989539 23S ribosomal RNA
[22:55:17] 36 NZ_UFTC01000001.1 3992903 16S ribosomal RNA
[22:55:17] Found 36 rRNAs
[22:55:17] Skipping ncRNA search, enable with --rfam if desired.
[22:55:17] Total of 144 tRNA + rRNA features
[22:55:17] Searching for CRISPR repeats
[22:55:18] Found 0 CRISPRs
[22:55:18] Predicting coding sequences
[22:55:18] Contigs total 4803910 bp, so using single mode
[22:55:18] Running: prodigal -i bacillus_firmus\-assembly\.fna\.prokka_annotation\/bacillus_firmus\-assembly\.fna\.fna -c -m -g 11 -p single -f sco -q
[22:55:31] Excluding CDS which overlaps existing RNA (rRNA) at NZ_UFTC01000001.1:11057..11290 on + strand
[22:55:31] Excluding CDS which overlaps existing RNA (rRNA) at NZ_UFTC01000001.1:11873..12154 on + strand
[22:55:31] Excluding CDS which overlaps existing RNA (rRNA) at NZ_UFTC01000001.1:12983..13108 on + strand
[22:55:31] Excluding CDS which overlaps existing RNA (rRNA) at NZ_UFTC01000001.1:33943..34176 on + strand
[22:55:31] Excluding CDS which overlaps existing RNA (rRNA) at NZ_UFTC01000001.1:35992..36117 on + strand
[22:55:31] Excluding CDS which overlaps existing RNA (rRNA) at NZ_UFTC01000001.1:96546..96779 on + strand
[22:55:31] Excluding CDS which overlaps existing RNA (rRNA) at NZ_UFTC01000001.1:98265..98390 on + strand
[22:55:31] Excluding CDS which overlaps existing RNA (rRNA) at NZ_UFTC01000001.1:103044..103277 on + strand
[22:55:31] Excluding CDS which overlaps existing RNA (rRNA) at NZ_UFTC01000001.1:104763..104888 on + strand
[22:55:31] Excluding CDS which overlaps existing RNA (rRNA) at NZ_UFTC01000001.1:173742..173975 on + strand
[22:55:31] Excluding CDS which overlaps existing RNA (rRNA) at NZ_UFTC01000001.1:175452..175577 on + strand
[22:55:32] Excluding CDS which overlaps existing RNA (rRNA) at NZ_UFTC01000001.1:284031..284264 on + strand
[22:55:32] Excluding CDS which overlaps existing RNA (rRNA) at NZ_UFTC01000001.1:285749..285874 on + strand
[22:55:32] Excluding CDS which overlaps existing RNA (rRNA) at NZ_UFTC01000001.1:289397..289630 on + strand
[22:55:32] Excluding CDS which overlaps existing RNA (rRNA) at NZ_UFTC01000001.1:291115..291240 on + strand
[22:55:32] Excluding CDS which overlaps existing RNA (rRNA) at NZ_UFTC01000001.1:392800..393033 on + strand
[22:55:32] Excluding CDS which overlaps existing RNA (rRNA) at NZ_UFTC01000001.1:393616..393897 on + strand
[22:55:32] Excluding CDS which overlaps existing RNA (rRNA) at NZ_UFTC01000001.1:394396..394521 on + strand
[22:55:32] Excluding CDS which overlaps existing RNA (rRNA) at NZ_UFTC01000001.1:534489..534722 on + strand
[22:55:32] Excluding CDS which overlaps existing RNA (rRNA) at NZ_UFTC01000001.1:536084..536209 on + strand
[22:55:33] Excluding CDS which overlaps existing RNA (rRNA) at NZ_UFTC01000001.1:1180788..1181021 on + strand
[22:55:33] Excluding CDS which overlaps existing RNA (rRNA) at NZ_UFTC01000001.1:1182506..1182631 on + strand
[22:55:38] Excluding CDS which overlaps existing RNA (rRNA) at NZ_UFTC01000001.1:3016911..3017036 on - strand
[22:55:38] Excluding CDS which overlaps existing RNA (rRNA) at NZ_UFTC01000001.1:3018521..3018754 on - strand
[22:55:40] Excluding CDS which overlaps existing RNA (rRNA) at NZ_UFTC01000001.1:3992230..3992355 on - strand
[22:55:40] Excluding CDS which overlaps existing RNA (rRNA) at NZ_UFTC01000001.1:3993840..3994073 on - strand
[22:55:41] Excluding CDS which overlaps existing RNA (tRNA) at NZ_UFTC01000001.1:4288322..4289566 on - strand
[22:55:41] Found 4822 CDS
[22:55:41] Connecting features back to sequences
[22:55:41] Not using genus-specific database. Try --usegenus to enable it.
[22:55:41] Annotating CDS, please be patient.
[22:55:41] Will use 1 CPUs for similarity searching.
[22:55:43] There are still 4822 unannotated CDS left (started with 4822)
[22:55:43] Will use blast to search against /home/basu/anaconda3/bin/../db/kingdom/Bacteria/sprot with 1 CPUs
[22:55:43] Running: cat bacillus_firmus\-assembly\.fna\.prokka_annotation\/sprot\.faa | parallel --gnu --plain -j 1 --block 682649 --recstart '>' --pipe blastp -query - -db /home/basu/anaconda3/bin/../db/kingdom/Bacteria/sprot -evalue 1e-06 -num_threads 1 -num_descriptions 1 -num_alignments 1 -seg no > bacillus_firmus\-assembly\.fna\.prokka_annotation\/sprot\.blast 2> /dev/null
[23:02:51] Modify product: Cyclic di-GMP phosphodiesterase PA4108 => Cyclic di-GMP phosphodiesterase
[23:02:51] Modify product: Nucleoid-associated protein SA0437 => Nucleoid-associated protein
[23:02:51] Modify product: Uncharacterized protein YaaQ => putative protein YaaQ
[23:02:51] Modify product: UPF0213 protein BH0048 => hypothetical protein
[23:02:51] Modify product: Uncharacterized metal-dependent hydrolase YcfH => putative metal-dependent hydrolase YcfH
[23:02:51] Modify product: Uncharacterized protein HP_1423 => putative protein
[23:02:51] Modify product: Probable serine/threonine-protein kinase YabT => putative serine/threonine-protein kinase YabT
[23:02:51] Modify product: Probable tRNA-dihydrouridine synthase => putative tRNA-dihydrouridine synthase
[23:02:51] Modify product: Uncharacterized PIN and TRAM-domain containing protein YacL => putative PIN and TRAM-domain containing protein YacL
[23:02:51] Modify product: Uncharacterized protein YacP => putative protein YacP
[23:02:51] Modify product: Ribosome-associated protein L7Ae-like => Ribosome-associated protein L7Ae-like protein
[23:02:51] Modify product: Uncharacterized ABC transporter solute-binding protein YclQ => putative ABC transporter solute-binding protein YclQ
[23:02:51] Modify product: Probable murein peptide carboxypeptidase => putative murein peptide carboxypeptidase
[23:02:51] Modify product: Uncharacterized ABC transporter ATP-binding protein YheS => putative ABC transporter ATP-binding protein YheS
[23:02:51] Modify product: UPF0702 transmembrane protein YetF => hypothetical protein
[23:02:51] Modify product: UPF0702 transmembrane protein YetF => hypothetical protein
[23:02:51] Modify product: Probable cardiolipin synthase YwiE => putative cardiolipin synthase YwiE
[23:02:51] Modify product: UPF0702 transmembrane protein YetF => hypothetical protein
[23:02:51] Modify product: UPF0316 protein SA1727 => hypothetical protein
[23:02:51] Modify product: Uncharacterized protein YueI => putative protein YueI
[23:02:51] Modify product: UPF0702 transmembrane protein YetF => hypothetical protein
[23:02:51] Modify product: Uncharacterized HTH-type transcriptional regulator YfiR => putative HTH-type transcriptional regulator YfiR
[23:02:51] Modify product: Probable endopeptidase p60 => putative endopeptidase p60
[23:02:51] Modify product: TelA-like protein SA1238 => TelA-like protein
[23:02:51] Modify product: Probable metallo-hydrolase YflN => putative metallo-hydrolase YflN
[23:02:51] Modify product: Uncharacterized MFS-type transporter YhhS => putative MFS-type transporter YhhS
[23:02:51] Modify product: UPF0053 inner membrane protein YoaE => hypothetical protein
[23:02:51] Modify product: Acetyltransferase PA2578 => Acetyltransferase
[23:02:51] Modify product: Probable manganese catalase => putative manganese catalase
[23:02:51] Modify product: Probable siderophore transport system ATP-binding protein YusV => putative siderophore transport system ATP-binding protein YusV
[23:02:51] Modify product: Probable siderophore-binding lipoprotein YfiY => putative siderophore-binding lipoprotein YfiY
[23:02:51] Modify product: Uncharacterized oxidoreductase YtbE => putative oxidoreductase YtbE
[23:02:51] Modify product: Uncharacterized HTH-type transcriptional regulator YtcD => putative HTH-type transcriptional regulator YtcD
[23:02:51] Modify product: SCO1 protein homolog => SCO1 protein 
[23:02:51] Modify product: Probable sensor histidine kinase TcrY => putative sensor histidine kinase TcrY
[23:02:51] Modify product: Uncharacterized ABC transporter ATP-binding protein YxlF => putative ABC transporter ATP-binding protein YxlF
[23:02:51] Modify product: Uncharacterized ABC transporter ATP-binding protein YknY => putative ABC transporter ATP-binding protein YknY
[23:02:51] Modify product: Uncharacterized ABC transporter permease YknZ => putative ABC transporter permease YknZ
[23:02:51] Modify product: Uncharacterized protein YdhK => putative protein YdhK
[23:02:51] Modify product: Uncharacterized protein YdhK => putative protein YdhK
[23:02:51] Modify product: Uncharacterized HTH-type transcriptional regulator SACOL2360 => putative HTH-type transcriptional regulator
[23:02:51] Modify product: Probable multidrug ABC transporter ATP-binding protein YbhF => putative multidrug ABC transporter ATP-binding protein YbhF
[23:02:51] Modify product: Probable manganese catalase => putative manganese catalase
[23:02:51] Modify product: UPF0053 inner membrane protein YoaE => hypothetical protein
[23:02:51] Modify product: Uncharacterized hydrolase YxeP => putative hydrolase YxeP
[23:02:51] Modify product: UPF0126 inner membrane protein YadS => hypothetical protein
[23:02:51] Modify product: Uncharacterized hydrolase YxeP => putative hydrolase YxeP
[23:02:51] Modify product: Probable diguanylate cyclase DgcQ => putative diguanylate cyclase DgcQ
[23:02:51] Modify product: Fluoroquinolones export ATP-binding protein Rv2688c => Fluoroquinolones export ATP-binding protein
[23:02:52] Modify product: Sulfurtransferase Alvin_2599 => Sulfurtransferase
[23:02:52] Modify product: Uncharacterized protein Rv2581c => putative protein
[23:02:52] Modify product: Uncharacterized oxidoreductase CzcO => putative oxidoreductase CzcO
[23:02:52] Modify product: Fluoroquinolones export ATP-binding protein Rv2688c => Fluoroquinolones export ATP-binding protein
[23:02:52] Modify product: Ribonuclease BC_0920 => Ribonuclease
[23:02:52] Modify product: Uncharacterized HTH-type transcriptional regulator BA_1941/GBAA_1941/BAS1801 => putative HTH-type transcriptional regulator/GBAA_1941/BAS1801
[23:02:52] Modify product: Uncharacterized oxidoreductase MSMEG_2408/MSMEI_2347 => putative oxidoreductase/MSMEI_2347
[23:02:52] Modify product: UPF0394 inner membrane protein YeeE => hypothetical protein
[23:02:52] Modify product: Uncharacterized inner membrane transporter YicL => putative inner membrane transporter YicL
[23:02:52] Modify product: Uncharacterized glycosyltransferase YkoT => putative glycosyltransferase YkoT
[23:02:52] Modify product: Uncharacterized oxidoreductase SpyM50865 => putative oxidoreductase
[23:02:52] Modify product: Uncharacterized HTH-type transcriptional regulator YvdT => putative HTH-type transcriptional regulator YvdT
[23:02:52] Modify product: Uncharacterized FAD-linked oxidoreductase Rv2280 => putative FAD-linked oxidoreductase
[23:02:52] Modify product: Uncharacterized protein YizA => putative protein YizA
[23:02:52] Modify product: Probable zinc-binding alcohol dehydrogenase Rv1895 => putative zinc-binding alcohol dehydrogenase
[23:02:52] Modify product: Probable ATP-dependent RNA helicase YfmL => putative ATP-dependent RNA helicase YfmL
[23:02:52] Modify product: Uncharacterized acyl-CoA thioester hydrolase HI_0827 => putative acyl-CoA thioester hydrolase
[23:02:52] Modify product: Probable cardiolipin synthase YwiE => putative cardiolipin synthase YwiE
[23:02:52] Modify product: Uncharacterized protein YflH => putative protein YflH
[23:02:52] Modify product: Uncharacterized protein YetJ => putative protein YetJ
[23:02:52] Modify product: Uncharacterized membrane protein YhdT => putative membrane protein YhdT
[23:02:52] Modify product: Uncharacterized MFS-type transporter YfcJ => putative MFS-type transporter YfcJ
[23:02:52] Modify product: UPF0435 protein YfkK => hypothetical protein
[23:02:52] Modify product: UPF0761 membrane protein YihY => hypothetical protein
[23:02:52] Modify product: Uncharacterized MFS-type transporter YcaD => putative MFS-type transporter YcaD
[23:02:52] Modify product: Uncharacterized protein YfkD => putative protein YfkD
[23:02:52] Modify product: Probable tRNA-dihydrouridine synthase => putative tRNA-dihydrouridine synthase
[23:02:52] Modify product: Uncharacterized protein Rv0887c => putative protein
[23:02:52] Modify product: Uncharacterized protein YjdJ => putative protein YjdJ
[23:02:52] Modify product: Uncharacterized sugar epimerase YhfK => putative sugar epimerase YhfK
[23:02:52] Modify product: Uncharacterized ABC transporter ATP-binding protein Rv1273c => putative ABC transporter ATP-binding protein
[23:02:52] Modify product: Uncharacterized ABC transporter ATP-binding protein TM_0288 => putative ABC transporter ATP-binding protein
[23:02:52] Modify product: Epimerase family protein SA0724 => Epimerase family protein
[23:02:52] Modify product: Uncharacterized protein YfhH => putative protein YfhH
[23:02:52] Modify product: Uncharacterized protein YfhP => putative protein YfhP
[23:02:52] Modify product: Uncharacterized protein YfhS => putative protein YfhS
[23:02:52] Modify product: UPF0374 protein SP_1903 => hypothetical protein
[23:02:52] Modify product: Putative multidrug export ATP-binding/permease protein SA1683 => Putative multidrug export ATP-binding/permease protein
[23:02:52] Modify product: Uncharacterized sensor-like histidine kinase SACOL0202 => putative sensor-like histidine kinase
[23:02:52] Modify product: Uncharacterized response regulatory protein SACOL0201 => putative response regulatory protein
[23:02:52] Modify product: Stress response UPF0229 protein YhbH => hypothetical protein
[23:02:52] Modify product: Uncharacterized oxidoreductase SA2266 => putative oxidoreductase
[23:02:52] Modify product: Uncharacterized protein YkoJ => putative protein YkoJ
[23:02:52] Modify product: Sulfurtransferase Alvin_2599 => Sulfurtransferase
[23:02:52] Modify product: Sulfurtransferase Alvin_2599 => Sulfurtransferase
[23:02:52] Modify product: Probable polyketide biosynthesis zinc-dependent hydrolase BaeB => putative polyketide biosynthesis zinc-dependent hydrolase BaeB
[23:02:52] Modify product: UPF0761 membrane protein YihY => hypothetical protein
[23:02:52] Modify product: UPF0053 protein Rv1842c => hypothetical protein
[23:02:52] Modify product: UPF0053 protein Rv1842c => hypothetical protein
[23:02:52] Modify product: UPF0145 protein BC_1012 => hypothetical protein
[23:02:52] Modify product: Probable multidrug resistance ABC transporter ATP-binding/permease protein YheI => putative multidrug resistance ABC transporter ATP-binding/permease protein YheI
[23:02:52] Modify product: Probable multidrug resistance ABC transporter ATP-binding/permease protein YheH => putative multidrug resistance ABC transporter ATP-binding/permease protein YheH
[23:02:52] Modify product: UPF0754 membrane protein SA1664 => hypothetical protein
[23:02:52] Modify product: UPF0342 protein YheA => hypothetical protein
[23:02:52] Modify product: Uncharacterized protein YhaP => putative protein YhaP
[23:02:52] Modify product: Uncharacterized metallophosphoesterase YhaO => putative metallophosphoesterase YhaO
[23:02:52] Modify product: Uncharacterized protein YhaN => putative protein YhaN
[23:02:52] Modify product: Probable tryptophan transport protein => putative tryptophan transport protein
[23:02:52] Modify product: Uncharacterized protein Rv1339 => putative protein
[23:02:52] Modify product: Acetyltransferase PA2578 => Acetyltransferase
[23:02:52] Modify product: Probable spore germination protein GerPF => putative spore germination protein GerPF
[23:02:52] Modify product: Probable spore germination protein GerPE => putative spore germination protein GerPE
[23:02:52] Modify product: Probable spore germination protein GerPD => putative spore germination protein GerPD
[23:02:52] Modify product: Probable spore germination protein GerPC => putative spore germination protein GerPC
[23:02:52] Modify product: Probable spore germination protein GerPB => putative spore germination protein GerPB
[23:02:52] Modify product: Uncharacterized protein YisK => putative protein YisK
[23:02:52] Modify product: Uncharacterized signaling protein PA1727 => putative signaling protein
[23:02:52] Modify product: Probable FMN/FAD exporter YeeO => putative FMN/FAD exporter YeeO
[23:02:52] Modify product: UPF0234 protein Rv0566c => hypothetical protein
[23:02:52] Modify product: Fatty acid-binding protein TM_1468 => Fatty acid-binding protein
[23:02:52] Modify product: Purine-binding protein BAB2_0673 => Purine-binding protein
[23:02:52] Modify product: UPF0413 protein YjbH => hypothetical protein
[23:02:52] Modify product: UPF0702 transmembrane protein YetF => hypothetical protein
[23:02:52] Modify product: Uncharacterized N-acetyltransferase YjcF => putative N-acetyltransferase YjcF
[23:02:52] Modify product: Uncharacterized protein YbbA => putative protein YbbA
[23:02:52] Modify product: UPF0702 transmembrane protein YetF => hypothetical protein
[23:02:52] Modify product: Uncharacterized protein YxeE => putative protein YxeE
[23:02:52] Modify product: Uncharacterized membrane protein YuaF => putative membrane protein YuaF
[23:02:52] Modify product: Uncharacterized metal-dependent hydrolase YjjV => putative metal-dependent hydrolase YjjV
[23:02:52] Modify product: Uncharacterized protein YfhP => putative protein YfhP
[23:02:52] Modify product: Uncharacterized FAD-linked oxidoreductase Rv2280 => putative FAD-linked oxidoreductase
[23:02:52] Modify product: Probable 2,4-dienoyl-CoA reductase => putative 2,4-dienoyl-CoA reductase
[23:02:52] Modify product: Uncharacterized EAL-domain containing protein YkuI => putative EAL-domain containing protein YkuI
[23:02:52] Modify product: Uncharacterized protein YkuJ => putative protein YkuJ
[23:02:52] Modify product: Uncharacterized MscS family protein YkuT => putative MscS family protein YkuT
[23:02:52] Modify product: Putative multidrug export ATP-binding/permease protein SA1683 => Putative multidrug export ATP-binding/permease protein
[23:02:53] Modify product: Uncharacterized ABC transporter ATP-binding protein TM_0288 => putative ABC transporter ATP-binding protein
[23:02:53] Modify product: UPF0356 protein SP_0122 => hypothetical protein
[23:02:53] Modify product: UPF0223 protein BH2638 => hypothetical protein
[23:02:53] Modify product: UPF0637 protein YktB => hypothetical protein
[23:02:53] Modify product: UPF0358 protein YlaN => hypothetical protein
[23:02:53] Modify product: Probable peptidoglycan glycosyltransferase FtsW => putative peptidoglycan glycosyltransferase FtsW
[23:02:53] Modify product: Uncharacterized NTE family protein Rv1063c => putative NTE family protein
[23:02:53] Modify product: Uncharacterized protein YlbL => putative protein YlbL
[23:02:53] Modify product: UPF0348 protein SP_1742 => hypothetical protein
[23:02:53] Modify product: Uncharacterized N-acetyltransferase YlbP => putative N-acetyltransferase YlbP
[23:02:53] Modify product: Probable 2-dehydropantoate 2-reductase => putative 2-dehydropantoate 2-reductase
[23:02:53] Modify product: Probable peptidoglycan glycosyltransferase FtsW => putative peptidoglycan glycosyltransferase FtsW
[23:02:53] Modify product: UPF0749 protein YlxW => hypothetical protein
[23:02:53] Modify product: Uncharacterized protein YloA => putative protein YloA
[23:02:53] Modify product: UPF0701 protein HI_0467 => hypothetical protein
[23:02:53] Modify product: Probable dual-specificity RNA methyltransferase RlmN => putative dual-specificity RNA methyltransferase RlmN
[23:02:53] Modify product: Uncharacterized protein Spy1614 => putative protein
[23:02:53] Modify product: Uncharacterized protein SA1069 => putative protein
[23:02:53] Modify product: Uncharacterized protein Rv1480 => putative protein
[23:02:53] Modify product: UPF0122 protein SAV1236 => hypothetical protein
[23:02:53] Modify product: UPF0109 protein Rv2908c => hypothetical protein
[23:02:53] Modify product: Probable ATP synthase YscN => putative ATP synthase YscN
[23:02:53] Modify product: Probable ribosomal protein YlxQ => putative ribosomal protein YlxQ
[23:02:53] Modify product: Uncharacterized zinc protease Rv2782c => putative zinc protease
[23:02:53] Modify product: Uncharacterized protein YflH => putative protein YflH
[23:02:53] Modify product: Uncharacterized protein YmcA => putative protein YmcA
[23:02:53] Modify product: Uncharacterized protein YycE => putative protein YycE
[23:02:53] Modify product: UPF0126 inner membrane protein YicG => hypothetical protein
[23:02:53] Modify product: Resolvase homolog YneB => Resolvase YneB
[23:02:53] Modify product: UPF0291 protein YnzC => hypothetical protein
[23:02:53] Modify product: UPF0154 protein SA1178 => hypothetical protein
[23:02:53] Modify product: Probable multidrug resistance ABC transporter ATP-binding/permease protein YheI => putative multidrug resistance ABC transporter ATP-binding/permease protein YheI
[23:02:53] Modify product: Probable multidrug resistance ABC transporter ATP-binding/permease protein YheH => putative multidrug resistance ABC transporter ATP-binding/permease protein YheH
[23:02:53] Modify product: Uncharacterized FAD-linked oxidoreductase Rv2280 => putative FAD-linked oxidoreductase
[23:02:53] Modify product: Uncharacterized protein YkvT => putative protein YkvT
[23:02:53] Modify product: Putative O-methyltransferase MSMEG_5073/MSMEI_4947 => Putative O-methyltransferase/MSMEI_4947
[23:02:53] Modify product: Probable glucose uptake protein GlcU => putative glucose uptake protein GlcU
[23:02:53] Modify product: Putative glutamine amidotransferase Rv2859c => Putative glutamine amidotransferase
[23:02:53] Modify product: Uncharacterized inner membrane transporter YhbE => putative inner membrane transporter YhbE
[23:02:53] Modify product: Probable multidrug resistance protein EmrY => putative multidrug resistance protein EmrY
[23:02:53] Modify product: Probable peptidoglycan endopeptidase LytE => putative peptidoglycan endopeptidase LytE
[23:02:53] Modify product: UPF0337 protein YjbJ => hypothetical protein
[23:02:53] Modify product: Putative transport protein Rv0205 => Putative transport protein
[23:02:53] Modify product: Uncharacterized protein YdhK => putative protein YdhK
[23:02:53] Modify product: Uncharacterized oxidoreductase YjhC => putative oxidoreductase YjhC
[23:02:53] Modify product: Probable transcriptional regulatory protein SA0624 => putative transcriptional regulatory protein
[23:02:53] Modify product: Probable enoyl-CoA hydratase echA8 => putative enoyl-CoA hydratase echA8
[23:02:53] Modify product: Probable 3-hydroxybutyryl-CoA dehydrogenase => putative 3-hydroxybutyryl-CoA dehydrogenase
[23:02:53] Modify product: Uncharacterized protein YisK => putative protein YisK
[23:02:53] Modify product: Uncharacterized ABC transporter ATP-binding protein YbiT => putative ABC transporter ATP-binding protein YbiT
[23:02:53] Modify product: Uncharacterized epimerase/dehydratase SA0511 => putative epimerase/dehydratase
[23:02:53] Modify product: Putative esterase aq_1494 => Putative esterase
[23:02:53] Modify product: Uncharacterized protein SA1186 => putative protein
[23:02:53] Modify product: Uncharacterized protein YflH => putative protein YflH
[23:02:53] Modify product: Probable xanthine dehydrogenase subunit A => putative xanthine dehydrogenase subunit A
[23:02:53] Modify product: Probable xanthine dehydrogenase subunit A => putative xanthine dehydrogenase subunit A
[23:02:53] Modify product: Probable xanthine dehydrogenase subunit D => putative xanthine dehydrogenase subunit D
[23:02:53] Modify product: Carbon dioxide-concentrating mechanism protein CcmK homolog 2 => Carbon dioxide-concentrating mechanism protein CcmK 
[23:02:53] Modify product: Probable succinyl-diaminopimelate desuccinylase => putative succinyl-diaminopimelate desuccinylase
[23:02:53] Modify product: Uncharacterized protein YccU => putative protein YccU
[23:02:53] Modify product: Probable ABC transporter phosphonate/phosphite binding protein PhnD2 => putative ABC transporter phosphonate/phosphite binding protein PhnD2
[23:02:53] Modify product: UPF0312 protein SA2479 => hypothetical protein
[23:02:53] Modify product: SCO1 protein homolog => SCO1 protein 
[23:02:53] Modify product: UPF0336 protein Rv0504c => hypothetical protein
[23:02:53] Modify product: Uncharacterized ABC transporter ATP-binding protein YbiT => putative ABC transporter ATP-binding protein YbiT
[23:02:53] Modify product: Probable S-adenosyl-L-methionine-dependent methyltransferase TehB => putative S-adenosyl-L-methionine-dependent methyltransferase TehB
[23:02:53] Modify product: Sulfurtransferase Alvin_2599 => Sulfurtransferase
[23:02:53] Modify product: Sulfurtransferase Alvin_2599 => Sulfurtransferase
[23:02:53] Modify product: Uncharacterized protein Rv2581c => putative protein
[23:02:53] Modify product: Sulfurtransferase Alvin_2599 => Sulfurtransferase
[23:02:53] Modify product: Uncharacterized protein YqzG => putative protein YqzG
[23:02:53] Modify product: Uncharacterized oxidoreductase YtbE => putative oxidoreductase YtbE
[23:02:53] Modify product: Uncharacterized protein HI_0755 => putative protein
[23:02:53] Modify product: UPF0271 protein YbgL => hypothetical protein
[23:02:53] Modify product: Putative hydro-lyase Atu3911 => Putative hydro-lyase
[23:02:53] Modify product: UPF0053 inner membrane protein YfjD => hypothetical protein
[23:02:53] Modify product: UPF0073 inner membrane protein YqfA => hypothetical protein
[23:02:53] Modify product: Uncharacterized symporter YodF => putative symporter YodF
[23:02:53] Modify product: Probable adenylyl-sulfate kinase => putative adenylyl-sulfate kinase
[23:02:53] Modify product: Uncharacterized ABC transporter ATP-binding protein YlmA => putative ABC transporter ATP-binding protein YlmA
[23:02:53] Modify product: Uncharacterized MFS-type transporter YfcJ => putative MFS-type transporter YfcJ
[23:02:53] Modify product: Uncharacterized methyltransferase YcgJ => putative methyltransferase YcgJ
[23:02:53] Modify product: Probable acyl-CoA dehydrogenase => putative acyl-CoA dehydrogenase
[23:02:53] Modify product: Probable sulfoacetate transporter SauU => putative sulfoacetate transporter SauU
[23:02:53] Modify product: Putative formate dehydrogenase SA2102 => Putative formate dehydrogenase
[23:02:53] Modify product: Uncharacterized MFS-type transporter YhjX => putative MFS-type transporter YhjX
[23:02:53] Modify product: Uncharacterized HTH-type transcriptional regulator SAR2349 => putative HTH-type transcriptional regulator
[23:02:53] Modify product: Uncharacterized MFS-type transporter YhhS => putative MFS-type transporter YhhS
[23:02:53] Modify product: Uncharacterized MFS-type transporter YhjX => putative MFS-type transporter YhjX
[23:02:53] Modify product: Uncharacterized protein Rv0647c => putative protein
[23:02:53] Modify product: Probable biotin transporter BioY => putative biotin transporter BioY
[23:02:53] Modify product: Uncharacterized acyl--CoA ligase YhfT => putative acyl--CoA ligase YhfT
[23:02:53] Modify product: Probable peptidoglycan endopeptidase LytE => putative peptidoglycan endopeptidase LytE
[23:02:53] Modify product: Uncharacterized inner membrane transporter YicL => putative inner membrane transporter YicL
[23:02:53] Modify product: Uncharacterized protein HI_0131 => putative protein
[23:02:53] Modify product: Uncharacterized HTH-type transcriptional regulator YurK => putative HTH-type transcriptional regulator YurK
[23:02:53] Modify product: Uncharacterized hydrolase YxeP => putative hydrolase YxeP
[23:02:53] Modify product: UPF0702 transmembrane protein YetF => hypothetical protein
[23:02:53] Modify product: UPF0702 transmembrane protein YetF => hypothetical protein
[23:02:53] Modify product: Probable cardiolipin synthase YwiE => putative cardiolipin synthase YwiE
[23:02:53] Modify product: Uncharacterized protein Rv1367c => putative protein
[23:02:53] Modify product: Probable manganese catalase => putative manganese catalase
[23:02:53] Modify product: UPF0702 transmembrane protein YetF => hypothetical protein
[23:02:53] Modify product: UPF0702 transmembrane protein YetF => hypothetical protein
[23:02:53] Modify product: UPF0178 protein YaiI => hypothetical protein
[23:02:54] Modify product: UPF0702 transmembrane protein YetF => hypothetical protein
[23:02:54] Modify product: Uncharacterized transporter YycB => putative transporter YycB
[23:02:54] Modify product: Uncharacterized inner membrane transporter YicL => putative inner membrane transporter YicL
[23:02:54] Modify product: UPF0060 membrane protein YnfA => hypothetical protein
[23:02:54] Modify product: Uncharacterized protein YcbX => putative protein YcbX
[23:02:54] Modify product: UPF0053 protein Rv1842c => hypothetical protein
[23:02:54] Modify product: Probable multidrug ABC transporter permease YbhR => putative multidrug ABC transporter permease YbhR
[23:02:54] Modify product: UPF0176 protein SP_0095 => hypothetical protein
[23:02:54] Modify product: Putative quercetin 2,3-dioxygenase Rv0181c => Putative quercetin 2,3-dioxygenase
[23:02:54] Modify product: Uncharacterized N-acetyltransferase YvbK => putative N-acetyltransferase YvbK
[23:02:54] Modify product: Uncharacterized oxidoreductase Rv1144 => putative oxidoreductase
[23:02:54] Modify product: Uncharacterized FAD-linked oxidoreductase Rv2280 => putative FAD-linked oxidoreductase
[23:02:54] Modify product: Uncharacterized FAD-linked oxidoreductase Rv2280 => putative FAD-linked oxidoreductase
[23:02:54] Modify product: Cyclic di-GMP phosphodiesterase TM_0186 => Cyclic di-GMP phosphodiesterase
[23:02:54] Modify product: Putative formate dehydrogenase SA2102 => Putative formate dehydrogenase
[23:02:54] Modify product: Uncharacterized protein Rv1367c => putative protein
[23:02:54] Modify product: Putative multidrug export ATP-binding/permease protein SA1683 => Putative multidrug export ATP-binding/permease protein
[23:02:54] Modify product: UPF0442 protein YjjB => hypothetical protein
[23:02:54] Modify product: Probable chromate transport protein => putative chromate transport protein
[23:02:54] Modify product: Probable nitrate transporter NarT => putative nitrate transporter NarT
[23:02:54] Modify product: Uncharacterized protein BHWA1_00569 => putative protein
[23:02:54] Modify product: Bifunctional protein FolD => Bifunctional protein FolD protein
[23:02:54] Modify product: Uncharacterized membrane protein Rv0364 => putative membrane protein
[23:02:54] Modify product: Probable S-adenosylmethionine-dependent methyltransferase MSMEG_2350/MSMEI_2290 => putative S-adenosylmethionine-dependent methyltransferase/MSMEI_2290
[23:02:54] Modify product: UPF0346 protein YozE => hypothetical protein
[23:02:54] Modify product: Probable succinyl-CoA:3-ketoacid coenzyme A transferase subunit B => putative succinyl-CoA:3-ketoacid coenzyme A transferase subunit B
[23:02:54] Modify product: SCO1 protein homolog => SCO1 protein 
[23:02:54] Modify product: DegV domain-containing protein SA1258 => DegV domain-containing protein
[23:02:54] Modify product: TelA-like protein SA1238 => TelA-like protein
[23:02:54] Modify product: UPF0053 inner membrane protein YgdQ => hypothetical protein
[23:02:54] Modify product: UPF0403 protein YphP => hypothetical protein
[23:02:54] Modify product: Uncharacterized protein YedJ => putative protein YedJ
[23:02:54] Modify product: Probable ATP-dependent helicase DinG homolog => putative ATP-dependent helicase DinG 
[23:02:54] Modify product: UPF0398 protein YpsA => hypothetical protein
[23:02:54] Modify product: Uncharacterized protein YppE => putative protein YppE
[23:02:54] Modify product: Uncharacterized protein YpoC => putative protein YpoC
[23:02:54] Modify product: Uncharacterized protein YpmB => putative protein YpmB
[23:02:54] Modify product: Probable ATP-dependent helicase DinG homolog => putative ATP-dependent helicase DinG 
[23:02:54] Modify product: Uncharacterized protein YpjD => putative protein YpjD
[23:02:54] Modify product: UPF0302 protein BA_1542/GBAA_1542/BAS1430 => hypothetical protein
[23:02:54] Modify product: 30S ribosomal protein S1 homolog => 30S ribosomal protein S1 
[23:02:54] Modify product: Uncharacterized protein YpfA => putative protein YpfA
[23:02:54] Modify product: Uncharacterized protein YpbG => putative protein YpbG
[23:02:54] Modify product: Probable manganese catalase => putative manganese catalase
[23:02:54] Modify product: Uncharacterized protein YpuA => putative protein YpuA
[23:02:54] Modify product: Probable succinyl-CoA:3-ketoacid coenzyme A transferase subunit B => putative succinyl-CoA:3-ketoacid coenzyme A transferase subunit B
[23:02:54] Modify product: Probable succinyl-CoA:3-ketoacid coenzyme A transferase subunit A => putative succinyl-CoA:3-ketoacid coenzyme A transferase subunit A
[23:02:54] Modify product: Uncharacterized oxidoreductase SA2266 => putative oxidoreductase
[23:02:54] Modify product: UPF0403 protein SA1345 => hypothetical protein
[23:02:54] Modify product: Probable GTPase Rv1496 => putative GTPase
[23:02:54] Modify product: Uncharacterized protein YycC => putative protein YycC
[23:02:54] Modify product: Bifunctional protein FolD => Bifunctional protein FolD protein
[23:02:54] Modify product: Uncharacterized protein Spy1535 => putative protein
[23:02:54] Modify product: Sulfurtransferase Alvin_2599 => Sulfurtransferase
[23:02:54] Modify product: Probable glycine dehydrogenase (decarboxylating) subunit 2 => putative glycine dehydrogenase (decarboxylating) subunit 2
[23:02:54] Modify product: Probable glycine dehydrogenase (decarboxylating) subunit 1 => putative glycine dehydrogenase (decarboxylating) subunit 1
[23:02:54] Modify product: Probable metallo-hydrolase M6_Spy0554 => putative metallo-hydrolase
[23:02:54] Modify product: Uncharacterized protein YqgQ => putative protein YqgQ
[23:02:54] Modify product: Uncharacterized protein YqgN => putative protein YqgN
[23:02:54] Modify product: Phosphate-specific transport system accessory protein PhoU homolog => Phosphate-specific transport system accessory protein PhoU 
[23:02:54] Modify product: Nucleotidase CA_C3379 => Nucleotidase
[23:02:54] Modify product: Probable endonuclease 4 => putative endonuclease 4
[23:02:54] Modify product: GTP cyclohydrolase 1 type 2 homolog => GTP cyclohydrolase 1 type 2 
[23:02:54] Modify product: UPF0178 protein YaiI => hypothetical protein
[23:02:54] Modify product: UPF0365 protein SA1402 => hypothetical protein
[23:02:54] Modify product: Uncharacterized protein YqeY => putative protein YqeY
[23:02:54] Modify product: Uncharacterized protein YqeN => putative protein YqeN
[23:02:54] Modify product: RNA-binding protein HI_1333 => RNA-binding protein
[23:02:54] Modify product: Uncharacterized protein YqeH => putative protein YqeH
[23:02:54] Modify product: Uncharacterized protease YdcP => putative protease YdcP
[23:02:54] Modify product: Uncharacterized protease YhbU => putative protease YhbU
[23:02:54] Modify product: UPF0473 protein SP_0194 => hypothetical protein
[23:02:54] Modify product: UPF0297 protein SA1445 => hypothetical protein
[23:02:54] Modify product: Putative transport protein Rv0205 => Putative transport protein
[23:02:54] Modify product: Uncharacterized AAA domain-containing protein Rv2559c => putative AAA domain-containing protein
[23:02:54] Modify product: Uncharacterized ABC transporter ATP-binding protein YxlF => putative ABC transporter ATP-binding protein YxlF
[23:02:54] Modify product: UPF0702 transmembrane protein YetF => hypothetical protein
[23:02:54] Modify product: Probable nicotinate-nucleotide pyrophosphorylase [carboxylating] => putative nicotinate-nucleotide pyrophosphorylase [carboxylating]
[23:02:54] Modify product: UPF0758 protein YsxA => hypothetical protein
[23:02:54] Modify product: Probable GTP-binding protein EngB => putative GTP-binding protein EngB
[23:02:54] Modify product: Putative metallophosphoesterase MG207 homolog => Putative metallophosphoesterase MG207 
[23:02:54] Modify product: Uncharacterized HTH-type transcriptional regulator YusO => putative HTH-type transcriptional regulator YusO
[23:02:54] Modify product: Putative esterase aq_1494 => Putative esterase
[23:02:54] Modify product: Uncharacterized protein YslB => putative protein YslB
[23:02:54] Modify product: Probable enoyl-CoA hydratase => putative enoyl-CoA hydratase
[23:02:54] Modify product: Uncharacterized amino acid permease YhdG => putative amino acid permease YhdG
[23:02:55] Modify product: UPF0173 metal-dependent hydrolase SA1529 => hypothetical protein
[23:02:55] Modify product: Uncharacterized peptidase SA1530 => putative peptidase
[23:02:55] Modify product: Putative universal stress protein SA1532 => Putative universal stress protein
[23:02:55] Modify product: Uncharacterized spore protein YtfJ => putative spore protein YtfJ
[23:02:55] Modify product: Probable tRNA sulfurtransferase => putative tRNA sulfurtransferase
[23:02:55] Modify product: Probable HTH-type transcriptional regulator YttP => putative HTH-type transcriptional regulator YttP
[23:02:55] Modify product: UPF0478 protein SA1560 => hypothetical protein
[23:02:55] Modify product: UPF0354 protein SA1564 => hypothetical protein
[23:02:55] Modify product: Probable quorum-quenching lactonase YtnP => putative quorum-quenching lactonase YtnP
[23:02:55] Modify product: Putative dipeptidase SACOL1801 => Putative dipeptidase
[23:02:55] Modify product: Uncharacterized HTH-type transcriptional regulator YtzE => putative HTH-type transcriptional regulator YtzE
[23:02:55] Modify product: Uncharacterized protein HI_0933 => putative protein
[23:02:55] Modify product: Sulfurtransferase Alvin_2599 => Sulfurtransferase
[23:02:55] Modify product: Uncharacterized protein YtmB => putative protein YtmB
[23:02:55] Modify product: Uncharacterized sugar epimerase YhfK => putative sugar epimerase YhfK
[23:02:55] Modify product: Cyclic nucleotide-gated potassium channel mll3241 => Cyclic nucleotide-gated potassium channel
[23:02:55] Modify product: Putative esterase PA1618 => Putative esterase
[23:02:55] Modify product: Probable cytosol aminopeptidase => putative cytosol aminopeptidase
[23:02:55] Modify product: Uncharacterized protein YuiC => putative protein YuiC
[23:02:55] Modify product: NADH dehydrogenase-like protein SA0802 => NADH dehydrogenase-like protein
[23:02:55] Modify product: Protein aq_1857 => Protein
[23:02:55] Modify product: Uncharacterized protein YpjQ => putative protein YpjQ
[23:02:55] Modify product: UPF0331 protein YutE => hypothetical protein
[23:02:55] Modify product: Uncharacterized protein YutD => putative protein YutD
[23:02:55] Modify product: Cyclic di-GMP phosphodiesterase PA4108 => Cyclic di-GMP phosphodiesterase
[23:02:55] Modify product: UPF0051 protein SA0778 => hypothetical protein
[23:02:55] Modify product: UPF0051 protein SA0778 => hypothetical protein
[23:02:55] Modify product: Probable acyl-CoA dehydrogenase => putative acyl-CoA dehydrogenase
[23:02:55] Modify product: Probable 3-hydroxyacyl-CoA dehydrogenase => putative 3-hydroxyacyl-CoA dehydrogenase
[23:02:55] Modify product: Probable siderophore transport system ATP-binding protein YusV => putative siderophore transport system ATP-binding protein YusV
[23:02:55] Modify product: Probable siderophore transport system permease protein YfhA => putative siderophore transport system permease protein YfhA
[23:02:55] Modify product: Probable siderophore transport system permease protein YfiZ => putative siderophore transport system permease protein YfiZ
[23:02:55] Modify product: Probable siderophore-binding lipoprotein YfiY => putative siderophore-binding lipoprotein YfiY
[23:02:55] Modify product: Uncharacterized HTH-type transcriptional regulator YusO => putative HTH-type transcriptional regulator YusO
[23:02:55] Modify product: Probable protein-export membrane protein SecG => putative protein-export membrane protein SecG
[23:02:55] Modify product: Uncharacterized protein BA_2834/GBAA_2834/BAS2643 => putative protein/GBAA_2834/BAS2643
[23:02:55] Modify product: PTS system EIIBC component SA0186 => PTS system EIIBC component
[23:02:55] Modify product: Putative transport protein Rv0205 => Putative transport protein
[23:02:55] Modify product: Probable chromate transport protein => putative chromate transport protein
[23:02:55] Modify product: Uncharacterized response regulatory protein SACOL0201 => putative response regulatory protein
[23:02:55] Modify product: Uncharacterized protein YjfB => putative protein YjfB
[23:02:55] Modify product: Uncharacterized protein YvyC => putative protein YvyC
[23:02:55] Modify product: Uncharacterized protein YviE => putative protein YviE
[23:02:55] Modify product: Uncharacterized protein YvyG => putative protein YvyG
[23:02:55] Modify product: Uncharacterized signaling protein PA1727 => putative signaling protein
[23:02:55] Modify product: Probable undecaprenyl-phosphate N-acetylglucosaminyl 1-phosphate transferase => putative undecaprenyl-phosphate N-acetylglucosaminyl 1-phosphate transferase
[23:02:55] Modify product: Probable peptidoglycan endopeptidase LytE => putative peptidoglycan endopeptidase LytE
[23:02:55] Modify product: Probable poly-beta-1,6-N-acetyl-D-glucosamine export protein => putative poly-beta-1,6-N-acetyl-D-glucosamine export protein
[23:02:55] Modify product: Probable capsular polysaccharide biosynthesis protein YwqC => putative capsular polysaccharide biosynthesis protein YwqC
[23:02:55] Modify product: UPF0758 protein YsxA => hypothetical protein
[23:02:55] Modify product: Probable peptidoglycan endopeptidase LytE => putative peptidoglycan endopeptidase LytE
[23:02:55] Modify product: Uncharacterized protein YhfX => putative protein YhfX
[23:02:55] Modify product: Uncharacterized protein YhfS => putative protein YhfS
[23:02:55] Modify product: Uncharacterized protein YhfS => putative protein YhfS
[23:02:55] Modify product: Uncharacterized protein BHWA1_00569 => putative protein
[23:02:55] Modify product: Uncharacterized protein YwmB => putative protein YwmB
[23:02:55] Modify product: UPF0340 protein YwlG => hypothetical protein
[23:02:55] Modify product: Probable manganese efflux pump MntP => putative manganese efflux pump MntP
[23:02:55] Modify product: Probable fructose-bisphosphate aldolase => putative fructose-bisphosphate aldolase
[23:02:55] Modify product: Probable 3-hydroxybutyryl-CoA dehydrogenase => putative 3-hydroxybutyryl-CoA dehydrogenase
[23:02:55] Modify product: Probable iron-sulfur-binding oxidoreductase FadF => putative iron-sulfur-binding oxidoreductase FadF
[23:02:55] Modify product: Uncharacterized beta-barrel protein YwiB => putative beta-barrel protein YwiB
[23:02:55] Modify product: Putative heme-dependent peroxidase GK3416 => Putative heme-dependent peroxidase
[23:02:55] Modify product: UPF0382 membrane protein YwdK => hypothetical protein
[23:02:55] Modify product: Uncharacterized protein YwdI => putative protein YwdI
[23:02:55] Modify product: Probable multidrug ABC transporter permease YbhS => putative multidrug ABC transporter permease YbhS
[23:02:55] Modify product: Probable multidrug ABC transporter ATP-binding protein YbhF => putative multidrug ABC transporter ATP-binding protein YbhF
[23:02:55] Modify product: Probable N-acetyl-alpha-D-glucosaminyl L-malate deacetylase 2 => putative N-acetyl-alpha-D-glucosaminyl L-malate deacetylase 2
[23:02:55] Modify product: Uncharacterized protein YojF => putative protein YojF
[23:02:55] Modify product: Probable molybdenum cofactor guanylyltransferase => putative molybdenum cofactor guanylyltransferase
[23:02:55] Modify product: Probable methylxanthine N7-demethylase NdmC => putative methylxanthine N7-demethylase NdmC
[23:02:55] Modify product: Probable 3-phenylpropionic acid transporter => putative 3-phenylpropionic acid transporter
[23:02:55] Modify product: UPF0758 protein YsxA => hypothetical protein
[23:02:55] Modify product: Uncharacterized membrane protein YdfK => putative membrane protein YdfK
[23:02:55] Cleaned 400 /product names
[23:02:55] Deleting unwanted file: bacillus_firmus-assembly.fna.prokka_annotation/sprot.faa
[23:02:55] Deleting unwanted file: bacillus_firmus-assembly.fna.prokka_annotation/sprot.blast
[23:02:56] There are still 1920 unannotated CDS left (started with 4822)
[23:02:56] Will use hmmer3 to search against /home/basu/anaconda3/bin/../db/hmm/HAMAP.hmm with 1 CPUs
[23:02:56] Running: cat bacillus_firmus\-assembly\.fna\.prokka_annotation\/HAMAP\.hmm\.faa | parallel --gnu --plain -j 1 --block 197642 --recstart '>' --pipe hmmscan --noali --notextw --acc -E 1e-06 --cpu 1 /home/basu/anaconda3/bin/../db/hmm/HAMAP.hmm /dev/stdin > bacillus_firmus\-assembly\.fna\.prokka_annotation\/HAMAP\.hmm\.hmmer3 2> /dev/null
[23:05:05] Modify product: Protein SprT-like => Protein SprT-like protein
[23:05:05] Modify product: Uncharacterized Nudix hydrolase NudL => putative Nudix hydrolase NudL
[23:05:05] Cleaned 2 /product names
[23:05:05] Deleting unwanted file: bacillus_firmus-assembly.fna.prokka_annotation/HAMAP.hmm.faa
[23:05:05] Deleting unwanted file: bacillus_firmus-assembly.fna.prokka_annotation/HAMAP.hmm.hmmer3
[23:05:05] Labelling remaining 1839 proteins as 'hypothetical protein'
[23:05:05] Possible /pseudo 'Citrate transporter' at NZ_UFTC01000001.1 position 787728
[23:05:05] Possible /pseudo 'putative ABC transporter ATP-binding protein' at NZ_UFTC01000001.1 position 1141803
[23:05:05] Possible /pseudo 'Glucose--fructose oxidoreductase' at NZ_UFTC01000001.1 position 1195106
[23:05:05] Possible /pseudo 'Pyrroline-5-carboxylate reductase' at NZ_UFTC01000001.1 position 1210861
[23:05:05] Possible /pseudo 'Endospore coat-associated protein YheD' at NZ_UFTC01000001.1 position 1280488
[23:05:05] Possible /pseudo 'Endospore coat-associated protein YheD' at NZ_UFTC01000001.1 position 1281830
[23:05:05] Possible /pseudo 'Endospore coat-associated protein YheD' at NZ_UFTC01000001.1 position 1282893
[23:05:05] Possible /pseudo 'Carbamoyl-phosphate synthase arginine-specific small chain' at NZ_UFTC01000001.1 position 1415475
[23:05:05] Possible /pseudo 'Tyrosine recombinase XerC' at NZ_UFTC01000001.1 position 1520776
[23:05:05] Possible /pseudo 'PTS system trehalose-specific EIIBC component' at NZ_UFTC01000001.1 position 1585203
[23:05:05] Possible /pseudo 'Oligo-1,6-glucosidase' at NZ_UFTC01000001.1 position 1586450
[23:05:05] Possible /pseudo 'putative protein' at NZ_UFTC01000001.1 position 1822614
[23:05:05] Possible /pseudo 'Chromate transport protein' at NZ_UFTC01000001.1 position 2067841
[23:05:05] Possible /pseudo 'Oligo-1,6-glucosidase' at NZ_UFTC01000001.1 position 2094212
[23:05:05] Possible /pseudo 'putative xanthine dehydrogenase subunit A' at NZ_UFTC01000001.1 position 2219991
[23:05:05] Possible /pseudo 'General stress protein 16U' at NZ_UFTC01000001.1 position 2293778
[23:05:05] Possible /pseudo 'Oxidoreductase YdhF' at NZ_UFTC01000001.1 position 2295211
[23:05:05] Possible /pseudo 'Sulfurtransferase' at NZ_UFTC01000001.1 position 2345099
[23:05:05] Possible /pseudo 'Exosporium protein C' at NZ_UFTC01000001.1 position 2454009
[23:05:05] Possible /pseudo 'Hydrogen cyanide synthase subunit HcnB' at NZ_UFTC01000001.1 position 2580117
[23:05:05] Possible /pseudo 'Tyrosine recombinase XerD' at NZ_UFTC01000001.1 position 3754873
[23:05:05] Possible /pseudo 'DNA translocase SftA' at NZ_UFTC01000001.1 position 3902918
[23:05:05] Possible /pseudo 'Putative fluoride ion transporter CrcB' at NZ_UFTC01000001.1 position 4139074
[23:05:05] Possible /pseudo 'Protein translocase subunit SecA' at NZ_UFTC01000001.1 position 4226378
[23:05:05] Possible /pseudo 'Group II intron-encoded protein LtrA' at NZ_UFTC01000001.1 position 4416538
[23:05:05] Possible /pseudo 'putative protein YhfS' at NZ_UFTC01000001.1 position 4505984
[23:05:05] Possible /pseudo 'Flagellar basal-body rod protein FlgG' at NZ_UFTC01000001.1 position 4526174
[23:05:05] Possible /pseudo 'Acyl-CoA dehydrogenase' at NZ_UFTC01000001.1 position 4603064
[23:05:05] Found 2031 unique /gene codes.
[23:05:05] Fixed 2 duplicate /gene - plsC_1 plsC_2
[23:05:05] Fixed 2 duplicate /gene - proA_1 proA_2
[23:05:05] Fixed 3 duplicate /gene - der_1 der_2 der_3
[23:05:05] Fixed 2 duplicate /gene - yvqK_1 yvqK_2
[23:05:05] Fixed 3 duplicate /gene - ywiE_1 ywiE_2 ywiE_3
[23:05:05] Fixed 5 duplicate /gene - srrA_1 srrA_2 srrA_3 srrA_4 srrA_5
[23:05:05] Fixed 5 duplicate /gene - natA_1 natA_2 natA_3 natA_4 natA_5
[23:05:05] Fixed 3 duplicate /gene - nhaC_1 nhaC_2 nhaC_3
[23:05:05] Fixed 3 duplicate /gene - gerBA_1 gerBA_2 gerBA_3
[23:05:05] Fixed 3 duplicate /gene - walK_1 walK_2 walK_3
[23:05:05] Fixed 2 duplicate /gene - yfcJ_1 yfcJ_2
[23:05:05] Fixed 2 duplicate /gene - btr_1 btr_2
[23:05:05] Fixed 2 duplicate /gene - alaS_1 alaS_2
[23:05:05] Fixed 2 duplicate /gene - yhcR_1 yhcR_2
[23:05:05] Fixed 2 duplicate /gene - acsA_1 acsA_2
[23:05:05] Fixed 2 duplicate /gene - comK_1 comK_2
[23:05:05] Fixed 2 duplicate /gene - spo0M_1 spo0M_2
[23:05:05] Fixed 5 duplicate /gene - yceD_1 yceD_2 yceD_3 yceD_4 yceD_5
[23:05:05] Fixed 2 duplicate /gene - yhfA_1 yhfA_2
[23:05:05] Fixed 7 duplicate /gene - kinE_1 kinE_2 kinE_3 kinE_4 kinE_5 kinE_6 kinE_7
[23:05:05] Fixed 2 duplicate /gene - ybhF_1 ybhF_2
[23:05:05] Fixed 5 duplicate /gene - ydaF_1 ydaF_2 ydaF_3 ydaF_4 ydaF_5
[23:05:05] Fixed 2 duplicate /gene - mmgC_1 mmgC_2
[23:05:05] Fixed 3 duplicate /gene - livH_1 livH_2 livH_3
[23:05:05] Fixed 2 duplicate /gene - ccsA_1 ccsA_2
[23:05:05] Fixed 2 duplicate /gene - flgG_1 flgG_2
[23:05:05] Fixed 2 duplicate /gene - dinG_1 dinG_2
[23:05:05] Fixed 2 duplicate /gene - chrA1_1 chrA1_2
[23:05:05] Fixed 2 duplicate /gene - yvgN_1 yvgN_2
[23:05:05] Fixed 3 duplicate /gene - csxC_1 csxC_2 csxC_3
[23:05:05] Fixed 2 duplicate /gene - panF_1 panF_2
[23:05:05] Fixed 2 duplicate /gene - hsdM_1 hsdM_2
[23:05:05] Fixed 2 duplicate /gene - gdh_1 gdh_2
[23:05:05] Fixed 2 duplicate /gene - cysK_1 cysK_2
[23:05:05] Fixed 3 duplicate /gene - hrp1_1 hrp1_2 hrp1_3
[23:05:05] Fixed 2 duplicate /gene - artQ_1 artQ_2
[23:05:05] Fixed 2 duplicate /gene - ettA_1 ettA_2
[23:05:05] Fixed 2 duplicate /gene - carB_1 carB_2
[23:05:05] Fixed 2 duplicate /gene - trxB_1 trxB_2
[23:05:05] Fixed 3 duplicate /gene - livF_1 livF_2 livF_3
[23:05:05] Fixed 2 duplicate /gene - murJ_1 murJ_2
[23:05:05] Fixed 3 duplicate /gene - safA_1 safA_2 safA_3
[23:05:05] Fixed 2 duplicate /gene - hxlA_1 hxlA_2
[23:05:05] Fixed 2 duplicate /gene - mrpD_1 mrpD_2
[23:05:05] Fixed 2 duplicate /gene - pbpH_1 pbpH_2
[23:05:05] Fixed 2 duplicate /gene - queE_1 queE_2
[23:05:05] Fixed 2 duplicate /gene - scoB_1 scoB_2
[23:05:05] Fixed 2 duplicate /gene - leuC_1 leuC_2
[23:05:05] Fixed 2 duplicate /gene - nisC_1 nisC_2
[23:05:05] Fixed 3 duplicate /gene - plsY_1 plsY_2 plsY_3
[23:05:05] Fixed 3 duplicate /gene - recJ_1 recJ_2 recJ_3
[23:05:05] Fixed 2 duplicate /gene - htrB_1 htrB_2
[23:05:05] Fixed 3 duplicate /gene - yflH_1 yflH_2 yflH_3
[23:05:05] Fixed 2 duplicate /gene - menH_1 menH_2
[23:05:05] Fixed 2 duplicate /gene - pdhB_1 pdhB_2
[23:05:05] Fixed 6 duplicate /gene - glpQ_1 glpQ_2 glpQ_3 glpQ_4 glpQ_5 glpQ_6
[23:05:05] Fixed 2 duplicate /gene - codB_1 codB_2
[23:05:05] Fixed 3 duplicate /gene - phoR_1 phoR_2 phoR_3
[23:05:05] Fixed 2 duplicate /gene - Int-Tn_1 Int-Tn_2
[23:05:05] Fixed 2 duplicate /gene - ycsE_1 ycsE_2
[23:05:05] Fixed 2 duplicate /gene - fosB_1 fosB_2
[23:05:05] Fixed 21 duplicate /gene - ltrA_1 ltrA_2 ltrA_3 ltrA_4 ltrA_5 ltrA_6 ltrA_7 ltrA_8 ltrA_9 ltrA_10 ltrA_11 ltrA_12 ltrA_13 ltrA_14 ltrA_15 ltrA_16 ltrA_17 ltrA_18 ltrA_19 ltrA_20 ltrA_21
[23:05:05] Fixed 2 duplicate /gene - rny_1 rny_2
[23:05:05] Fixed 3 duplicate /gene - aaaT_1 aaaT_2 aaaT_3
[23:05:05] Fixed 2 duplicate /gene - vanW_1 vanW_2
[23:05:05] Fixed 2 duplicate /gene - msrR_1 msrR_2
[23:05:05] Fixed 3 duplicate /gene - cwlJ_1 cwlJ_2 cwlJ_3
[23:05:05] Fixed 2 duplicate /gene - ahpC_1 ahpC_2
[23:05:05] Fixed 2 duplicate /gene - drrA_1 drrA_2
[23:05:05] Fixed 2 duplicate /gene - uvsE_1 uvsE_2
[23:05:05] Fixed 2 duplicate /gene - pyrD_1 pyrD_2
[23:05:05] Fixed 3 duplicate /gene - ysdC_1 ysdC_2 ysdC_3
[23:05:05] Fixed 3 duplicate /gene - pdhD_1 pdhD_2 pdhD_3
[23:05:05] Fixed 2 duplicate /gene - bmr3_1 bmr3_2
[23:05:05] Fixed 4 duplicate /gene - secA_1 secA_2 secA_3 secA_4
[23:05:05] Fixed 2 duplicate /gene - mdeA_1 mdeA_2
[23:05:05] Fixed 2 duplicate /gene - metC_1 metC_2
[23:05:05] Fixed 2 duplicate /gene - cadA_1 cadA_2
[23:05:05] Fixed 2 duplicate /gene - ltaS1_1 ltaS1_2
[23:05:05] Fixed 3 duplicate /gene - rsfA_1 rsfA_2 rsfA_3
[23:05:05] Fixed 3 duplicate /gene - cspD_1 cspD_2 cspD_3
[23:05:05] Fixed 2 duplicate /gene - hisK_1 hisK_2
[23:05:05] Fixed 2 duplicate /gene - kinD_1 kinD_2
[23:05:05] Fixed 2 duplicate /gene - pncB2_1 pncB2_2
[23:05:05] Fixed 2 duplicate /gene - fadR_1 fadR_2
[23:05:05] Fixed 2 duplicate /gene - ucpA_1 ucpA_2
[23:05:05] Fixed 2 duplicate /gene - dnaN_1 dnaN_2
[23:05:05] Fixed 2 duplicate /gene - dctM_1 dctM_2
[23:05:05] Fixed 2 duplicate /gene - hag_1 hag_2
[23:05:05] Fixed 2 duplicate /gene - norM_1 norM_2
[23:05:05] Fixed 3 duplicate /gene - ypdA_1 ypdA_2 ypdA_3
[23:05:05] Fixed 4 duplicate /gene - swrC_1 swrC_2 swrC_3 swrC_4
[23:05:05] Fixed 3 duplicate /gene - oppA_1 oppA_2 oppA_3
[23:05:05] Fixed 2 duplicate /gene - sigW_1 sigW_2
[23:05:05] Fixed 2 duplicate /gene - zmp1_1 zmp1_2
[23:05:05] Fixed 2 duplicate /gene - ribX_1 ribX_2
[23:05:05] Fixed 2 duplicate /gene - putB_1 putB_2
[23:05:05] Fixed 4 duplicate /gene - resE_1 resE_2 resE_3 resE_4
[23:05:05] Fixed 5 duplicate /gene - polC_1 polC_2 polC_3 polC_4 polC_5
[23:05:05] Fixed 2 duplicate /gene - sftA_1 sftA_2
[23:05:05] Fixed 3 duplicate /gene - rocR_1 rocR_2 rocR_3
[23:05:05] Fixed 3 duplicate /gene - carA_1 carA_2 carA_3
[23:05:05] Fixed 2 duplicate /gene - feuB_1 feuB_2
[23:05:05] Fixed 2 duplicate /gene - dppC_1 dppC_2
[23:05:05] Fixed 3 duplicate /gene - ydhK_1 ydhK_2 ydhK_3
[23:05:05] Fixed 2 duplicate /gene - hxlB_1 hxlB_2
[23:05:05] Fixed 2 duplicate /gene - ktrB_1 ktrB_2
[23:05:05] Fixed 2 duplicate /gene - yfhP_1 yfhP_2
[23:05:05] Fixed 3 duplicate /gene - yueB_1 yueB_2 yueB_3
[23:05:05] Fixed 3 duplicate /gene - rluD_1 rluD_2 rluD_3
[23:05:05] Fixed 5 duplicate /gene - yocH_1 yocH_2 yocH_3 yocH_4 yocH_5
[23:05:05] Fixed 2 duplicate /gene - nadR_1 nadR_2
[23:05:05] Fixed 2 duplicate /gene - ilvB_1 ilvB_2
[23:05:05] Fixed 2 duplicate /gene - lysN_1 lysN_2
[23:05:05] Fixed 7 duplicate /gene - xerD_1 xerD_2 xerD_3 xerD_4 xerD_5 xerD_6 xerD_7
[23:05:05] Fixed 2 duplicate /gene - opuCA_1 opuCA_2
[23:05:05] Fixed 2 duplicate /gene - ftsW_1 ftsW_2
[23:05:05] Fixed 2 duplicate /gene - accC_1 accC_2
[23:05:05] Fixed 5 duplicate /gene - dsrE2_1 dsrE2_2 dsrE2_3 dsrE2_4 dsrE2_5
[23:05:05] Fixed 2 duplicate /gene - ggt_1 ggt_2
[23:05:05] Fixed 2 duplicate /gene - bdlA_1 bdlA_2
[23:05:05] Fixed 6 duplicate /gene - malL_1 malL_2 malL_3 malL_4 malL_5 malL_6
[23:05:05] Fixed 2 duplicate /gene - speG_1 speG_2
[23:05:05] Fixed 2 duplicate /gene - yusO_1 yusO_2
[23:05:05] Fixed 3 duplicate /gene - treP_1 treP_2 treP_3
[23:05:05] Fixed 2 duplicate /gene - pbuO_1 pbuO_2
[23:05:05] Fixed 2 duplicate /gene - nasC_1 nasC_2
[23:05:05] Fixed 4 duplicate /gene - kstR2_1 kstR2_2 kstR2_3 kstR2_4
[23:05:05] Fixed 2 duplicate /gene - cshE_1 cshE_2
[23:05:05] Fixed 2 duplicate /gene - murE_1 murE_2
[23:05:05] Fixed 2 duplicate /gene - rnmV_1 rnmV_2
[23:05:05] Fixed 2 duplicate /gene - sphR_1 sphR_2
[23:05:05] Fixed 3 duplicate /gene - cwlC_1 cwlC_2 cwlC_3
[23:05:05] Fixed 3 duplicate /gene - pdhC_1 pdhC_2 pdhC_3
[23:05:05] Fixed 4 duplicate /gene - lcfB_1 lcfB_2 lcfB_3 lcfB_4
[23:05:05] Fixed 3 duplicate /gene - hexR_1 hexR_2 hexR_3
[23:05:05] Fixed 2 duplicate /gene - mrpG_1 mrpG_2
[23:05:05] Fixed 2 duplicate /gene - cotZ_1 cotZ_2
[23:05:05] Fixed 2 duplicate /gene - acdA_1 acdA_2
[23:05:05] Fixed 2 duplicate /gene - greA_1 greA_2
[23:05:05] Fixed 2 duplicate /gene - pomA_1 pomA_2
[23:05:05] Fixed 2 duplicate /gene - csoR_1 csoR_2
[23:05:05] Fixed 2 duplicate /gene - dedA_1 dedA_2
[23:05:05] Fixed 2 duplicate /gene - nagE_1 nagE_2
[23:05:05] Fixed 2 duplicate /gene - idnO_1 idnO_2
[23:05:05] Fixed 2 duplicate /gene - nagB_1 nagB_2
[23:05:05] Fixed 2 duplicate /gene - panS_1 panS_2
[23:05:05] Fixed 2 duplicate /gene - tcyC_1 tcyC_2
[23:05:05] Fixed 2 duplicate /gene - folD_1 folD_2
[23:05:05] Fixed 2 duplicate /gene - lipC_1 lipC_2
[23:05:05] Fixed 5 duplicate /gene - tatAd_1 tatAd_2 tatAd_3 tatAd_4 tatAd_5
[23:05:05] Fixed 2 duplicate /gene - hemY_1 hemY_2
[23:05:05] Fixed 2 duplicate /gene - tetA_1 tetA_2
[23:05:05] Fixed 2 duplicate /gene - hsdS_1 hsdS_2
[23:05:05] Fixed 2 duplicate /gene - citN_1 citN_2
[23:05:05] Fixed 3 duplicate /gene - hisC_1 hisC_2 hisC_3
[23:05:05] Fixed 5 duplicate /gene - hin_1 hin_2 hin_3 hin_4 hin_5
[23:05:05] Fixed 2 duplicate /gene - copZ_1 copZ_2
[23:05:05] Fixed 2 duplicate /gene - rodA_1 rodA_2
[23:05:05] Fixed 3 duplicate /gene - araQ_1 araQ_2 araQ_3
[23:05:05] Fixed 2 duplicate /gene - sbmC_1 sbmC_2
[23:05:05] Fixed 2 duplicate /gene - opuD_1 opuD_2
[23:05:05] Fixed 2 duplicate /gene - zupT_1 zupT_2
[23:05:05] Fixed 2 duplicate /gene - uvrD1_1 uvrD1_2
[23:05:05] Fixed 2 duplicate /gene - ydhF_1 ydhF_2
[23:05:05] Fixed 2 duplicate /gene - abgB_1 abgB_2
[23:05:05] Fixed 2 duplicate /gene - map_1 map_2
[23:05:05] Fixed 3 duplicate /gene - liaR_1 liaR_2 liaR_3
[23:05:05] Fixed 3 duplicate /gene - kinA_1 kinA_2 kinA_3
[23:05:05] Fixed 2 duplicate /gene - potA_1 potA_2
[23:05:05] Fixed 3 duplicate /gene - smc_1 smc_2 smc_3
[23:05:05] Fixed 2 duplicate /gene - amaB_1 amaB_2
[23:05:05] Fixed 4 duplicate /gene - flp_1 flp_2 flp_3 flp_4
[23:05:05] Fixed 4 duplicate /gene - hcnB_1 hcnB_2 hcnB_3 hcnB_4
[23:05:05] Fixed 2 duplicate /gene - motB_1 motB_2
[23:05:05] Fixed 3 duplicate /gene - bioY_1 bioY_2 bioY_3
[23:05:05] Fixed 2 duplicate /gene - yusV_1 yusV_2
[23:05:05] Fixed 2 duplicate /gene - bshB1_1 bshB1_2
[23:05:05] Fixed 2 duplicate /gene - pdaC_1 pdaC_2
[23:05:05] Fixed 2 duplicate /gene - hom_1 hom_2
[23:05:05] Fixed 2 duplicate /gene - appA_1 appA_2
[23:05:05] Fixed 2 duplicate /gene - dapH_1 dapH_2
[23:05:05] Fixed 2 duplicate /gene - lytC_1 lytC_2
[23:05:05] Fixed 2 duplicate /gene - rsbRB_1 rsbRB_2
[23:05:05] Fixed 2 duplicate /gene - dapA_1 dapA_2
[23:05:05] Fixed 2 duplicate /gene - cdd_1 cdd_2
[23:05:05] Fixed 2 duplicate /gene - lutC_1 lutC_2
[23:05:05] Fixed 2 duplicate /gene - katA_1 katA_2
[23:05:05] Fixed 2 duplicate /gene - copA_1 copA_2
[23:05:05] Fixed 6 duplicate /gene - tusA_1 tusA_2 tusA_3 tusA_4 tusA_5 tusA_6
[23:05:05] Fixed 4 duplicate /gene - ydbD_1 ydbD_2 ydbD_3 ydbD_4
[23:05:05] Fixed 3 duplicate /gene - uvrC_1 uvrC_2 uvrC_3
[23:05:05] Fixed 2 duplicate /gene - dnaC_1 dnaC_2
[23:05:05] Fixed 4 duplicate /gene - spoVAD_1 spoVAD_2 spoVAD_3 spoVAD_4
[23:05:05] Fixed 2 duplicate /gene - recQ_1 recQ_2
[23:05:05] Fixed 2 duplicate /gene - yknX_1 yknX_2
[23:05:05] Fixed 2 duplicate /gene - phaJ_1 phaJ_2
[23:05:05] Fixed 4 duplicate /gene - mcpB_1 mcpB_2 mcpB_3 mcpB_4
[23:05:05] Fixed 2 duplicate /gene - oppB_1 oppB_2
[23:05:05] Fixed 2 duplicate /gene - sufT_1 sufT_2
[23:05:05] Fixed 2 duplicate /gene - pta_1 pta_2
[23:05:05] Fixed 2 duplicate /gene - catD_1 catD_2
[23:05:05] Fixed 2 duplicate /gene - iscS_1 iscS_2
[23:05:05] Fixed 2 duplicate /gene - dinB_1 dinB_2
[23:05:05] Fixed 2 duplicate /gene - amyX_1 amyX_2
[23:05:05] Fixed 2 duplicate /gene - mrpF_1 mrpF_2
[23:05:05] Fixed 2 duplicate /gene - metN_1 metN_2
[23:05:05] Fixed 2 duplicate /gene - alkA_1 alkA_2
[23:05:05] Fixed 2 duplicate /gene - sodA_1 sodA_2
[23:05:05] Fixed 2 duplicate /gene - yhhS_1 yhhS_2
[23:05:05] Fixed 3 duplicate /gene - mcbR_1 mcbR_2 mcbR_3
[23:05:05] Fixed 3 duplicate /gene - gerAA_1 gerAA_2 gerAA_3
[23:05:05] Fixed 2 duplicate /gene - ykuD_1 ykuD_2
[23:05:05] Fixed 3 duplicate /gene - cccA_1 cccA_2 cccA_3
[23:05:05] Fixed 2 duplicate /gene - pcp_1 pcp_2
[23:05:05] Fixed 2 duplicate /gene - ctpA_1 ctpA_2
[23:05:05] Fixed 3 duplicate /gene - pbpF_1 pbpF_2 pbpF_3
[23:05:05] Fixed 4 duplicate /gene - pdaA_1 pdaA_2 pdaA_3 pdaA_4
[23:05:05] Fixed 2 duplicate /gene - ricR_1 ricR_2
[23:05:05] Fixed 3 duplicate /gene - patA_1 patA_2 patA_3
[23:05:05] Fixed 4 duplicate /gene - atoC_1 atoC_2 atoC_3 atoC_4
[23:05:05] Fixed 2 duplicate /gene - zwf_1 zwf_2
[23:05:05] Fixed 2 duplicate /gene - czrA_1 czrA_2
[23:05:05] Fixed 2 duplicate /gene - tyrS_1 tyrS_2
[23:05:05] Fixed 7 duplicate /gene - oppF_1 oppF_2 oppF_3 oppF_4 oppF_5 oppF_6 oppF_7
[23:05:05] Fixed 2 duplicate /gene - kynB_1 kynB_2
[23:05:05] Fixed 2 duplicate /gene - yxlF_1 yxlF_2
[23:05:05] Fixed 2 duplicate /gene - mrpC_1 mrpC_2
[23:05:05] Fixed 3 duplicate /gene - yfkN_1 yfkN_2 yfkN_3
[23:05:05] Fixed 3 duplicate /gene - bltD_1 bltD_2 bltD_3
[23:05:05] Fixed 2 duplicate /gene - pabA_1 pabA_2
[23:05:05] Fixed 4 duplicate /gene - yheD_1 yheD_2 yheD_3 yheD_4
[23:05:05] Fixed 2 duplicate /gene - acp_1 acp_2
[23:05:05] Fixed 2 duplicate /gene - sumT_1 sumT_2
[23:05:05] Fixed 4 duplicate /gene - lytE_1 lytE_2 lytE_3 lytE_4
[23:05:05] Fixed 2 duplicate /gene - helD_1 helD_2
[23:05:05] Fixed 4 duplicate /gene - gtaB_1 gtaB_2 gtaB_3 gtaB_4
[23:05:05] Fixed 2 duplicate /gene - mtnX_1 mtnX_2
[23:05:05] Fixed 2 duplicate /gene - ptsG_1 ptsG_2
[23:05:05] Fixed 2 duplicate /gene - crcB_1 crcB_2
[23:05:05] Fixed 2 duplicate /gene - cysL_1 cysL_2
[23:05:05] Fixed 2 duplicate /gene - trmL_1 trmL_2
[23:05:05] Fixed 2 duplicate /gene - cmpD_1 cmpD_2
[23:05:05] Fixed 3 duplicate /gene - walR_1 walR_2 walR_3
[23:05:05] Fixed 2 duplicate /gene - opuBA_1 opuBA_2
[23:05:05] Fixed 2 duplicate /gene - ybiT_1 ybiT_2
[23:05:05] Fixed 2 duplicate /gene - pgpB_1 pgpB_2
[23:05:05] Fixed 3 duplicate /gene - yugI_1 yugI_2 yugI_3
[23:05:05] Fixed 2 duplicate /gene - ald_1 ald_2
[23:05:05] Fixed 2 duplicate /gene - rlmCD_1 rlmCD_2
[23:05:05] Fixed 2 duplicate /gene - gfo_1 gfo_2
[23:05:05] Fixed 2 duplicate /gene - thlA_1 thlA_2
[23:05:05] Fixed 2 duplicate /gene - lutB_1 lutB_2
[23:05:05] Fixed 3 duplicate /gene - merR1_1 merR1_2 merR1_3
[23:05:05] Fixed 3 duplicate /gene - dppB_1 dppB_2 dppB_3
[23:05:05] Fixed 2 duplicate /gene - mmgB_1 mmgB_2
[23:05:05] Fixed 2 duplicate /gene - graS_1 graS_2
[23:05:05] Fixed 6 duplicate /gene - lutR_1 lutR_2 lutR_3 lutR_4 lutR_5 lutR_6
[23:05:05] Fixed 2 duplicate /gene - bshA_1 bshA_2
[23:05:05] Fixed 2 duplicate /gene - rihA_1 rihA_2
[23:05:05] Fixed 3 duplicate /gene - cbaA_1 cbaA_2 cbaA_3
[23:05:05] Fixed 3 duplicate /gene - fruA_1 fruA_2 fruA_3
[23:05:05] Fixed 3 duplicate /gene - cbaB_1 cbaB_2 cbaB_3
[23:05:05] Fixed 2 duplicate /gene - gluP_1 gluP_2
[23:05:05] Fixed 3 duplicate /gene - brnQ_1 brnQ_2 brnQ_3
[23:05:05] Fixed 2 duplicate /gene - oppC_1 oppC_2
[23:05:05] Fixed 2 duplicate /gene - ywaD_1 ywaD_2
[23:05:05] Fixed 2 duplicate /gene - pucA_1 pucA_2
[23:05:05] Fixed 2 duplicate /gene - cheY_1 cheY_2
[23:05:05] Fixed 3 duplicate /gene - yxeP_1 yxeP_2 yxeP_3
[23:05:05] Fixed 4 duplicate /gene - recF_1 recF_2 recF_3 recF_4
[23:05:05] Fixed 3 duplicate /gene - degV_1 degV_2 degV_3
[23:05:05] Fixed 2 duplicate /gene - rsgA_1 rsgA_2
[23:05:05] Fixed 2 duplicate /gene - zraR_1 zraR_2
[23:05:05] Fixed 2 duplicate /gene - hmuU_1 hmuU_2
[23:05:05] Fixed 2 duplicate /gene - nhaX_1 nhaX_2
[23:05:05] Fixed 2 duplicate /gene - ftsH_1 ftsH_2
[23:05:05] Fixed 2 duplicate /gene - ypdF_1 ypdF_2
[23:05:05] Fixed 2 duplicate /gene - phoP_1 phoP_2
[23:05:05] Fixed 2 duplicate /gene - mleN_1 mleN_2
[23:05:05] Fixed 2 duplicate /gene - nreB_1 nreB_2
[23:05:05] Fixed 2 duplicate /gene - putP_1 putP_2
[23:05:05] Fixed 2 duplicate /gene - spxA_1 spxA_2
[23:05:05] Fixed 2 duplicate /gene - paaJ_1 paaJ_2
[23:05:05] Fixed 2 duplicate /gene - feuC_1 feuC_2
[23:05:05] Fixed 3 duplicate /gene - flhB_1 flhB_2 flhB_3
[23:05:05] Fixed 2 duplicate /gene - dnaX_1 dnaX_2
[23:05:05] Fixed 3 duplicate /gene - cwlO_1 cwlO_2 cwlO_3
[23:05:05] Fixed 2 duplicate /gene - metQ_1 metQ_2
[23:05:05] Fixed 2 duplicate /gene - rapA_1 rapA_2
[23:05:05] Fixed 2 duplicate /gene - spoVK_1 spoVK_2
[23:05:05] Fixed 3 duplicate /gene - yicL_1 yicL_2 yicL_3
[23:05:05] Fixed 2 duplicate /gene - cysA_1 cysA_2
[23:05:05] Fixed 2 duplicate /gene - pdhA_1 pdhA_2
[23:05:05] Fixed 2 duplicate /gene - pheT_1 pheT_2
[23:05:05] Fixed 5 duplicate /gene - lutA_1 lutA_2 lutA_3 lutA_4 lutA_5
[23:05:05] Fixed 2 duplicate /gene - topB_1 topB_2
[23:05:05] Fixed 4 duplicate /gene - gsiC_1 gsiC_2 gsiC_3 gsiC_4
[23:05:05] Fixed 2 duplicate /gene - sstT_1 sstT_2
[23:05:05] Fixed 2 duplicate /gene - yheH_1 yheH_2
[23:05:05] Fixed 2 duplicate /gene - pyrC_1 pyrC_2
[23:05:05] Fixed 2 duplicate /gene - gloB_1 gloB_2
[23:05:05] Fixed 2 duplicate /gene - acyII_1 acyII_2
[23:05:05] Fixed 3 duplicate /gene - liaS_1 liaS_2 liaS_3
[23:05:05] Fixed 2 duplicate /gene - cadC_1 cadC_2
[23:05:05] Fixed 2 duplicate /gene - thrB_1 thrB_2
[23:05:05] Fixed 2 duplicate /gene - znuC_1 znuC_2
[23:05:05] Fixed 2 duplicate /gene - yfiY_1 yfiY_2
[23:05:05] Fixed 2 duplicate /gene - argS_1 argS_2
[23:05:05] Fixed 2 duplicate /gene - rsbRC_1 rsbRC_2
[23:05:05] Fixed 2 duplicate /gene - liaF_1 liaF_2
[23:05:05] Fixed 3 duplicate /gene - ecsA_1 ecsA_2 ecsA_3
[23:05:05] Fixed 2 duplicate /gene - deoB_1 deoB_2
[23:05:05] Fixed 2 duplicate /gene - sinR_1 sinR_2
[23:05:05] Fixed 2 duplicate /gene - nasD_1 nasD_2
[23:05:05] Fixed 3 duplicate /gene - htpX_1 htpX_2 htpX_3
[23:05:05] Fixed 5 duplicate /gene - gsiD_1 gsiD_2 gsiD_3 gsiD_4 gsiD_5
[23:05:05] Fixed 2 duplicate /gene - ftsZ_1 ftsZ_2
[23:05:05] Fixed 2 duplicate /gene - mtrB_1 mtrB_2
[23:05:05] Fixed 2 duplicate /gene - putR_1 putR_2
[23:05:05] Fixed 2 duplicate /gene - braC_1 braC_2
[23:05:05] Fixed 2 duplicate /gene - gltB_1 gltB_2
[23:05:05] Fixed 4 duplicate /gene - resA_1 resA_2 resA_3 resA_4
[23:05:05] Fixed 2 duplicate /gene - menG_1 menG_2
[23:05:05] Fixed 2 duplicate /gene - yvoA_1 yvoA_2
[23:05:05] Fixed 2 duplicate /gene - mntP_1 mntP_2
[23:05:05] Fixed 2 duplicate /gene - pleD_1 pleD_2
[23:05:05] Fixed 2 duplicate /gene - cheR_1 cheR_2
[23:05:05] Fixed 2 duplicate /gene - sirC_1 sirC_2
[23:05:05] Fixed 2 duplicate /gene - ytrA_1 ytrA_2
[23:05:05] Fixed 4 duplicate /gene - yxiD_1 yxiD_2 yxiD_3 yxiD_4
[23:05:05] Fixed 2 duplicate /gene - ina_1 ina_2
[23:05:05] Fixed 2 duplicate /gene - ung_1 ung_2
[23:05:05] Fixed 14 duplicate /gene - xerC_1 xerC_2 xerC_3 xerC_4 xerC_5 xerC_6 xerC_7 xerC_8 xerC_9 xerC_10 xerC_11 xerC_12 xerC_13 xerC_14
[23:05:05] Fixed 3 duplicate /gene - yhfS_1 yhfS_2 yhfS_3
[23:05:05] Fixed 2 duplicate /gene - mntR_1 mntR_2
[23:05:05] Fixed 5 duplicate /gene - clsA_1 clsA_2 clsA_3 clsA_4 clsA_5
[23:05:05] Fixed 2 duplicate /gene - ydgH_1 ydgH_2
[23:05:05] Fixed 6 duplicate /gene - proC_1 proC_2 proC_3 proC_4 proC_5 proC_6
[23:05:05] Fixed 3 duplicate /gene - fecE_1 fecE_2 fecE_3
[23:05:05] Fixed 2 duplicate /gene - ruvB_1 ruvB_2
[23:05:05] Fixed 2 duplicate /gene - cheW_1 cheW_2
[23:05:05] Fixed 3 duplicate /gene - uppP_1 uppP_2 uppP_3
[23:05:05] Fixed 2 duplicate /gene - leuD1_1 leuD1_2
[23:05:05] Fixed 2 duplicate /gene - gltC_1 gltC_2
[23:05:05] Fixed 2 duplicate /gene - bceA_1 bceA_2
[23:05:05] Fixed 2 duplicate /gene - grxC_1 grxC_2
[23:05:05] Fixed 3 duplicate /gene - pepF1_1 pepF1_2 pepF1_3
[23:05:05] Fixed 2 duplicate /gene - chpS_1 chpS_2
[23:05:05] Fixed 2 duplicate /gene - yheI_1 yheI_2
[23:05:05] Fixed 2 duplicate /gene - metI_1 metI_2
[23:05:05] Fixed 2 duplicate /gene - yhfK_1 yhfK_2
[23:05:05] Fixed 3 duplicate /gene - msmE_1 msmE_2 msmE_3
[23:05:05] Fixed 2 duplicate /gene - dus_1 dus_2
[23:05:05] Fixed 2 duplicate /gene - yhjX_1 yhjX_2
[23:05:05] Fixed 3 duplicate /gene - cdaR_1 cdaR_2 cdaR_3
[23:05:05] Fixed 2 duplicate /gene - pucK_1 pucK_2
[23:05:05] Fixed 2 duplicate /gene - ccpA_1 ccpA_2
[23:05:05] Fixed 3 duplicate /gene - btuF_1 btuF_2 btuF_3
[23:05:05] Fixed 2 duplicate /gene - mprA_1 mprA_2
[23:05:05] Fixed 2 duplicate /gene - speA_1 speA_2
[23:05:05] Fixed 2 duplicate /gene - sigX_1 sigX_2
[23:05:05] Fixed 7 duplicate /gene - fabG_1 fabG_2 fabG_3 fabG_4 fabG_5 fabG_6 fabG_7
[23:05:05] Fixed 2 duplicate /gene - graR_1 graR_2
[23:05:05] Fixed 2 duplicate /gene - sdpR_1 sdpR_2
[23:05:05] Fixed 3 duplicate /gene - hcnC_1 hcnC_2 hcnC_3
[23:05:05] Fixed 3 duplicate /gene - gsiB_1 gsiB_2 gsiB_3
[23:05:05] Fixed 2 duplicate /gene - hcnA_1 hcnA_2
[23:05:05] Fixed 2 duplicate /gene - adaA_1 adaA_2
[23:05:05] Fixed 2 duplicate /gene - nudJ_1 nudJ_2
[23:05:05] Fixed 2 duplicate /gene - ltaS2_1 ltaS2_2
[23:05:05] Fixed 2 duplicate /gene - degU_1 degU_2
[23:05:05] Fixed 2 duplicate /gene - ghrB_1 ghrB_2
[23:05:05] Fixed 2 duplicate /gene - pbuG_1 pbuG_2
[23:05:05] Fixed 2 duplicate /gene - ytbE_1 ytbE_2
[23:05:05] Fixed 2 duplicate /gene - mtnN_1 mtnN_2
[23:05:05] Fixed 3 duplicate /gene - argR_1 argR_2 argR_3
[23:05:05] Fixed 2 duplicate /gene - mgtE_1 mgtE_2
[23:05:05] Fixed 3 duplicate /gene - fieF_1 fieF_2 fieF_3
[23:05:05] Fixed 2 duplicate /gene - fnr_1 fnr_2
[23:05:05] Fixed 2 duplicate /gene - yjbI_1 yjbI_2
[23:05:05] Fixed 3 duplicate /gene - mcpA_1 mcpA_2 mcpA_3
[23:05:05] Fixed 2 duplicate /gene - srpC_1 srpC_2
[23:05:05] Fixed 2 duplicate /gene - mrpB_1 mrpB_2
[23:05:05] Fixed 2 duplicate /gene - rnjA_1 rnjA_2
[23:05:05] Fixed 2 duplicate /gene - yjhB_1 yjhB_2
[23:05:05] Fixed 2 duplicate /gene - pucR_1 pucR_2
[23:05:05] Fixed 7 duplicate /gene - oppD_1 oppD_2 oppD_3 oppD_4 oppD_5 oppD_6 oppD_7
[23:05:05] Fixed 3 duplicate /gene - ypmQ_1 ypmQ_2 ypmQ_3
[23:05:05] Fixed 2 duplicate /gene - dctA_1 dctA_2
[23:05:05] Fixed 2 duplicate /gene - ydjZ_1 ydjZ_2
[23:05:05] Fixed 2 duplicate /gene - nupX_1 nupX_2
[23:05:05] Fixed 2 duplicate /gene - mrpE_1 mrpE_2
[23:05:05] Fixed 2 duplicate /gene - nit1_1 nit1_2
[23:05:05] Fixed 2 duplicate /gene - bepA_1 bepA_2
[23:05:05] Fixed 3 duplicate /gene - bacE_1 bacE_2 bacE_3
[23:05:05] Fixed 2 duplicate /gene - ftsA_1 ftsA_2
[23:05:05] Fixed 2 duplicate /gene - ydcV_1 ydcV_2
[23:05:05] Fixed 2 duplicate /gene - tmpC_1 tmpC_2
[23:05:05] Fixed 3 duplicate /gene - gabR_1 gabR_2 gabR_3
[23:05:05] Fixed 2 duplicate /gene - ydhD_1 ydhD_2
[23:05:05] Fixed 3 duplicate /gene - alsT_1 alsT_2 alsT_3
[23:05:05] Fixed 2 duplicate /gene - mutM_1 mutM_2
[23:05:05] Fixed 2 duplicate /gene - cobD_1 cobD_2
[23:05:05] Fixed 2 duplicate /gene - bioB_1 bioB_2
[23:05:05] Fixed 2 duplicate /gene - panE_1 panE_2
[23:05:05] Fixed 3 duplicate /gene - ybaK_1 ybaK_2 ybaK_3
[23:05:05] Fixed 3 duplicate /gene - tatC1_1 tatC1_2 tatC1_3
[23:05:05] Fixed 2 duplicate /gene - rnhA_1 rnhA_2
[23:05:05] Fixed 2 duplicate /gene - cshA_1 cshA_2
[23:05:05] Fixed 2 duplicate /gene - mrpA_1 mrpA_2
[23:05:05] Fixed 2 duplicate /gene - lacF_1 lacF_2
[23:05:05] Fixed 3 duplicate /gene - menC_1 menC_2 menC_3
[23:05:05] Fixed 2 duplicate /gene - tadA_1 tadA_2
[23:05:05] Fixed 4 duplicate /gene - rsbRA_1 rsbRA_2 rsbRA_3 rsbRA_4
[23:05:05] Fixed 2 duplicate /gene - corA_1 corA_2
[23:05:05] Fixed 2 duplicate /gene - aldHT_1 aldHT_2
[23:05:05] Fixed 2 duplicate /gene - yisK_1 yisK_2
[23:05:05] Fixed 2 duplicate /gene - ktrA_1 ktrA_2
[23:05:05] Fixed 2 duplicate /gene - proB_1 proB_2
[23:05:05] Fixed 2 duplicate /gene - pspA_1 pspA_2
[23:05:05] Fixed 2 duplicate /gene - dsbD_1 dsbD_2
[23:05:05] Fixed 2 duplicate /gene - recD2_1 recD2_2
[23:05:05] Fixed 2 duplicate /gene - pepX_1 pepX_2
[23:05:05] Fixed 2 duplicate /gene - rsmH_1 rsmH_2
[23:05:05] Fixed 2 duplicate /gene - fadE_1 fadE_2
[23:05:05] Fixed 426 colliding /gene names.
[23:05:05] Adding /locus_tag identifiers
[23:05:05] Assigned 4966 locus_tags to CDS and RNA features.
[23:05:05] Writing outputs to bacillus_firmus-assembly.fna.prokka_annotation/
[23:05:08] Generating annotation statistics file
[23:05:08] Generating Genbank and Sequin files
[23:05:08] Running: tbl2asn -V b -a r10k -l paired-ends -M n -N 1 -y 'Annotated using prokka 1.13 from https://github.com/tseemann/prokka' -Z bacillus_firmus\-assembly\.fna\.prokka_annotation\/bacillus_firmus\-assembly\.fna\.err -i bacillus_firmus\-assembly\.fna\.prokka_annotation\/bacillus_firmus\-assembly\.fna\.fsa 2> /dev/null
[23:05:19] Could not run command: tbl2asn -V b -a r10k -l paired-ends -M n -N 1 -y 'Annotated using prokka 1.13 from https://github.com/tseemann/prokka' -Z bacillus_firmus\-assembly\.fna\.prokka_annotation\/bacillus_firmus\-assembly\.fna\.err -i bacillus_firmus\-assembly\.fna\.prokka_annotation\/bacillus_firmus\-assembly\.fna\.fsa 2> /dev/null
