[23:15:10] This is prokka 1.13
[23:15:10] Written by Torsten Seemann <torsten.seemann@gmail.com>
[23:15:10] Homepage is https://github.com/tseemann/prokka
[23:15:10] Local time is Thu Apr 16 23:15:10 2020
[23:15:10] You are basu
[23:15:10] Operating system is linux
[23:15:10] You have BioPerl 1.007002
[23:15:10] System has 1 cores.
[23:15:10] Option --cpu asked for 8 cores, but system only has 1
[23:15:10] Will use maximum of 1 cores.
[23:15:10] Annotating as >>> Bacteria <<<
[23:15:10] Generating locus_tag from 'bacillus_luciferensis-assembly.fna' contents.
[23:15:10] Setting --locustag JNECGHPE from MD5 37ec019e0c9881a4c4968bc029d220ad
[23:15:10] Creating new output folder: bacillus_luciferensis-assembly.fna.prokka_annotation
[23:15:10] Running: mkdir -p bacillus_luciferensis\-assembly\.fna\.prokka_annotation
[23:15:10] Using filename prefix: bacillus_luciferensis-assembly.fna.XXX
[23:15:10] Setting HMMER_NCPU=1
[23:15:10] Writing log to: bacillus_luciferensis-assembly.fna.prokka_annotation/bacillus_luciferensis-assembly.fna.log
[23:15:10] Command: /home/basu/anaconda3/bin/prokka bacillus_luciferensis-assembly.fna --outdir bacillus_luciferensis-assembly.fna.prokka_annotation --prefix bacillus_luciferensis-assembly.fna
[23:15:10] Appending to PATH: /home/basu/anaconda3/bin
[23:15:10] Looking for 'aragorn' - found /home/basu/anaconda3/bin/aragorn
[23:15:10] Determined aragorn version is 1.2
[23:15:10] Looking for 'barrnap' - found /home/basu/anaconda3/bin/barrnap
[23:15:10] Determined barrnap version is 0.9
[23:15:10] Looking for 'blastp' - found /home/basu/anaconda3/bin/blastp
[23:15:10] Determined blastp version is 2.9
[23:15:10] Looking for 'cmpress' - found /home/basu/anaconda3/bin/cmpress
[23:15:10] Determined cmpress version is 1.1
[23:15:10] Looking for 'cmscan' - found /home/basu/anaconda3/bin/cmscan
[23:15:10] Determined cmscan version is 1.1
[23:15:10] Looking for 'egrep' - found /bin/egrep
[23:15:10] Looking for 'find' - found /usr/bin/find
[23:15:10] Looking for 'grep' - found /bin/grep
[23:15:10] Looking for 'hmmpress' - found /home/basu/anaconda3/bin/hmmpress
[23:15:10] Determined hmmpress version is 3.3
[23:15:10] Looking for 'hmmscan' - found /home/basu/anaconda3/bin/hmmscan
[23:15:10] Determined hmmscan version is 3.3
[23:15:10] Looking for 'java' - found /home/basu/anaconda3/bin/java
[23:15:10] Looking for 'less' - found /usr/bin/less
[23:15:10] Looking for 'makeblastdb' - found /home/basu/anaconda3/bin/makeblastdb
[23:15:11] Determined makeblastdb version is 2.9
[23:15:11] Looking for 'minced' - found /home/basu/anaconda3/bin/minced
[23:15:11] Determined minced version is 4.2
[23:15:11] Looking for 'parallel' - found /home/basu/anaconda3/bin/parallel
[23:15:11] Determined parallel version is 20160622
[23:15:11] Looking for 'prodigal' - found /home/basu/anaconda3/bin/prodigal
[23:15:11] Determined prodigal version is 2.6
[23:15:11] Looking for 'prokka-genbank_to_fasta_db' - found /home/basu/anaconda3/bin/prokka-genbank_to_fasta_db
[23:15:11] Looking for 'sed' - found /bin/sed
[23:15:11] Looking for 'tbl2asn' - found /home/basu/anaconda3/bin/tbl2asn
[23:15:11] Determined tbl2asn version is 25.7
[23:15:11] Using genetic code table 11.
[23:15:11] Loading and checking input file: bacillus_luciferensis-assembly.fna
[23:15:11] Wrote 90 contigs totalling 4426802 bp.
[23:15:11] Predicting tRNAs and tmRNAs
[23:15:11] Running: aragorn -l -gc11  -w bacillus_luciferensis\-assembly\.fna\.prokka_annotation\/bacillus_luciferensis\-assembly\.fna\.fna
[23:15:12] 1 tRNA-Arg [17967,18041] 35 (ccg)
[23:15:12] 2 tmRNA [50810,51167] 88,120 GKNNNFSLAA*
[23:15:12] 1 tRNA-Asn [570,644] 33 (gtt)
[23:15:12] 2 tRNA-Thr [654,726] 34 (ggt)
[23:15:12] 3 tRNA-Glu [744,818] 34 (ttc)
[23:15:12] 4 tRNA-Val [829,904] 34 (tac)
[23:15:12] 5 tRNA-Tyr [923,1007] 35 (gta)
[23:15:12] 6 tRNA-Gln [1016,1090] 33 (ttg)
[23:15:12] 7 tRNA-Lys [1116,1189] 34 (ttt)
[23:15:12] 8 tRNA-Gly [1205,1279] 33 (gcc)
[23:15:12] 9 tRNA-Ala [1305,1380] 34 (tgc)
[23:15:12] 10 tRNA-Asn [52628,52702] 33 (gtt)
[23:15:12] 11 tRNA-Ser [52710,52800] 35 (gct)
[23:15:12] 12 tRNA-Glu [52808,52882] 34 (ttc)
[23:15:12] 13 tRNA-Val [52894,52969] 34 (tac)
[23:15:12] 14 tRNA-Asp [52982,53057] 34 (gtc)
[23:15:12] 15 tRNA-Gln [53239,53313] 33 (ttg)
[23:15:12] 16 tRNA-Gln [53465,53539] 33 (ttg)
[23:15:12] 17 tRNA-Lys [53624,53697] 34 (ttt)
[23:15:12] 18 tRNA-Leu [53710,53792] 34 (gag)
[23:15:12] 19 tRNA-Arg [56829,56905] 35 (acg)
[23:15:12] 20 tRNA-Pro [56911,56987] 35 (tgg)
[23:15:12] 21 tRNA-Gly [56993,57066] 33 (tcc)
[23:15:12] 1 tRNA-Ser [7993,8085] 37 (tga)
[23:15:12] 2 tRNA-Met [8138,8214] 35 (cat)
[23:15:12] 3 tRNA-Asp [8218,8293] 34 (gtc)
[23:15:12] 4 tRNA-Phe [8302,8377] 34 (gaa)
[23:15:12] 5 tRNA-Thr [8398,8473] 34 (tgt)
[23:15:12] 6 tRNA-His [8479,8554] 34 (gtg)
[23:15:12] 7 tRNA-Gly [8561,8631] 33 (tcc)
[23:15:12] 8 tRNA-Ile [8648,8724] 35 (gat)
[23:15:12] 9 tRNA-Asn [8747,8821] 33 (gtt)
[23:15:12] 10 tRNA-Ser [8829,8919] 35 (gct)
[23:15:12] 11 tRNA-Glu [8930,9003] 35 (ttc)
[23:15:12] 12 tRNA-Val [133441,133513] 34 (gac)
[23:15:12] 13 tRNA-Glu c[418983,419054] 34 (ttc)
[23:15:12] 14 tRNA-Met c[419066,419142] 35 (cat)
[23:15:12] 15 tRNA-Leu c[444813,444897] 35 (caa)
[23:15:12] 16 tRNA-Cys c[444911,444981] 33 (gca)
[23:15:12] 17 tRNA-Gly c[444988,445062] 33 (gcc)
[23:15:12] 18 tRNA-Gln c[445067,445141] 33 (ttg)
[23:15:12] 19 tRNA-His c[445225,445300] 34 (gtg)
[23:15:12] 20 tRNA-Trp c[445316,445389] 33 (cca)
[23:15:12] 21 tRNA-Tyr c[445400,445484] 35 (gta)
[23:15:12] 22 tRNA-Thr c[445494,445567] 34 (tgt)
[23:15:12] 23 tRNA-Phe c[445588,445663] 34 (gaa)
[23:15:12] 24 tRNA-Asp c[445672,445747] 34 (gtc)
[23:15:12] 25 tRNA-Met c[445751,445827] 35 (cat)
[23:15:12] 26 tRNA-Val c[445852,445927] 34 (tac)
[23:15:12] 27 tRNA-Glu c[445937,446011] 34 (ttc)
[23:15:12] 28 tRNA-Ser c[446036,446127] 35 (gga)
[23:15:12] 29 tRNA-Asn c[446132,446206] 33 (gtt)
[23:15:12] 1 tRNA-Phe c[89773,89848] 35 (gaa)
[23:15:12] 2 tRNA-Asp c[89854,89929] 34 (gtc)
[23:15:12] 3 tRNA-Glu c[89949,90022] 35 (ttc)
[23:15:12] 4 tRNA-Lys c[90038,90113] 35 (ttt)
[23:15:13] 1 tRNA-Leu [2,88] 35 (taa)
[23:15:13] 2 tRNA-Leu [179,263] 35 (caa)
[23:15:13] 1 tRNA-Asp c[22085,22160] 34 (gtc)
[23:15:13] 2 tRNA-Met c[22164,22240] 35 (cat)
[23:15:13] 1 tRNA-Arg c[50840,50918] 36 (tct)
[23:15:13] 2 tRNA-Gly c[50921,50994] 33 (tcc)
[23:15:13] 1 tRNA-Met c[1,75] 35 (cat)
[23:15:13] 2 tRNA-Asn c[86,160] 33 (gtt)
[23:15:13] 1 tRNA-Ser c[7416,7508] 37 (tga)
[23:15:13] 1 tRNA-Val [759,834] 34 (tac)
[23:15:13] 2 tRNA-Thr [838,911] 34 (tgt)
[23:15:13] 3 tRNA-Lys [921,996] 34 (ttt)
[23:15:13] 4 tRNA-Pro [1384,1460] 35 (tgg)
[23:15:13] 5 tRNA-Ala [1470,1545] 34 (tgc)
[23:15:13] Found 70 tRNAs
[23:15:13] Predicting Ribosomal RNAs
[23:15:13] Running Barrnap with 1 threads
[23:15:18] 1 NZ_NCTA01000001.1 375 5S ribosomal RNA
[23:15:18] 2 NZ_NCTA01000001.1 394509 5S ribosomal RNA
[23:15:18] 3 NZ_NCTA01000001.1 394680 23S ribosomal RNA
[23:15:18] 4 NZ_NCTA01000001.1 397767 16S ribosomal RNA
[23:15:18] 5 NZ_NCTA01000001.1 446221 5S ribosomal RNA
[23:15:18] 6 NZ_NCTA01000015.1 2 16S ribosomal RNA (partial)
[23:15:18] 7 NZ_NCTA01000015.1 66933 5S ribosomal RNA
[23:15:18] 8 NZ_NCTA01000018.1 447 5S ribosomal RNA
[23:15:18] 9 NZ_NCTA01000018.1 57151 16S ribosomal RNA (partial)
[23:15:18] 10 NZ_NCTA01000033.1 30501 5S ribosomal RNA
[23:15:18] 11 NZ_NCTA01000045.1 22287 5S ribosomal RNA
[23:15:18] 12 NZ_NCTA01000063.1 2 16S ribosomal RNA (partial)
[23:15:18] 13 NZ_NCTA01000068.1 11661 16S ribosomal RNA (partial)
[23:15:18] 14 NZ_NCTA01000078.1 406 5S ribosomal RNA
[23:15:18] 15 NZ_NCTA01000078.1 5588 16S ribosomal RNA (partial)
[23:15:18] 16 NZ_NCTA01000080.1 4195 5S ribosomal RNA
[23:15:18] 17 NZ_NCTA01000082.1 640 5S ribosomal RNA
[23:15:18] 18 NZ_NCTA01000085.1 21 16S ribosomal RNA (partial)
[23:15:18] Found 18 rRNAs
[23:15:18] Skipping ncRNA search, enable with --rfam if desired.
[23:15:18] Total of 87 tRNA + rRNA features
[23:15:18] Searching for CRISPR repeats
[23:15:19] Found 0 CRISPRs
[23:15:19] Predicting coding sequences
[23:15:19] Contigs total 4426802 bp, so using single mode
[23:15:19] Running: prodigal -i bacillus_luciferensis\-assembly\.fna\.prokka_annotation\/bacillus_luciferensis\-assembly\.fna\.fna -c -m -g 11 -p single -f sco -q
[23:15:26] Found 4335 CDS
[23:15:26] Connecting features back to sequences
[23:15:26] Not using genus-specific database. Try --usegenus to enable it.
[23:15:26] Annotating CDS, please be patient.
[23:15:26] Will use 1 CPUs for similarity searching.
[23:15:27] There are still 4335 unannotated CDS left (started with 4335)
[23:15:27] Will use blast to search against /home/basu/anaconda3/bin/../db/kingdom/Bacteria/sprot with 1 CPUs
[23:15:27] Running: cat bacillus_luciferensis\-assembly\.fna\.prokka_annotation\/sprot\.faa | parallel --gnu --plain -j 1 --block 615549 --recstart '>' --pipe blastp -query - -db /home/basu/anaconda3/bin/../db/kingdom/Bacteria/sprot -evalue 1e-06 -num_threads 1 -num_descriptions 1 -num_alignments 1 -seg no > bacillus_luciferensis\-assembly\.fna\.prokka_annotation\/sprot\.blast 2> /dev/null
[23:21:28] Modify product: Probable 6-phospho-beta-glucosidase => putative 6-phospho-beta-glucosidase
[23:21:28] Modify product: Probable protein-export membrane protein SecG => putative protein-export membrane protein SecG
[23:21:28] Modify product: Putative glutamine amidotransferase Rv2859c => Putative glutamine amidotransferase
[23:21:28] Modify product: Uncharacterized protein YycE => putative protein YycE
[23:21:28] Modify product: Uncharacterized HTH-type transcriptional regulator BA_1941/GBAA_1941/BAS1801 => putative HTH-type transcriptional regulator/GBAA_1941/BAS1801
[23:21:28] Modify product: Uncharacterized oxidoreductase MSMEG_2408/MSMEI_2347 => putative oxidoreductase/MSMEI_2347
[23:21:28] Modify product: Uncharacterized sugar kinase YdjH => putative sugar kinase YdjH
[23:21:29] Modify product: Probable fructoselysine/psicoselysine transporter FrlA => putative fructoselysine/psicoselysine transporter FrlA
[23:21:29] Modify product: Uncharacterized HTH-type transcriptional regulator Rv1556 => putative HTH-type transcriptional regulator
[23:21:29] Modify product: Probable zinc-binding alcohol dehydrogenase Rv1895 => putative zinc-binding alcohol dehydrogenase
[23:21:29] Modify product: Uncharacterized HTH-type transcriptional regulator YusO => putative HTH-type transcriptional regulator YusO
[23:21:29] Modify product: Uncharacterized ABC transporter ATP-binding protein TM_0288 => putative ABC transporter ATP-binding protein
[23:21:29] Modify product: Uncharacterized N-acetyltransferase YjcF => putative N-acetyltransferase YjcF
[23:21:29] Modify product: Uncharacterized HTH-type transcriptional regulator BA_1941/GBAA_1941/BAS1801 => putative HTH-type transcriptional regulator/GBAA_1941/BAS1801
[23:21:29] Modify product: UPF0702 transmembrane protein YetF => hypothetical protein
[23:21:29] Modify product: Uncharacterized peptidase SA1530 => putative peptidase
[23:21:29] Modify product: Uncharacterized protein YbbA => putative protein YbbA
[23:21:29] Modify product: Uncharacterized protein YwmB => putative protein YwmB
[23:21:29] Modify product: Probable multidrug resistance protein EmrK => putative multidrug resistance protein EmrK
[23:21:29] Modify product: UPF0340 protein YwlG => hypothetical protein
[23:21:29] Modify product: Probable manganese efflux pump MntP => putative manganese efflux pump MntP
[23:21:29] Modify product: Probable iron-sulfur-binding oxidoreductase FadF => putative iron-sulfur-binding oxidoreductase FadF
[23:21:29] Modify product: Uncharacterized beta-barrel protein YwiB => putative beta-barrel protein YwiB
[23:21:29] Modify product: Probable amino-acid metabolite efflux pump => putative amino-acid metabolite efflux pump
[23:21:29] Modify product: Uncharacterized HTH-type transcriptional regulator YusO => putative HTH-type transcriptional regulator YusO
[23:21:29] Modify product: Uncharacterized inner membrane transporter YicL => putative inner membrane transporter YicL
[23:21:29] Modify product: Probable transport protein HsrA => putative transport protein HsrA
[23:21:29] Modify product: Uncharacterized protein YflH => putative protein YflH
[23:21:29] Modify product: Fatty acid-binding protein TM_1468 => Fatty acid-binding protein
[23:21:29] Modify product: UPF0299 membrane protein YohJ => hypothetical protein
[23:21:29] Modify product: Uncharacterized HTH-type transcriptional regulator YfiR => putative HTH-type transcriptional regulator YfiR
[23:21:29] Modify product: UPF0346 protein YozE => hypothetical protein
[23:21:29] Modify product: Uncharacterized protein YueI => putative protein YueI
[23:21:29] Modify product: UPF0053 protein Rv1842c => hypothetical protein
[23:21:29] Modify product: Uncharacterized inner membrane transporter YedA => putative inner membrane transporter YedA
[23:21:29] Modify product: Probable capsular polysaccharide biosynthesis protein YwqC => putative capsular polysaccharide biosynthesis protein YwqC
[23:21:29] Modify product: Uncharacterized sugar transferase EpsL => putative sugar transferase EpsL
[23:21:29] Modify product: Uncharacterized glycosyltransferase EpsJ => putative glycosyltransferase EpsJ
[23:21:29] Modify product: Uncharacterized glycosyltransferase EpsJ => putative glycosyltransferase EpsJ
[23:21:29] Modify product: Uncharacterized glycosyltransferase EpsJ => putative glycosyltransferase EpsJ
[23:21:29] Modify product: Uncharacterized protein YvyG => putative protein YvyG
[23:21:29] Modify product: Uncharacterized protein YviE => putative protein YviE
[23:21:29] Modify product: Uncharacterized protein YvyC => putative protein YvyC
[23:21:29] Modify product: Uncharacterized amino acid permease YvbW => putative amino acid permease YvbW
[23:21:29] Modify product: UPF0324 inner membrane protein YeiH => hypothetical protein
[23:21:29] Modify product: Uncharacterized oxidoreductase SA2266 => putative oxidoreductase
[23:21:29] Modify product: Probable propionyl-CoA carboxylase beta chain 5 => putative propionyl-CoA carboxylase beta chain 5
[23:21:29] Modify product: Probable NAD-dependent malic enzyme 2 => putative NAD-dependent malic enzyme 2
[23:21:29] Modify product: Uncharacterized protein YacP => putative protein YacP
[23:21:29] Modify product: Uncharacterized PIN and TRAM-domain containing protein YacL => putative PIN and TRAM-domain containing protein YacL
[23:21:29] Modify product: Probable transcriptional regulatory protein SA0624 => putative transcriptional regulatory protein
[23:21:29] Modify product: Uncharacterized protein YndB => putative protein YndB
[23:21:29] Modify product: HTH-type transcriptional regulator Rv2034 => HTH-type transcriptional regulator
[23:21:29] Modify product: Uncharacterized protein YqjZ => putative protein YqjZ
[23:21:29] Modify product: Probable 2-phosphosulfolactate phosphatase => putative 2-phosphosulfolactate phosphatase
[23:21:30] Modify product: Uncharacterized oxidoreductase MSMEG_2408/MSMEI_2347 => putative oxidoreductase/MSMEI_2347
[23:21:30] Modify product: Transcriptional repressor SmtB homolog => Transcriptional repressor SmtB 
[23:21:30] Modify product: Uncharacterized membrane protein Rv0364 => putative membrane protein
[23:21:30] Modify product: Uncharacterized protein YpbG => putative protein YpbG
[23:21:30] Modify product: Probable succinyl-CoA:3-ketoacid coenzyme A transferase subunit A => putative succinyl-CoA:3-ketoacid coenzyme A transferase subunit A
[23:21:30] Modify product: Probable succinyl-CoA:3-ketoacid coenzyme A transferase subunit B => putative succinyl-CoA:3-ketoacid coenzyme A transferase subunit B
[23:21:30] Modify product: UPF0053 protein Rv1842c => hypothetical protein
[23:21:30] Modify product: UPF0342 protein YheA => hypothetical protein
[23:21:30] Modify product: Phosphate-specific transport system accessory protein PhoU homolog => Phosphate-specific transport system accessory protein PhoU 
[23:21:30] Modify product: Uncharacterized protein YqgN => putative protein YqgN
[23:21:30] Modify product: Uncharacterized protein YqgQ => putative protein YqgQ
[23:21:30] Modify product: Probable glycine dehydrogenase (decarboxylating) subunit 1 => putative glycine dehydrogenase (decarboxylating) subunit 1
[23:21:30] Modify product: Probable glycine dehydrogenase (decarboxylating) subunit 2 => putative glycine dehydrogenase (decarboxylating) subunit 2
[23:21:30] Modify product: Probable adenylyl-sulfate kinase => putative adenylyl-sulfate kinase
[23:21:30] Modify product: Probable peptidyl-prolyl cis-trans isomerase => putative peptidyl-prolyl cis-trans isomerase
[23:21:30] Modify product: Uncharacterized protein YibN => putative protein YibN
[23:21:30] Modify product: Uncharacterized protein MT2089 => putative protein
[23:21:30] Modify product: Uncharacterized HTH-type transcriptional regulator YtcD => putative HTH-type transcriptional regulator YtcD
[23:21:30] Modify product: Uncharacterized oxidoreductase YtbE => putative oxidoreductase YtbE
[23:21:30] Modify product: Probable peptidoglycan endopeptidase LytE => putative peptidoglycan endopeptidase LytE
[23:21:30] Modify product: Putative esterase PA1618 => Putative esterase
[23:21:30] Modify product: Uncharacterized protein YuiC => putative protein YuiC
[23:21:30] Modify product: NADH dehydrogenase-like protein SA0802 => NADH dehydrogenase-like protein
[23:21:30] Modify product: Protein aq_1857 => Protein
[23:21:30] Modify product: NADH dehydrogenase-like protein SA0802 => NADH dehydrogenase-like protein
[23:21:30] Modify product: Uncharacterized protein Rv1488 => putative protein
[23:21:30] Modify product: Uncharacterized protein YpjQ => putative protein YpjQ
[23:21:30] Modify product: UPF0331 protein YutE => hypothetical protein
[23:21:30] Modify product: Uncharacterized protein YutD => putative protein YutD
[23:21:30] Modify product: Cyclic di-GMP phosphodiesterase PA4108 => Cyclic di-GMP phosphodiesterase
[23:21:30] Modify product: UPF0051 protein SA0778 => hypothetical protein
[23:21:30] Modify product: UPF0051 protein SA0778 => hypothetical protein
[23:21:30] Modify product: Putative 2-hydroxyacid dehydrogenase SA2098 => Putative 2-hydroxyacid dehydrogenase
[23:21:30] Modify product: Probable acyl-CoA dehydrogenase => putative acyl-CoA dehydrogenase
[23:21:30] Modify product: Probable 3-hydroxyacyl-CoA dehydrogenase => putative 3-hydroxyacyl-CoA dehydrogenase
[23:21:30] Modify product: Uncharacterized protein M6_Spy0233 => putative protein
[23:21:30] Modify product: Uncharacterized protein Rv2715 => putative protein
[23:21:30] Modify product: Sulfurtransferase Alvin_2599 => Sulfurtransferase
[23:21:30] Modify product: Probable spore germination protein GerPF => putative spore germination protein GerPF
[23:21:30] Modify product: Probable spore germination protein GerPD => putative spore germination protein GerPD
[23:21:30] Modify product: Probable spore germination protein GerPC => putative spore germination protein GerPC
[23:21:30] Modify product: Probable spore germination protein GerPB => putative spore germination protein GerPB
[23:21:30] Modify product: Probable spore germination protein GerPA => putative spore germination protein GerPA
[23:21:30] Modify product: UPF0234 protein Rv0566c => hypothetical protein
[23:21:30] Modify product: UPF0053 inner membrane protein YoaE => hypothetical protein
[23:21:30] Modify product: Probable cardiolipin synthase YwiE => putative cardiolipin synthase YwiE
[23:21:30] Modify product: UPF0413 protein YjbH => hypothetical protein
[23:21:30] Modify product: Uncharacterized N-acetyltransferase YjcF => putative N-acetyltransferase YjcF
[23:21:30] Modify product: Uncharacterized HTH-type transcriptional regulator HI_0186 => putative HTH-type transcriptional regulator
[23:21:30] Modify product: Probable molybdenum cofactor guanylyltransferase => putative molybdenum cofactor guanylyltransferase
[23:21:30] Modify product: Putative formate dehydrogenase SA2102 => Putative formate dehydrogenase
[23:21:30] Modify product: Putative monooxygenase Rv1533 => Putative monooxygenase
[23:21:30] Modify product: Uncharacterized ABC transporter ATP-binding protein YxlF => putative ABC transporter ATP-binding protein YxlF
[23:21:31] Modify product: Probable glutamine ABC transporter permease protein GlnM => putative glutamine ABC transporter permease protein GlnM
[23:21:31] Modify product: Probable glutamine ABC transporter permease protein GlnP => putative glutamine ABC transporter permease protein GlnP
[23:21:31] Modify product: Probable malate:quinone oxidoreductase 1 => putative malate:quinone oxidoreductase 1
[23:21:31] Modify product: Deacetylase Atu3266 => Deacetylase
[23:21:31] Modify product: KsdD-like steroid dehydrogenase MSMEG_5835 => KsdD-like steroid dehydrogenase
[23:21:31] Modify product: Uncharacterized MFS-type transporter YhhS => putative MFS-type transporter YhhS
[23:21:31] Modify product: Uncharacterized response regulatory protein SACOL0201 => putative response regulatory protein
[23:21:31] Modify product: Uncharacterized protein YqeN => putative protein YqeN
[23:21:31] Modify product: RNA-binding protein HI_1333 => RNA-binding protein
[23:21:31] Modify product: Uncharacterized protein YqeH => putative protein YqeH
[23:21:31] Modify product: Probable multidrug ABC transporter permease YbhS => putative multidrug ABC transporter permease YbhS
[23:21:31] Modify product: Probable multidrug ABC transporter ATP-binding protein YbhF => putative multidrug ABC transporter ATP-binding protein YbhF
[23:21:31] Modify product: Uncharacterized protein YndB => putative protein YndB
[23:21:31] Modify product: Uncharacterized protease YdcP => putative protease YdcP
[23:21:31] Modify product: Uncharacterized protease YdcP => putative protease YdcP
[23:21:31] Modify product: UPF0473 protein SP_0194 => hypothetical protein
[23:21:31] Modify product: UPF0297 protein M6_Spy1796 => hypothetical protein
[23:21:31] Modify product: Putative transport protein Rv0205 => Putative transport protein
[23:21:31] Modify product: Uncharacterized AAA domain-containing protein Rv2559c => putative AAA domain-containing protein
[23:21:31] Modify product: UPF0213 protein SP_1535 => hypothetical protein
[23:21:31] Modify product: Probable tRNA-dihydrouridine synthase => putative tRNA-dihydrouridine synthase
[23:21:31] Modify product: Probable serine/threonine-protein kinase YabT => putative serine/threonine-protein kinase YabT
[23:21:31] Modify product: Uncharacterized protein HP_1423 => putative protein
[23:21:31] Modify product: Uncharacterized metal-dependent hydrolase YcfH => putative metal-dependent hydrolase YcfH
[23:21:31] Modify product: Probable succinyl-CoA:3-ketoacid coenzyme A transferase subunit B => putative succinyl-CoA:3-ketoacid coenzyme A transferase subunit B
[23:21:31] Modify product: Probable aminotransferase Rv3329 => putative aminotransferase
[23:21:31] Modify product: Uncharacterized amino acid permease YhdG => putative amino acid permease YhdG
[23:21:31] Modify product: Probable tRNA-dihydrouridine synthase => putative tRNA-dihydrouridine synthase
[23:21:31] Modify product: Uncharacterized oxidoreductase Rv0945 => putative oxidoreductase
[23:21:31] Modify product: Uncharacterized HTH-type transcriptional regulator HI_0186 => putative HTH-type transcriptional regulator
[23:21:31] Modify product: Uncharacterized protein Rv0102 => putative protein
[23:21:31] Modify product: Probable metallo-hydrolase YflN => putative metallo-hydrolase YflN
[23:21:31] Modify product: Uncharacterized HTH-type transcriptional regulator YybR => putative HTH-type transcriptional regulator YybR
[23:21:31] Modify product: Uncharacterized inner membrane transporter YicL => putative inner membrane transporter YicL
[23:21:31] Modify product: Potassium channel HX13_20290 => Potassium channel
[23:21:31] Modify product: Uncharacterized N-acetyltransferase YsnE => putative N-acetyltransferase YsnE
[23:21:31] Modify product: Uncharacterized protein YojF => putative protein YojF
[23:21:31] Modify product: Probable N-acetyl-alpha-D-glucosaminyl L-malate deacetylase 2 => putative N-acetyl-alpha-D-glucosaminyl L-malate deacetylase 2
[23:21:31] Modify product: Probable multidrug ABC transporter ATP-binding protein YbhF => putative multidrug ABC transporter ATP-binding protein YbhF
[23:21:31] Modify product: Uncharacterized protein HI_0131 => putative protein
[23:21:31] Modify product: Putative DNA-binding protein Rv0500A => Putative DNA-binding proteinA
[23:21:31] Modify product: Uncharacterized protein SA1186 => putative protein
[23:21:31] Modify product: Probable iron export permease protein FetB => putative iron export permease protein FetB
[23:21:31] Modify product: Probable siderophore transport system ATP-binding protein YusV => putative siderophore transport system ATP-binding protein YusV
[23:21:31] Modify product: Probable siderophore transport system permease protein YfhA => putative siderophore transport system permease protein YfhA
[23:21:31] Modify product: Probable siderophore transport system permease protein YfiZ => putative siderophore transport system permease protein YfiZ
[23:21:31] Modify product: Probable siderophore-binding lipoprotein YfiY => putative siderophore-binding lipoprotein YfiY
[23:21:31] Modify product: Putative monooxygenase Rv1533 => Putative monooxygenase
[23:21:31] Modify product: Uncharacterized HTH-type transcriptional regulator YfiR => putative HTH-type transcriptional regulator YfiR
[23:21:31] Modify product: UPF0702 transmembrane protein YetF => hypothetical protein
[23:21:31] Modify product: Uncharacterized ABC transporter ATP-binding protein Rv1273c => putative ABC transporter ATP-binding protein
[23:21:31] Modify product: Uncharacterized ABC transporter ATP-binding protein TM_0288 => putative ABC transporter ATP-binding protein
[23:21:31] Modify product: Probable glutamate/gamma-aminobutyrate antiporter => putative glutamate/gamma-aminobutyrate antiporter
[23:21:32] Modify product: Probable ABC transporter ATP-binding protein HI_0664 => putative ABC transporter ATP-binding protein
[23:21:32] Modify product: Uncharacterized ABC transporter ATP-binding protein YxlF => putative ABC transporter ATP-binding protein YxlF
[23:21:32] Modify product: Uncharacterized protein YyaP => putative protein YyaP
[23:21:32] Modify product: Uncharacterized ABC transporter ATP-binding protein YxlF => putative ABC transporter ATP-binding protein YxlF
[23:21:32] Modify product: Uncharacterized amino acid permease YhdG => putative amino acid permease YhdG
[23:21:32] Modify product: UPF0403 protein YphP => hypothetical protein
[23:21:32] Modify product: Uncharacterized protein YedJ => putative protein YedJ
[23:21:32] Modify product: Glutathione peroxidase homolog BsaA => Glutathione peroxidase BsaA
[23:21:32] Modify product: Probable multidrug resistance protein EmrY => putative multidrug resistance protein EmrY
[23:21:32] Modify product: PTS system EIIBC component SA0186 => PTS system EIIBC component
[23:21:32] Modify product: Cyclic di-GMP phosphodiesterase PA4108 => Cyclic di-GMP phosphodiesterase
[23:21:32] Modify product: Probable chromate transport protein => putative chromate transport protein
[23:21:32] Modify product: Uncharacterized hydrolase YxeP => putative hydrolase YxeP
[23:21:32] Modify product: Uncharacterized protein YhaZ => putative protein YhaZ
[23:21:32] Modify product: Uncharacterized HTH-type transcriptional regulator YbbH => putative HTH-type transcriptional regulator YbbH
[23:21:32] Modify product: Uncharacterized protein Rv0906 => putative protein
[23:21:32] Modify product: Uncharacterized amino acid permease YhdG => putative amino acid permease YhdG
[23:21:32] Modify product: UPF0053 inner membrane protein YoaE => hypothetical protein
[23:21:32] Modify product: Putative multidrug export ATP-binding/permease protein SA1683 => Putative multidrug export ATP-binding/permease protein
[23:21:32] Modify product: Probable 6-phospho-beta-glucosidase => putative 6-phospho-beta-glucosidase
[23:21:32] Modify product: Uncharacterized acyl-CoA thioester hydrolase HI_0827 => putative acyl-CoA thioester hydrolase
[23:21:32] Modify product: Uncharacterized FAD-linked oxidoreductase YvdP => putative FAD-linked oxidoreductase YvdP
[23:21:32] Modify product: Probable allantoin permease => putative allantoin permease
[23:21:32] Modify product: Uncharacterized protein YfkD => putative protein YfkD
[23:21:32] Modify product: Probable capsular polysaccharide biosynthesis protein YwqC => putative capsular polysaccharide biosynthesis protein YwqC
[23:21:32] Modify product: Uncharacterized response regulatory protein SACOL0201 => putative response regulatory protein
[23:21:32] Modify product: Uncharacterized sensor-like histidine kinase SACOL0202 => putative sensor-like histidine kinase
[23:21:32] Modify product: Probable amino-acid metabolite efflux pump => putative amino-acid metabolite efflux pump
[23:21:32] Modify product: Putative peptide transport permease protein Rv1282c => Putative peptide transport permease protein
[23:21:32] Modify product: Probable S-adenosylmethionine-dependent methyltransferase MSMEG_2350/MSMEI_2290 => putative S-adenosylmethionine-dependent methyltransferase/MSMEI_2290
[23:21:32] Modify product: Uncharacterized protein YpbG => putative protein YpbG
[23:21:32] Modify product: Probable FMN/FAD exporter YeeO => putative FMN/FAD exporter YeeO
[23:21:32] Modify product: Uncharacterized signaling protein PA1727 => putative signaling protein
[23:21:32] Modify product: UPF0354 protein SA1564 => hypothetical protein
[23:21:32] Modify product: Probable quorum-quenching lactonase YtnP => putative quorum-quenching lactonase YtnP
[23:21:32] Modify product: Probable 3-phenylpropionic acid transporter => putative 3-phenylpropionic acid transporter
[23:21:33] Modify product: Putative dipeptidase SACOL1801 => Putative dipeptidase
[23:21:33] Modify product: Uncharacterized HTH-type transcriptional regulator YtzE => putative HTH-type transcriptional regulator YtzE
[23:21:33] Modify product: Uncharacterized protein HI_0933 => putative protein
[23:21:33] Modify product: Sulfurtransferase Alvin_2599 => Sulfurtransferase
[23:21:33] Modify product: Putative esterase aq_1494 => Putative esterase
[23:21:33] Modify product: Uncharacterized protein YccU => putative protein YccU
[23:21:33] Modify product: Uncharacterized ABC transporter permease Rv0072 => putative ABC transporter permease
[23:21:33] Modify product: Uncharacterized ABC transporter ATP-binding protein Rv1272c => putative ABC transporter ATP-binding protein
[23:21:33] Modify product: Uncharacterized ABC transporter ATP-binding protein Rv1273c => putative ABC transporter ATP-binding protein
[23:21:33] Modify product: UPF0053 inner membrane protein YoaE => hypothetical protein
[23:21:33] Modify product: Probable ABC transporter permease YtrC => putative ABC transporter permease YtrC
[23:21:33] Modify product: Uncharacterized protein YpuA => putative protein YpuA
[23:21:33] Modify product: Uncharacterized protein YmcA => putative protein YmcA
[23:21:33] Modify product: Putative O-methyltransferase Rv1220c => Putative O-methyltransferase
[23:21:33] Modify product: Uncharacterized HTH-type transcriptional regulator YtcD => putative HTH-type transcriptional regulator YtcD
[23:21:33] Modify product: Uncharacterized protein YisK => putative protein YisK
[23:21:33] Modify product: Probable 2-phosphosulfolactate phosphatase => putative 2-phosphosulfolactate phosphatase
[23:21:33] Modify product: Uncharacterized protein YizA => putative protein YizA
[23:21:33] Modify product: Uncharacterized HTH-type transcriptional regulator YfiR => putative HTH-type transcriptional regulator YfiR
[23:21:33] Modify product: Uncharacterized ABC transporter ATP-binding protein TM_0288 => putative ABC transporter ATP-binding protein
[23:21:33] Modify product: Putative multidrug export ATP-binding/permease protein SA1683 => Putative multidrug export ATP-binding/permease protein
[23:21:33] Modify product: UPF0702 transmembrane protein YetF => hypothetical protein
[23:21:33] Modify product: Probable cystine transporter YijE => putative cystine transporter YijE
[23:21:33] Modify product: Probable membrane transporter protein YfcA => putative membrane transporter protein YfcA
[23:21:33] Modify product: Epimerase family protein SA0724 => Epimerase family protein
[23:21:33] Modify product: Uncharacterized protein YfhH => putative protein YfhH
[23:21:33] Modify product: Uncharacterized protein YfhP => putative protein YfhP
[23:21:33] Modify product: Uncharacterized protein YfhS => putative protein YfhS
[23:21:33] Modify product: UPF0374 protein SP_1903 => hypothetical protein
[23:21:33] Modify product: Putative multidrug export ATP-binding/permease protein SA1683 => Putative multidrug export ATP-binding/permease protein
[23:21:33] Modify product: Uncharacterized protein YqeY => putative protein YqeY
[23:21:33] Modify product: Uncharacterized N-acetyltransferase Rv2669 => putative N-acetyltransferase
[23:21:33] Modify product: Probable peptidoglycan glycosyltransferase FtsW => putative peptidoglycan glycosyltransferase FtsW
[23:21:33] Modify product: Probable 2-dehydropantoate 2-reductase => putative 2-dehydropantoate 2-reductase
[23:21:33] Modify product: Uncharacterized N-acetyltransferase YlbP => putative N-acetyltransferase YlbP
[23:21:33] Modify product: UPF0348 protein SP_1742 => hypothetical protein
[23:21:33] Modify product: Uncharacterized protein YlbL => putative protein YlbL
[23:21:33] Modify product: Uncharacterized NTE family protein Rv1063c => putative NTE family protein
[23:21:33] Modify product: Probable peptidoglycan glycosyltransferase FtsW => putative peptidoglycan glycosyltransferase FtsW
[23:21:33] Modify product: UPF0358 protein YlaN => hypothetical protein
[23:21:33] Modify product: UPF0637 protein YktB => hypothetical protein
[23:21:33] Modify product: UPF0223 protein BH2638 => hypothetical protein
[23:21:33] Modify product: Probable cystine transporter YijE => putative cystine transporter YijE
[23:21:33] Modify product: UPF0356 protein M6_Spy1605 => hypothetical protein
[23:21:33] Modify product: Uncharacterized protein YkzF => putative protein YkzF
[23:21:33] Modify product: Uncharacterized protein YkuJ => putative protein YkuJ
[23:21:33] Modify product: Uncharacterized EAL-domain containing protein YkuI => putative EAL-domain containing protein YkuI
[23:21:33] Modify product: Probable 2,4-dienoyl-CoA reductase => putative 2,4-dienoyl-CoA reductase
[23:21:33] Modify product: Uncharacterized signaling protein PA1727 => putative signaling protein
[23:21:34] Modify product: UPF0702 transmembrane protein YetF => hypothetical protein
[23:21:34] Modify product: Probable malate:quinone oxidoreductase 1 => putative malate:quinone oxidoreductase 1
[23:21:34] Modify product: Probable multidrug resistance ABC transporter ATP-binding/permease protein YheH => putative multidrug resistance ABC transporter ATP-binding/permease protein YheH
[23:21:34] Modify product: Probable multidrug resistance ABC transporter ATP-binding/permease protein YheI => putative multidrug resistance ABC transporter ATP-binding/permease protein YheI
[23:21:34] Modify product: UPF0154 protein SA1178 => hypothetical protein
[23:21:34] Modify product: UPF0291 protein SP_1473 => hypothetical protein
[23:21:34] Modify product: Resolvase homolog YneB => Resolvase YneB
[23:21:34] Modify product: Uncharacterized protein Rv2715 => putative protein
[23:21:34] Modify product: UPF0702 transmembrane protein YetF => hypothetical protein
[23:21:34] Modify product: UPF0126 inner membrane protein YicG => hypothetical protein
[23:21:34] Modify product: Uncharacterized epimerase/dehydratase SA0511 => putative epimerase/dehydratase
[23:21:34] Modify product: Probable membrane transporter protein YfcA => putative membrane transporter protein YfcA
[23:21:34] Modify product: Uncharacterized zinc protease Rv2782c => putative zinc protease
[23:21:34] Modify product: Uncharacterized zinc protease Rv2782c => putative zinc protease
[23:21:34] Modify product: Stress response UPF0229 protein YhbH => hypothetical protein
[23:21:34] Modify product: Probable transport protein YifK => putative transport protein YifK
[23:21:34] Modify product: Uncharacterized ABC transporter ATP-binding protein YheS => putative ABC transporter ATP-binding protein YheS
[23:21:34] Modify product: UPF0073 inner membrane protein YqfA => hypothetical protein
[23:21:34] Modify product: UPF0354 protein SA1564 => hypothetical protein
[23:21:34] Modify product: Uncharacterized protein YycC => putative protein YycC
[23:21:34] Modify product: Probable 6-phospho-beta-glucosidase => putative 6-phospho-beta-glucosidase
[23:21:34] Modify product: Uncharacterized HTH-type transcriptional regulator YbbH => putative HTH-type transcriptional regulator YbbH
[23:21:34] Modify product: Uncharacterized FAD-linked oxidoreductase Rv2280 => putative FAD-linked oxidoreductase
[23:21:34] Modify product: Probable amino-acid metabolite efflux pump => putative amino-acid metabolite efflux pump
[23:21:34] Modify product: Uncharacterized protein YqjY => putative protein YqjY
[23:21:34] Modify product: Uncharacterized protein YjdJ => putative protein YjdJ
[23:21:34] Modify product: Probable cardiolipin synthase YwiE => putative cardiolipin synthase YwiE
[23:21:34] Modify product: Uncharacterized protein YyaP => putative protein YyaP
[23:21:34] Modify product: Acetyltransferase Atu2258 => Acetyltransferase
[23:21:34] Modify product: N-acetylmuramoyl-L-alanine amidase Rv3717 => N-acetylmuramoyl-L-alanine amidase
[23:21:34] Modify product: Uncharacterized ABC transporter ATP-binding protein YxlF => putative ABC transporter ATP-binding protein YxlF
[23:21:34] Modify product: Probable HTH-type transcriptional regulator YttP => putative HTH-type transcriptional regulator YttP
[23:21:34] Modify product: Uncharacterized transporter Rv2685 => putative transporter
[23:21:34] Modify product: UPF0702 transmembrane protein YetF => hypothetical protein
[23:21:34] Modify product: Uncharacterized ABC transporter ATP-binding protein YheS => putative ABC transporter ATP-binding protein YheS
[23:21:34] Modify product: Uncharacterized acyl-CoA thioester hydrolase HI_0827 => putative acyl-CoA thioester hydrolase
[23:21:34] Modify product: Probable NAD-dependent malic enzyme 2 => putative NAD-dependent malic enzyme 2
[23:21:34] Modify product: UPF0702 transmembrane protein YetF => hypothetical protein
[23:21:34] Modify product: Uncharacterized oxidoreductase SA2266 => putative oxidoreductase
[23:21:34] Modify product: Probable aminotransferase Rv3329 => putative aminotransferase
[23:21:34] Modify product: Probable succinyl-CoA:3-ketoacid coenzyme A transferase subunit B => putative succinyl-CoA:3-ketoacid coenzyme A transferase subunit B
[23:21:34] Modify product: Putative heme-dependent peroxidase GK3416 => Putative heme-dependent peroxidase
[23:21:34] Modify product: UPF0382 membrane protein YwdK => hypothetical protein
[23:21:34] Modify product: Uncharacterized ABC transporter ATP-binding protein YxlF => putative ABC transporter ATP-binding protein YxlF
[23:21:34] Modify product: Acetyltransferase Atu2258 => Acetyltransferase
[23:21:34] Modify product: Uncharacterized membrane protein Rv2637 => putative membrane protein
[23:21:34] Modify product: Uncharacterized inner membrane transporter YicL => putative inner membrane transporter YicL
[23:21:34] Modify product: Uncharacterized oxidoreductase YjhC => putative oxidoreductase YjhC
[23:21:34] Modify product: Uncharacterized protein Rv0887c => putative protein
[23:21:35] Modify product: Probable endonuclease 4 => putative endonuclease 4
[23:21:35] Modify product: GTP cyclohydrolase 1 type 2 homolog => GTP cyclohydrolase 1 type 2 
[23:21:35] Modify product: UPF0167 protein CbrC => hypothetical protein
[23:21:35] Modify product: Probable siderophore transport system ATP-binding protein YusV => putative siderophore transport system ATP-binding protein YusV
[23:21:35] Modify product: Probable siderophore transport system permease protein YfhA => putative siderophore transport system permease protein YfhA
[23:21:35] Modify product: Cyclic di-GMP phosphodiesterase TM_0186 => Cyclic di-GMP phosphodiesterase
[23:21:35] Modify product: Uncharacterized protein Rv1339 => putative protein
[23:21:35] Modify product: Probable nicotinate-nucleotide pyrophosphorylase [carboxylating] => putative nicotinate-nucleotide pyrophosphorylase [carboxylating]
[23:21:35] Modify product: UPF0758 protein YsxA => hypothetical protein
[23:21:35] Modify product: Probable GTP-binding protein EngB => putative GTP-binding protein EngB
[23:21:35] Modify product: Putative metallophosphoesterase MG207 homolog => Putative metallophosphoesterase MG207 
[23:21:35] Modify product: Uncharacterized metal-dependent hydrolase YcfH => putative metal-dependent hydrolase YcfH
[23:21:35] Modify product: Uncharacterized protein YslB => putative protein YslB
[23:21:35] Modify product: Uncharacterized HTH-type transcriptional regulator YusO => putative HTH-type transcriptional regulator YusO
[23:21:35] Modify product: Probable enoyl-CoA hydratase => putative enoyl-CoA hydratase
[23:21:35] Modify product: Uncharacterized protein YhaP => putative protein YhaP
[23:21:35] Modify product: Uncharacterized N-acetyltransferase YvbK => putative N-acetyltransferase YvbK
[23:21:35] Modify product: Uncharacterized ABC transporter ATP-binding protein YbiT => putative ABC transporter ATP-binding protein YbiT
[23:21:35] Modify product: UPF0173 metal-dependent hydrolase TM_1162 => hypothetical protein
[23:21:35] Modify product: Uncharacterized spore protein YtfJ => putative spore protein YtfJ
[23:21:35] Modify product: Probable tRNA sulfurtransferase => putative tRNA sulfurtransferase
[23:21:35] Modify product: Probable HTH-type transcriptional regulator YttP => putative HTH-type transcriptional regulator YttP
[23:21:35] Modify product: Sulfurtransferase Alvin_2599 => Sulfurtransferase
[23:21:35] Modify product: Uncharacterized isomerase YddE => putative isomerase YddE
[23:21:35] Modify product: Probable metallo-hydrolase YflN => putative metallo-hydrolase YflN
[23:21:35] Modify product: Uncharacterized amino acid permease YvbW => putative amino acid permease YvbW
[23:21:35] Modify product: Uncharacterized protein Spy1535 => putative protein
[23:21:35] Modify product: Bifunctional protein FolD => Bifunctional protein FolD protein
[23:21:35] Modify product: Uncharacterized protein Rv2715 => putative protein
[23:21:35] Modify product: Uncharacterized protein HI_0755 => putative protein
[23:21:35] Modify product: Uncharacterized HTH-type transcriptional regulator YbbH => putative HTH-type transcriptional regulator YbbH
[23:21:35] Modify product: Uncharacterized hydrolase YxeP => putative hydrolase YxeP
[23:21:35] Modify product: UPF0324 inner membrane protein YeiH => hypothetical protein
[23:21:35] Modify product: Probable multidrug ABC transporter permease YbhR => putative multidrug ABC transporter permease YbhR
[23:21:35] Modify product: Uncharacterized acyl-CoA thioester hydrolase HI_0827 => putative acyl-CoA thioester hydrolase
[23:21:35] Modify product: UPF0403 protein SA1345 => hypothetical protein
[23:21:35] Modify product: UPF0073 inner membrane protein YqfA => hypothetical protein
[23:21:35] Modify product: DegV domain-containing protein SA1258 => DegV domain-containing protein
[23:21:35] Modify product: Uncharacterized protein Rv0906 => putative protein
[23:21:35] Modify product: SCO1 protein homolog => SCO1 protein 
[23:21:35] Modify product: UPF0065 protein in clcB-clcD intergenic region => hypothetical protein
[23:21:35] Modify product: Uncharacterized ABC transporter ATP-binding protein YknY => putative ABC transporter ATP-binding protein YknY
[23:21:36] Modify product: Probable oxidoreductase EphD => putative oxidoreductase EphD
[23:21:36] Modify product: Probable peptidoglycan endopeptidase LytE => putative peptidoglycan endopeptidase LytE
[23:21:36] Modify product: Sulfurtransferase Alvin_2599 => Sulfurtransferase
[23:21:36] Modify product: Sulfurtransferase Alvin_2599 => Sulfurtransferase
[23:21:36] Modify product: Probable GTPase Rv1496 => putative GTPase
[23:21:36] Modify product: Probable metallo-hydrolase YflN => putative metallo-hydrolase YflN
[23:21:36] Modify product: Probable xanthine dehydrogenase subunit A => putative xanthine dehydrogenase subunit A
[23:21:36] Modify product: Uncharacterized N-acetyltransferase YycN => putative N-acetyltransferase YycN
[23:21:36] Modify product: Phosphate-specific transport system accessory protein PhoU homolog => Phosphate-specific transport system accessory protein PhoU 
[23:21:36] Modify product: Uncharacterized protein YqzG => putative protein YqzG
[23:21:36] Modify product: Probable cystine transporter YijE => putative cystine transporter YijE
[23:21:36] Modify product: Probable metallo-hydrolase YflN => putative metallo-hydrolase YflN
[23:21:36] Modify product: Uncharacterized hydrolase YxeP => putative hydrolase YxeP
[23:21:36] Modify product: UPF0145 protein BC_1012 => hypothetical protein
[23:21:36] Modify product: UPF0126 inner membrane protein YicG => hypothetical protein
[23:21:36] Modify product: UPF0178 protein YaiI => hypothetical protein
[23:21:36] Modify product: Uncharacterized protein Rv2313c => putative protein
[23:21:36] Modify product: Uncharacterized glycosyltransferase YkoT => putative glycosyltransferase YkoT
[23:21:36] Modify product: Uncharacterized ABC transporter ATP-binding protein YxlF => putative ABC transporter ATP-binding protein YxlF
[23:21:36] Modify product: Protease HtpX homolog => Protease HtpX 
[23:21:36] Modify product: Nucleoid-associated protein Cthe_2143 => Nucleoid-associated protein
[23:21:36] Modify product: Putative multidrug export ATP-binding/permease protein SA1683 => Putative multidrug export ATP-binding/permease protein
[23:21:36] Modify product: Uncharacterized ABC transporter ATP-binding protein TM_0288 => putative ABC transporter ATP-binding protein
[23:21:36] Modify product: HTH-type transcriptional regulator Rv2034 => HTH-type transcriptional regulator
[23:21:36] Modify product: Probable ATP-dependent helicase DinG homolog => putative ATP-dependent helicase DinG 
[23:21:36] Modify product: UPF0398 protein YpsA => hypothetical protein
[23:21:36] Modify product: Uncharacterized protein YpoC => putative protein YpoC
[23:21:36] Modify product: Uncharacterized protein YpmB => putative protein YpmB
[23:21:36] Modify product: Probable ATP-dependent helicase DinG homolog => putative ATP-dependent helicase DinG 
[23:21:36] Modify product: Uncharacterized protein YpjD => putative protein YpjD
[23:21:36] Modify product: UPF0302 protein BA_1542/GBAA_1542/BAS1430 => hypothetical protein
[23:21:36] Modify product: 30S ribosomal protein S1 homolog => 30S ribosomal protein S1 
[23:21:36] Modify product: Uncharacterized protein YpfA => putative protein YpfA
[23:21:36] Modify product: Uncharacterized protein YpbG => putative protein YpbG
[23:21:36] Modify product: Uncharacterized methyltransferase YrrT => putative methyltransferase YrrT
[23:21:36] Modify product: Uncharacterized protein Rv2581c => putative protein
[23:21:36] Modify product: Sulfurtransferase Alvin_2599 => Sulfurtransferase
[23:21:36] Modify product: Sulfurtransferase Alvin_2599 => Sulfurtransferase
[23:21:36] Modify product: Uncharacterized protein YloA => putative protein YloA
[23:21:36] Modify product: UPF0701 protein YicC => hypothetical protein
[23:21:36] Modify product: Probable dual-specificity RNA methyltransferase RlmN => putative dual-specificity RNA methyltransferase RlmN
[23:21:36] Modify product: Uncharacterized protein Spy1614 => putative protein
[23:21:36] Modify product: Uncharacterized protein SA1069 => putative protein
[23:21:36] Modify product: UPF0122 protein SAV1236 => hypothetical protein
[23:21:36] Modify product: UPF0109 protein Rv2908c => hypothetical protein
[23:21:36] Modify product: Probable ATP synthase YscN => putative ATP synthase YscN
[23:21:36] Modify product: Probable ribosomal protein YlxQ => putative ribosomal protein YlxQ
[23:21:37] Modify product: Uncharacterized zinc protease Rv2782c => putative zinc protease
[23:21:37] Modify product: Uncharacterized oxidoreductase Rv1144 => putative oxidoreductase
[23:21:37] Modify product: Fatty acid-binding protein TM_1468 => Fatty acid-binding protein
[23:21:37] Modify product: Uncharacterized protein YyaP => putative protein YyaP
[23:21:37] Modify product: Uncharacterized protein YpfA => putative protein YpfA
[23:21:37] Modify product: Uncharacterized ABC transporter ATP-binding protein YbiT => putative ABC transporter ATP-binding protein YbiT
[23:21:37] Modify product: Probable deferrochelatase/peroxidase EfeN => putative deferrochelatase/peroxidase EfeN
[23:21:37] Modify product: Uncharacterized membrane protein YdfK => putative membrane protein YdfK
[23:21:37] Cleaned 392 /product names
[23:21:37] Deleting unwanted file: bacillus_luciferensis-assembly.fna.prokka_annotation/sprot.faa
[23:21:37] Deleting unwanted file: bacillus_luciferensis-assembly.fna.prokka_annotation/sprot.blast
[23:21:37] There are still 1584 unannotated CDS left (started with 4335)
[23:21:37] Will use hmmer3 to search against /home/basu/anaconda3/bin/../db/hmm/HAMAP.hmm with 1 CPUs
[23:21:37] Running: cat bacillus_luciferensis\-assembly\.fna\.prokka_annotation\/HAMAP\.hmm\.faa | parallel --gnu --plain -j 1 --block 145132 --recstart '>' --pipe hmmscan --noali --notextw --acc -E 1e-06 --cpu 1 /home/basu/anaconda3/bin/../db/hmm/HAMAP.hmm /dev/stdin > bacillus_luciferensis\-assembly\.fna\.prokka_annotation\/HAMAP\.hmm\.hmmer3 2> /dev/null
[23:22:51] Modify product: Protein SprT-like => Protein SprT-like protein
[23:22:52] Cleaned 1 /product names
[23:22:52] Deleting unwanted file: bacillus_luciferensis-assembly.fna.prokka_annotation/HAMAP.hmm.faa
[23:22:52] Deleting unwanted file: bacillus_luciferensis-assembly.fna.prokka_annotation/HAMAP.hmm.hmmer3
[23:22:52] Labelling remaining 1500 proteins as 'hypothetical protein'
[23:22:52] Possible /pseudo '4-hydroxy-tetrahydrodipicolinate synthase' at NZ_NCTA01000011.1 position 46029
[23:22:52] Possible /pseudo 'Alpha-aminoadipate--LysW ligase LysX' at NZ_NCTA01000012.1 position 48882
[23:22:52] Possible /pseudo 'N-acetylgalactosamine-N,N'-diacetylbacillosaminyl-diphospho-undecaprenol 4-alpha-N-acetylgalactosaminyltransferase' at NZ_NCTA01000014.1 position 22729
[23:22:52] Possible /pseudo 'N-acetylgalactosamine-N,N'-diacetylbacillosaminyl-diphospho-undecaprenol 4-alpha-N-acetylgalactosaminyltransferase' at NZ_NCTA01000014.1 position 23992
[23:22:52] Possible /pseudo 'putative glycosyltransferase EpsJ' at NZ_NCTA01000014.1 position 26271
[23:22:52] Possible /pseudo 'Endospore coat-associated protein YheD' at NZ_NCTA01000016.1 position 95964
[23:22:52] Possible /pseudo 'Endospore coat-associated protein YheD' at NZ_NCTA01000016.1 position 97319
[23:22:52] Possible /pseudo 'Endospore coat-associated protein YheD' at NZ_NCTA01000016.1 position 98423
[23:22:52] Possible /pseudo 'N-isopropylammelide isopropyl amidohydrolase' at NZ_NCTA01000001.1 position 288086
[23:22:52] Possible /pseudo 'N-isopropylammelide isopropyl amidohydrolase' at NZ_NCTA01000001.1 position 289352
[23:22:52] Possible /pseudo 'Putative fluoride ion transporter CrcB' at NZ_NCTA01000001.1 position 333160
[23:22:52] Possible /pseudo 'putative protease YdcP' at NZ_NCTA01000001.1 position 350360
[23:22:52] Possible /pseudo 'Histidine--tRNA ligase' at NZ_NCTA01000001.1 position 377238
[23:22:52] Possible /pseudo 'Pyrimidine-specific ribonucleoside hydrolase RihA' at NZ_NCTA01000021.1 position 14894
[23:22:52] Possible /pseudo 'TRAP-T-associated universal stress protein TeaD' at NZ_NCTA01000023.1 position 41380
[23:22:52] Possible /pseudo 'putative ABC transporter ATP-binding protein' at NZ_NCTA01000025.1 position 24393
[23:22:52] Possible /pseudo 'Minor extracellular protease vpr' at NZ_NCTA01000029.1 position 21536
[23:22:52] Possible /pseudo 'Minor extracellular protease vpr' at NZ_NCTA01000002.1 position 30746
[23:22:52] Possible /pseudo 'Polyisoprenyl-teichoic acid--peptidoglycan teichoic acid transferase TagU' at NZ_NCTA01000002.1 position 178152
[23:22:52] Possible /pseudo 'Inner membrane protein YhaH' at NZ_NCTA01000002.1 position 210300
[23:22:52] Possible /pseudo 'putative ABC transporter ATP-binding protein' at NZ_NCTA01000031.1 position 8702
[23:22:52] Possible /pseudo 'Dipeptide-binding protein DppE' at NZ_NCTA01000031.1 position 25513
[23:22:52] Possible /pseudo 'Glutamine synthetase' at NZ_NCTA01000040.1 position 23085
[23:22:52] Possible /pseudo 'Flagellar basal-body rod protein FlgG' at NZ_NCTA01000047.1 position 8764
[23:22:52] Possible /pseudo 'Ktr system potassium uptake protein B' at NZ_NCTA01000004.1 position 107126
[23:22:52] Possible /pseudo 'Chromate transport protein' at NZ_NCTA01000052.1 position 9507
[23:22:52] Possible /pseudo 'Sulfurtransferase' at NZ_NCTA01000006.1 position 35037
[23:22:52] Possible /pseudo 'Spore cortex-lytic enzyme' at NZ_NCTA01000006.1 position 130626
[23:22:52] Possible /pseudo 'Sulfurtransferase' at NZ_NCTA01000007.1 position 130702
[23:22:52] Possible /pseudo 'putative protein' at NZ_NCTA01000008.1 position 21909
[23:22:52] Found 1942 unique /gene codes.
[23:22:52] Fixed 2 duplicate /gene - pyrD_1 pyrD_2
[23:22:52] Fixed 2 duplicate /gene - metG_1 metG_2
[23:22:52] Fixed 4 duplicate /gene - bmr3_1 bmr3_2 bmr3_3 bmr3_4
[23:22:52] Fixed 2 duplicate /gene - lysC_1 lysC_2
[23:22:52] Fixed 2 duplicate /gene - mnmA_1 mnmA_2
[23:22:52] Fixed 2 duplicate /gene - ileS_1 ileS_2
[23:22:52] Fixed 2 duplicate /gene - ydfJ_1 ydfJ_2
[23:22:52] Fixed 4 duplicate /gene - corA_1 corA_2 corA_3 corA_4
[23:22:52] Fixed 2 duplicate /gene - ythB_1 ythB_2
[23:22:52] Fixed 2 duplicate /gene - lacC_1 lacC_2
[23:22:52] Fixed 2 duplicate /gene - srlR_1 srlR_2
[23:22:52] Fixed 2 duplicate /gene - rsmH_1 rsmH_2
[23:22:52] Fixed 3 duplicate /gene - ppaX_1 ppaX_2 ppaX_3
[23:22:52] Fixed 3 duplicate /gene - htpX_1 htpX_2 htpX_3
[23:22:52] Fixed 3 duplicate /gene - dapA_1 dapA_2 dapA_3
[23:22:52] Fixed 3 duplicate /gene - dppE_1 dppE_2 dppE_3
[23:22:52] Fixed 2 duplicate /gene - ypeA_1 ypeA_2
[23:22:52] Fixed 2 duplicate /gene - rluB_1 rluB_2
[23:22:52] Fixed 2 duplicate /gene - menG_1 menG_2
[23:22:52] Fixed 3 duplicate /gene - pepF1_1 pepF1_2 pepF1_3
[23:22:52] Fixed 2 duplicate /gene - cmk_1 cmk_2
[23:22:52] Fixed 2 duplicate /gene - yugI_1 yugI_2
[23:22:52] Fixed 3 duplicate /gene - cccA_1 cccA_2 cccA_3
[23:22:52] Fixed 2 duplicate /gene - lpxG_1 lpxG_2
[23:22:52] Fixed 2 duplicate /gene - recD2_1 recD2_2
[23:22:52] Fixed 2 duplicate /gene - fosB_1 fosB_2
[23:22:52] Fixed 2 duplicate /gene - fadM_1 fadM_2
[23:22:52] Fixed 2 duplicate /gene - rutD_1 rutD_2
[23:22:52] Fixed 5 duplicate /gene - arlR_1 arlR_2 arlR_3 arlR_4 arlR_5
[23:22:52] Fixed 3 duplicate /gene - gerAC_1 gerAC_2 gerAC_3
[23:22:52] Fixed 2 duplicate /gene - yhcR_1 yhcR_2
[23:22:52] Fixed 2 duplicate /gene - pheT_1 pheT_2
[23:22:52] Fixed 2 duplicate /gene - phaJ_1 phaJ_2
[23:22:52] Fixed 2 duplicate /gene - qoxC_1 qoxC_2
[23:22:52] Fixed 2 duplicate /gene - teaD_1 teaD_2
[23:22:52] Fixed 4 duplicate /gene - ktrB_1 ktrB_2 ktrB_3 ktrB_4
[23:22:52] Fixed 3 duplicate /gene - pspB_1 pspB_2 pspB_3
[23:22:52] Fixed 2 duplicate /gene - thrB_1 thrB_2
[23:22:52] Fixed 2 duplicate /gene - spo0M_1 spo0M_2
[23:22:52] Fixed 2 duplicate /gene - rluF_1 rluF_2
[23:22:52] Fixed 3 duplicate /gene - mshA_1 mshA_2 mshA_3
[23:22:52] Fixed 2 duplicate /gene - yodJ_1 yodJ_2
[23:22:52] Fixed 2 duplicate /gene - mtnN_1 mtnN_2
[23:22:52] Fixed 4 duplicate /gene - yflN_1 yflN_2 yflN_3 yflN_4
[23:22:52] Fixed 3 duplicate /gene - yxeP_1 yxeP_2 yxeP_3
[23:22:52] Fixed 2 duplicate /gene - yngG_1 yngG_2
[23:22:52] Fixed 2 duplicate /gene - menC_1 menC_2
[23:22:52] Fixed 2 duplicate /gene - nudI_1 nudI_2
[23:22:52] Fixed 3 duplicate /gene - drrA_1 drrA_2 drrA_3
[23:22:52] Fixed 2 duplicate /gene - hutI_1 hutI_2
[23:22:52] Fixed 3 duplicate /gene - rsfA_1 rsfA_2 rsfA_3
[23:22:52] Fixed 2 duplicate /gene - cysL_1 cysL_2
[23:22:52] Fixed 2 duplicate /gene - accA_1 accA_2
[23:22:52] Fixed 4 duplicate /gene - mhqR_1 mhqR_2 mhqR_3 mhqR_4
[23:22:52] Fixed 4 duplicate /gene - proC_1 proC_2 proC_3 proC_4
[23:22:52] Fixed 2 duplicate /gene - capA_1 capA_2
[23:22:52] Fixed 2 duplicate /gene - nprB_1 nprB_2
[23:22:52] Fixed 3 duplicate /gene - guaB_1 guaB_2 guaB_3
[23:22:52] Fixed 2 duplicate /gene - uvsE_1 uvsE_2
[23:22:52] Fixed 2 duplicate /gene - ybiT_1 ybiT_2
[23:22:52] Fixed 2 duplicate /gene - pdaA_1 pdaA_2
[23:22:52] Fixed 2 duplicate /gene - phoU_1 phoU_2
[23:22:52] Fixed 2 duplicate /gene - dinG_1 dinG_2
[23:22:52] Fixed 2 duplicate /gene - comK_1 comK_2
[23:22:52] Fixed 2 duplicate /gene - nirC_1 nirC_2
[23:22:52] Fixed 2 duplicate /gene - iadA_1 iadA_2
[23:22:52] Fixed 2 duplicate /gene - pbpE_1 pbpE_2
[23:22:52] Fixed 2 duplicate /gene - clpP_1 clpP_2
[23:22:52] Fixed 3 duplicate /gene - qorA_1 qorA_2 qorA_3
[23:22:52] Fixed 5 duplicate /gene - gloB_1 gloB_2 gloB_3 gloB_4 gloB_5
[23:22:52] Fixed 5 duplicate /gene - lcfB_1 lcfB_2 lcfB_3 lcfB_4 lcfB_5
[23:22:52] Fixed 3 duplicate /gene - yicL_1 yicL_2 yicL_3
[23:22:52] Fixed 2 duplicate /gene - ugpA_1 ugpA_2
[23:22:52] Fixed 2 duplicate /gene - pyk_1 pyk_2
[23:22:52] Fixed 2 duplicate /gene - ywiE_1 ywiE_2
[23:22:52] Fixed 2 duplicate /gene - ponA_1 ponA_2
[23:22:52] Fixed 2 duplicate /gene - gltT_1 gltT_2
[23:22:52] Fixed 2 duplicate /gene - ribX_1 ribX_2
[23:22:52] Fixed 3 duplicate /gene - lysP_1 lysP_2 lysP_3
[23:22:52] Fixed 3 duplicate /gene - araQ_1 araQ_2 araQ_3
[23:22:52] Fixed 2 duplicate /gene - pncB2_1 pncB2_2
[23:22:52] Fixed 4 duplicate /gene - licC_1 licC_2 licC_3 licC_4
[23:22:52] Fixed 2 duplicate /gene - glnA_1 glnA_2
[23:22:52] Fixed 3 duplicate /gene - eamA_1 eamA_2 eamA_3
[23:22:52] Fixed 2 duplicate /gene - proA_1 proA_2
[23:22:52] Fixed 3 duplicate /gene - arsB_1 arsB_2 arsB_3
[23:22:52] Fixed 2 duplicate /gene - dgcM_1 dgcM_2
[23:22:52] Fixed 9 duplicate /gene - fabG_1 fabG_2 fabG_3 fabG_4 fabG_5 fabG_6 fabG_7 fabG_8 fabG_9
[23:22:52] Fixed 3 duplicate /gene - yyaP_1 yyaP_2 yyaP_3
[23:22:52] Fixed 3 duplicate /gene - celA_1 celA_2 celA_3
[23:22:52] Fixed 3 duplicate /gene - polC_1 polC_2 polC_3
[23:22:52] Fixed 2 duplicate /gene - plsY_1 plsY_2
[23:22:52] Fixed 2 duplicate /gene - ydcP_1 ydcP_2
[23:22:52] Fixed 2 duplicate /gene - nfdA_1 nfdA_2
[23:22:52] Fixed 9 duplicate /gene - vpr_1 vpr_2 vpr_3 vpr_4 vpr_5 vpr_6 vpr_7 vpr_8 vpr_9
[23:22:52] Fixed 4 duplicate /gene - sigV_1 sigV_2 sigV_3 sigV_4
[23:22:52] Fixed 2 duplicate /gene - mraY_1 mraY_2
[23:22:52] Fixed 2 duplicate /gene - rnjA_1 rnjA_2
[23:22:52] Fixed 2 duplicate /gene - dltC_1 dltC_2
[23:22:52] Fixed 2 duplicate /gene - coaE_1 coaE_2
[23:22:52] Fixed 2 duplicate /gene - dus_1 dus_2
[23:22:52] Fixed 4 duplicate /gene - abrB_1 abrB_2 abrB_3 abrB_4
[23:22:52] Fixed 2 duplicate /gene - ltaS1_1 ltaS1_2
[23:22:52] Fixed 2 duplicate /gene - cotI_1 cotI_2
[23:22:52] Fixed 3 duplicate /gene - rluD_1 rluD_2 rluD_3
[23:22:52] Fixed 2 duplicate /gene - gsiC_1 gsiC_2
[23:22:52] Fixed 2 duplicate /gene - ypfA_1 ypfA_2
[23:22:52] Fixed 4 duplicate /gene - gtaB_1 gtaB_2 gtaB_3 gtaB_4
[23:22:52] Fixed 2 duplicate /gene - yocH_1 yocH_2
[23:22:52] Fixed 5 duplicate /gene - mcpB_1 mcpB_2 mcpB_3 mcpB_4 mcpB_5
[23:22:52] Fixed 2 duplicate /gene - tetD_1 tetD_2
[23:22:52] Fixed 2 duplicate /gene - qoxD_1 qoxD_2
[23:22:52] Fixed 2 duplicate /gene - topB_1 topB_2
[23:22:52] Fixed 3 duplicate /gene - tagU_1 tagU_2 tagU_3
[23:22:52] Fixed 5 duplicate /gene - walR_1 walR_2 walR_3 walR_4 walR_5
[23:22:52] Fixed 2 duplicate /gene - hemAT_1 hemAT_2
[23:22:52] Fixed 2 duplicate /gene - udk_1 udk_2
[23:22:52] Fixed 4 duplicate /gene - aaaT_1 aaaT_2 aaaT_3 aaaT_4
[23:22:52] Fixed 3 duplicate /gene - davT_1 davT_2 davT_3
[23:22:52] Fixed 3 duplicate /gene - pgdA_1 pgdA_2 pgdA_3
[23:22:52] Fixed 6 duplicate /gene - yxlF_1 yxlF_2 yxlF_3 yxlF_4 yxlF_5 yxlF_6
[23:22:52] Fixed 2 duplicate /gene - lytB_1 lytB_2
[23:22:52] Fixed 3 duplicate /gene - dedA_1 dedA_2 dedA_3
[23:22:52] Fixed 2 duplicate /gene - msmE_1 msmE_2
[23:22:52] Fixed 2 duplicate /gene - tgl_1 tgl_2
[23:22:52] Fixed 2 duplicate /gene - ftsW_1 ftsW_2
[23:22:52] Fixed 3 duplicate /gene - alaS_1 alaS_2 alaS_3
[23:22:52] Fixed 2 duplicate /gene - yceM_1 yceM_2
[23:22:52] Fixed 2 duplicate /gene - azoR2_1 azoR2_2
[23:22:52] Fixed 2 duplicate /gene - secA_1 secA_2
[23:22:52] Fixed 3 duplicate /gene - ktrA_1 ktrA_2 ktrA_3
[23:22:52] Fixed 2 duplicate /gene - ycnE_1 ycnE_2
[23:22:52] Fixed 2 duplicate /gene - ycfH_1 ycfH_2
[23:22:52] Fixed 2 duplicate /gene - nuoL_1 nuoL_2
[23:22:52] Fixed 2 duplicate /gene - dnaX_1 dnaX_2
[23:22:52] Fixed 5 duplicate /gene - ykuD_1 ykuD_2 ykuD_3 ykuD_4 ykuD_5
[23:22:52] Fixed 2 duplicate /gene - xylH_1 xylH_2
[23:22:52] Fixed 2 duplicate /gene - qoxB_1 qoxB_2
[23:22:52] Fixed 2 duplicate /gene - alkA_1 alkA_2
[23:22:52] Fixed 2 duplicate /gene - rocG_1 rocG_2
[23:22:52] Fixed 2 duplicate /gene - srrA_1 srrA_2
[23:22:52] Fixed 2 duplicate /gene - ywqD_1 ywqD_2
[23:22:52] Fixed 2 duplicate /gene - malL_1 malL_2
[23:22:52] Fixed 2 duplicate /gene - nupC_1 nupC_2
[23:22:52] Fixed 2 duplicate /gene - rsgA_1 rsgA_2
[23:22:52] Fixed 6 duplicate /gene - patA_1 patA_2 patA_3 patA_4 patA_5 patA_6
[23:22:52] Fixed 2 duplicate /gene - pspA_1 pspA_2
[23:22:52] Fixed 2 duplicate /gene - ald_1 ald_2
[23:22:52] Fixed 3 duplicate /gene - cspB_1 cspB_2 cspB_3
[23:22:52] Fixed 2 duplicate /gene - yusV_1 yusV_2
[23:22:52] Fixed 2 duplicate /gene - uctC_1 uctC_2
[23:22:52] Fixed 2 duplicate /gene - oleD_1 oleD_2
[23:22:52] Fixed 2 duplicate /gene - clsB_1 clsB_2
[23:22:52] Fixed 2 duplicate /gene - ruvB_1 ruvB_2
[23:22:52] Fixed 3 duplicate /gene - sleB_1 sleB_2 sleB_3
[23:22:52] Fixed 2 duplicate /gene - mqo1_1 mqo1_2
[23:22:52] Fixed 3 duplicate /gene - proS_1 proS_2 proS_3
[23:22:52] Fixed 2 duplicate /gene - fabF_1 fabF_2
[23:22:52] Fixed 2 duplicate /gene - yafV_1 yafV_2
[23:22:52] Fixed 2 duplicate /gene - mgsA_1 mgsA_2
[23:22:52] Fixed 4 duplicate /gene - mshD_1 mshD_2 mshD_3 mshD_4
[23:22:52] Fixed 2 duplicate /gene - tadA_1 tadA_2
[23:22:52] Fixed 2 duplicate /gene - azr_1 azr_2
[23:22:52] Fixed 3 duplicate /gene - adh2_1 adh2_2 adh2_3
[23:22:52] Fixed 3 duplicate /gene - acpB_1 acpB_2 acpB_3
[23:22:52] Fixed 2 duplicate /gene - pleD_1 pleD_2
[23:22:52] Fixed 2 duplicate /gene - rutB_1 rutB_2
[23:22:52] Fixed 2 duplicate /gene - hin_1 hin_2
[23:22:52] Fixed 2 duplicate /gene - carH_1 carH_2
[23:22:52] Fixed 4 duplicate /gene - resE_1 resE_2 resE_3 resE_4
[23:22:52] Fixed 2 duplicate /gene - lrp_1 lrp_2
[23:22:52] Fixed 2 duplicate /gene - msrA_1 msrA_2
[23:22:52] Fixed 2 duplicate /gene - tspO_1 tspO_2
[23:22:52] Fixed 4 duplicate /gene - licA_1 licA_2 licA_3 licA_4
[23:22:52] Fixed 3 duplicate /gene - kstR2_1 kstR2_2 kstR2_3
[23:22:52] Fixed 2 duplicate /gene - yfhA_1 yfhA_2
[23:22:52] Fixed 3 duplicate /gene - acdA_1 acdA_2 acdA_3
[23:22:52] Fixed 2 duplicate /gene - pta_1 pta_2
[23:22:52] Fixed 3 duplicate /gene - yhdG_1 yhdG_2 yhdG_3
[23:22:52] Fixed 2 duplicate /gene - nhaC_1 nhaC_2
[23:22:52] Fixed 2 duplicate /gene - maeA_1 maeA_2
[23:22:52] Fixed 3 duplicate /gene - zwf_1 zwf_2 zwf_3
[23:22:52] Fixed 2 duplicate /gene - flgG_1 flgG_2
[23:22:52] Fixed 2 duplicate /gene - inhA_1 inhA_2
[23:22:52] Fixed 3 duplicate /gene - kinE_1 kinE_2 kinE_3
[23:22:52] Fixed 4 duplicate /gene - ywpJ_1 ywpJ_2 ywpJ_3 ywpJ_4
[23:22:52] Fixed 2 duplicate /gene - walK_1 walK_2
[23:22:52] Fixed 5 duplicate /gene - phoR_1 phoR_2 phoR_3 phoR_4 phoR_5
[23:22:52] Fixed 2 duplicate /gene - yjcF_1 yjcF_2
[23:22:52] Fixed 2 duplicate /gene - queE_1 queE_2
[23:22:52] Fixed 2 duplicate /gene - chrA1_1 chrA1_2
[23:22:52] Fixed 2 duplicate /gene - mutS2_1 mutS2_2
[23:22:52] Fixed 2 duplicate /gene - yfiT_1 yfiT_2
[23:22:52] Fixed 2 duplicate /gene - mdtG_1 mdtG_2
[23:22:52] Fixed 2 duplicate /gene - flhB_1 flhB_2
[23:22:52] Fixed 2 duplicate /gene - gpsA_1 gpsA_2
[23:22:52] Fixed 2 duplicate /gene - speE_1 speE_2
[23:22:52] Fixed 2 duplicate /gene - rlmCD_1 rlmCD_2
[23:22:52] Fixed 2 duplicate /gene - sspD_1 sspD_2
[23:22:52] Fixed 5 duplicate /gene - fadR_1 fadR_2 fadR_3 fadR_4 fadR_5
[23:22:52] Fixed 2 duplicate /gene - ligd_1 ligd_2
[23:22:52] Fixed 2 duplicate /gene - yttP_1 yttP_2
[23:22:52] Fixed 4 duplicate /gene - potA_1 potA_2 potA_3 potA_4
[23:22:52] Fixed 2 duplicate /gene - deoD_1 deoD_2
[23:22:52] Fixed 2 duplicate /gene - spsB_1 spsB_2
[23:22:52] Fixed 2 duplicate /gene - dacF_1 dacF_2
[23:22:52] Fixed 2 duplicate /gene - spxA_1 spxA_2
[23:22:52] Fixed 2 duplicate /gene - dapH_1 dapH_2
[23:22:52] Fixed 2 duplicate /gene - desK_1 desK_2
[23:22:52] Fixed 3 duplicate /gene - puuP_1 puuP_2 puuP_3
[23:22:52] Fixed 3 duplicate /gene - ettA_1 ettA_2 ettA_3
[23:22:52] Fixed 3 duplicate /gene - epsJ_1 epsJ_2 epsJ_3
[23:22:52] Fixed 2 duplicate /gene - sapB_1 sapB_2
[23:22:52] Fixed 2 duplicate /gene - bepA_1 bepA_2
[23:22:52] Fixed 3 duplicate /gene - yodC_1 yodC_2 yodC_3
[23:22:52] Fixed 3 duplicate /gene - epsF_1 epsF_2 epsF_3
[23:22:52] Fixed 2 duplicate /gene - luxA_1 luxA_2
[23:22:52] Fixed 5 duplicate /gene - kinA_1 kinA_2 kinA_3 kinA_4 kinA_5
[23:22:52] Fixed 2 duplicate /gene - pdhC_1 pdhC_2
[23:22:52] Fixed 2 duplicate /gene - yheS_1 yheS_2
[23:22:52] Fixed 2 duplicate /gene - dltA_1 dltA_2
[23:22:52] Fixed 2 duplicate /gene - pstB3_1 pstB3_2
[23:22:52] Fixed 2 duplicate /gene - prmC_1 prmC_2
[23:22:52] Fixed 2 duplicate /gene - pabA_1 pabA_2
[23:22:52] Fixed 3 duplicate /gene - atzC_1 atzC_2 atzC_3
[23:22:52] Fixed 2 duplicate /gene - ydgH_1 ydgH_2
[23:22:52] Fixed 2 duplicate /gene - sufS_1 sufS_2
[23:22:52] Fixed 2 duplicate /gene - agaA_1 agaA_2
[23:22:52] Fixed 2 duplicate /gene - yjjG_1 yjjG_2
[23:22:52] Fixed 2 duplicate /gene - der_1 der_2
[23:22:52] Fixed 3 duplicate /gene - srkA_1 srkA_2 srkA_3
[23:22:52] Fixed 2 duplicate /gene - iscS_1 iscS_2
[23:22:52] Fixed 2 duplicate /gene - murG_1 murG_2
[23:22:52] Fixed 2 duplicate /gene - pepT_1 pepT_2
[23:22:52] Fixed 3 duplicate /gene - tmpC_1 tmpC_2 tmpC_3
[23:22:52] Fixed 3 duplicate /gene - gerXA_1 gerXA_2 gerXA_3
[23:22:52] Fixed 2 duplicate /gene - comB_1 comB_2
[23:22:52] Fixed 2 duplicate /gene - leuE_1 leuE_2
[23:22:52] Fixed 2 duplicate /gene - yndB_1 yndB_2
[23:22:52] Fixed 2 duplicate /gene - artQ_1 artQ_2
[23:22:52] Fixed 2 duplicate /gene - gloC_1 gloC_2
[23:22:52] Fixed 2 duplicate /gene - tesE_1 tesE_2
[23:22:52] Fixed 2 duplicate /gene - kojP_1 kojP_2
[23:22:52] Fixed 2 duplicate /gene - ytcD_1 ytcD_2
[23:22:52] Fixed 2 duplicate /gene - cphE_1 cphE_2
[23:22:52] Fixed 2 duplicate /gene - mdaB_1 mdaB_2
[23:22:52] Fixed 2 duplicate /gene - rnmV_1 rnmV_2
[23:22:52] Fixed 9 duplicate /gene - ydaF_1 ydaF_2 ydaF_3 ydaF_4 ydaF_5 ydaF_6 ydaF_7 ydaF_8 ydaF_9
[23:22:52] Fixed 3 duplicate /gene - pstA_1 pstA_2 pstA_3
[23:22:52] Fixed 3 duplicate /gene - icaA_1 icaA_2 icaA_3
[23:22:52] Fixed 2 duplicate /gene - helD_1 helD_2
[23:22:52] Fixed 3 duplicate /gene - efeU_1 efeU_2 efeU_3
[23:22:52] Fixed 2 duplicate /gene - yfcA_1 yfcA_2
[23:22:52] Fixed 2 duplicate /gene - swrC_1 swrC_2
[23:22:52] Fixed 5 duplicate /gene - rebO_1 rebO_2 rebO_3 rebO_4 rebO_5
[23:22:52] Fixed 3 duplicate /gene - licH_1 licH_2 licH_3
[23:22:52] Fixed 5 duplicate /gene - xerC_1 xerC_2 xerC_3 xerC_4 xerC_5
[23:22:52] Fixed 2 duplicate /gene - ywqC_1 ywqC_2
[23:22:52] Fixed 3 duplicate /gene - comEC_1 comEC_2 comEC_3
[23:22:52] Fixed 4 duplicate /gene - norG_1 norG_2 norG_3 norG_4
[23:22:52] Fixed 4 duplicate /gene - cynR_1 cynR_2 cynR_3 cynR_4
[23:22:52] Fixed 2 duplicate /gene - lytE_1 lytE_2
[23:22:52] Fixed 2 duplicate /gene - uvrC_1 uvrC_2
[23:22:52] Fixed 2 duplicate /gene - mhqP_1 mhqP_2
[23:22:52] Fixed 2 duplicate /gene - ftsL_1 ftsL_2
[23:22:52] Fixed 2 duplicate /gene - yocK_1 yocK_2
[23:22:52] Fixed 2 duplicate /gene - tatAd_1 tatAd_2
[23:22:52] Fixed 2 duplicate /gene - tatC1_1 tatC1_2
[23:22:52] Fixed 3 duplicate /gene - pstC_1 pstC_2 pstC_3
[23:22:52] Fixed 2 duplicate /gene - rimI_1 rimI_2
[23:22:52] Fixed 2 duplicate /gene - panE_1 panE_2
[23:22:52] Fixed 2 duplicate /gene - rsmA_1 rsmA_2
[23:22:52] Fixed 3 duplicate /gene - ybbH_1 ybbH_2 ybbH_3
[23:22:52] Fixed 2 duplicate /gene - pgsA_1 pgsA_2
[23:22:52] Fixed 2 duplicate /gene - lgrD_1 lgrD_2
[23:22:52] Fixed 2 duplicate /gene - yoaH_1 yoaH_2
[23:22:52] Fixed 2 duplicate /gene - crcB_1 crcB_2
[23:22:52] Fixed 3 duplicate /gene - carD_1 carD_2 carD_3
[23:22:52] Fixed 2 duplicate /gene - merR1_1 merR1_2
[23:22:52] Fixed 2 duplicate /gene - gabD_1 gabD_2
[23:22:52] Fixed 3 duplicate /gene - tetA_1 tetA_2 tetA_3
[23:22:52] Fixed 3 duplicate /gene - yijE_1 yijE_2 yijE_3
[23:22:52] Fixed 2 duplicate /gene - ltaA_1 ltaA_2
[23:22:52] Fixed 2 duplicate /gene - cotF_1 cotF_2
[23:22:52] Fixed 2 duplicate /gene - act_1 act_2
[23:22:52] Fixed 2 duplicate /gene - argS_1 argS_2
[23:22:52] Fixed 2 duplicate /gene - ydaD_1 ydaD_2
[23:22:52] Fixed 2 duplicate /gene - ricR_1 ricR_2
[23:22:52] Fixed 3 duplicate /gene - pglJ_1 pglJ_2 pglJ_3
[23:22:52] Fixed 2 duplicate /gene - yhaH_1 yhaH_2
[23:22:52] Fixed 3 duplicate /gene - sasP-C_1 sasP-C_2 sasP-C_3
[23:22:52] Fixed 2 duplicate /gene - sigJ_1 sigJ_2
[23:22:52] Fixed 2 duplicate /gene - punA_1 punA_2
[23:22:52] Fixed 2 duplicate /gene - ypwA_1 ypwA_2
[23:22:52] Fixed 2 duplicate /gene - pbuE_1 pbuE_2
[23:22:52] Fixed 2 duplicate /gene - glcR_1 glcR_2
[23:22:52] Fixed 2 duplicate /gene - sspH_1 sspH_2
[23:22:52] Fixed 2 duplicate /gene - pdhD_1 pdhD_2
[23:22:52] Fixed 2 duplicate /gene - mprF_1 mprF_2
[23:22:52] Fixed 3 duplicate /gene - ypbG_1 ypbG_2 ypbG_3
[23:22:52] Fixed 3 duplicate /gene - deoC_1 deoC_2 deoC_3
[23:22:52] Fixed 2 duplicate /gene - uppP_1 uppP_2
[23:22:52] Fixed 3 duplicate /gene - ysdC_1 ysdC_2 ysdC_3
[23:22:52] Fixed 3 duplicate /gene - pstS1_1 pstS1_2 pstS1_3
[23:22:52] Fixed 3 duplicate /gene - acsA_1 acsA_2 acsA_3
[23:22:52] Fixed 2 duplicate /gene - kynU_1 kynU_2
[23:22:52] Fixed 2 duplicate /gene - ugtP_1 ugtP_2
[23:22:52] Fixed 2 duplicate /gene - sttH_1 sttH_2
[23:22:52] Fixed 2 duplicate /gene - glpX_1 glpX_2
[23:22:52] Fixed 3 duplicate /gene - scoB_1 scoB_2 scoB_3
[23:22:52] Fixed 2 duplicate /gene - hutU_1 hutU_2
[23:22:52] Fixed 2 duplicate /gene - truA_1 truA_2
[23:22:52] Fixed 2 duplicate /gene - hpt_1 hpt_2
[23:22:52] Fixed 3 duplicate /gene - speG_1 speG_2 speG_3
[23:22:52] Fixed 2 duplicate /gene - cdd_1 cdd_2
[23:22:52] Fixed 3 duplicate /gene - fieF_1 fieF_2 fieF_3
[23:22:52] Fixed 2 duplicate /gene - oxyR_1 oxyR_2
[23:22:52] Fixed 2 duplicate /gene - lysX_1 lysX_2
[23:22:52] Fixed 2 duplicate /gene - atoD_1 atoD_2
[23:22:52] Fixed 2 duplicate /gene - ccpB_1 ccpB_2
[23:22:52] Fixed 2 duplicate /gene - qoxA_1 qoxA_2
[23:22:52] Fixed 7 duplicate /gene - gerBC_1 gerBC_2 gerBC_3 gerBC_4 gerBC_5 gerBC_6 gerBC_7
[23:22:52] Fixed 5 duplicate /gene - gerAA_1 gerAA_2 gerAA_3 gerAA_4 gerAA_5
[23:22:52] Fixed 3 duplicate /gene - oppD_1 oppD_2 oppD_3
[23:22:52] Fixed 2 duplicate /gene - ppsC_1 ppsC_2
[23:22:52] Fixed 2 duplicate /gene - thlA_1 thlA_2
[23:22:52] Fixed 2 duplicate /gene - chbG_1 chbG_2
[23:22:52] Fixed 2 duplicate /gene - dltD_1 dltD_2
[23:22:52] Fixed 2 duplicate /gene - ftsZ_1 ftsZ_2
[23:22:52] Fixed 2 duplicate /gene - resA_1 resA_2
[23:22:52] Fixed 2 duplicate /gene - gerBB_1 gerBB_2
[23:22:52] Fixed 4 duplicate /gene - degU_1 degU_2 degU_3 degU_4
[23:22:52] Fixed 3 duplicate /gene - rocC_1 rocC_2 rocC_3
[23:22:52] Fixed 2 duplicate /gene - oppF_1 oppF_2
[23:22:52] Fixed 3 duplicate /gene - sigE_1 sigE_2 sigE_3
[23:22:52] Fixed 3 duplicate /gene - trxB_1 trxB_2 trxB_3
[23:22:52] Fixed 2 duplicate /gene - bioB_1 bioB_2
[23:22:52] Fixed 4 duplicate /gene - gbsA_1 gbsA_2 gbsA_3 gbsA_4
[23:22:52] Fixed 2 duplicate /gene - rodA_1 rodA_2
[23:22:52] Fixed 4 duplicate /gene - xerD_1 xerD_2 xerD_3 xerD_4
[23:22:52] Fixed 3 duplicate /gene - yusO_1 yusO_2 yusO_3
[23:22:52] Fixed 2 duplicate /gene - liaS_1 liaS_2
[23:22:52] Fixed 2 duplicate /gene - hit_1 hit_2
[23:22:52] Fixed 2 duplicate /gene - ypeB_1 ypeB_2
[23:22:52] Fixed 4 duplicate /gene - sdpR_1 sdpR_2 sdpR_3 sdpR_4
[23:22:52] Fixed 2 duplicate /gene - metN_1 metN_2
[23:22:52] Fixed 6 duplicate /gene - mdtH_1 mdtH_2 mdtH_3 mdtH_4 mdtH_5 mdtH_6
[23:22:52] Fixed 2 duplicate /gene - scpA_1 scpA_2
[23:22:52] Fixed 2 duplicate /gene - ydcV_1 ydcV_2
[23:22:52] Fixed 5 duplicate /gene - nprA_1 nprA_2 nprA_3 nprA_4 nprA_5
[23:22:52] Fixed 5 duplicate /gene - atoC_1 atoC_2 atoC_3 atoC_4 atoC_5
[23:22:52] Fixed 4 duplicate /gene - yheD_1 yheD_2 yheD_3 yheD_4
[23:22:52] Fixed 2 duplicate /gene - lysS_1 lysS_2
[23:22:52] Fixed 2 duplicate /gene - hag_1 hag_2
[23:22:52] Fixed 2 duplicate /gene - ywaC_1 ywaC_2
[23:22:52] Fixed 2 duplicate /gene - ppiB_1 ppiB_2
[23:22:52] Fixed 2 duplicate /gene - tkt_1 tkt_2
[23:22:52] Fixed 2 duplicate /gene - ydhD_1 ydhD_2
[23:22:52] Fixed 2 duplicate /gene - murJ_1 murJ_2
[23:22:52] Fixed 9 duplicate /gene - yndE_1 yndE_2 yndE_3 yndE_4 yndE_5 yndE_6 yndE_7 yndE_8 yndE_9
[23:22:52] Fixed 2 duplicate /gene - aroA_1 aroA_2
[23:22:52] Fixed 3 duplicate /gene - sinR_1 sinR_2 sinR_3
[23:22:52] Fixed 2 duplicate /gene - dat_1 dat_2
[23:22:52] Fixed 2 duplicate /gene - gsiD_1 gsiD_2
[23:22:52] Fixed 3 duplicate /gene - hssR_1 hssR_2 hssR_3
[23:22:52] Fixed 2 duplicate /gene - ytrA_1 ytrA_2
[23:22:52] Fixed 2 duplicate /gene - nagZ_1 nagZ_2
[23:22:52] Fixed 2 duplicate /gene - drrB_1 drrB_2
[23:22:52] Fixed 4 duplicate /gene - puuB_1 puuB_2 puuB_3 puuB_4
[23:22:52] Fixed 2 duplicate /gene - cdaR_1 cdaR_2
[23:22:52] Fixed 2 duplicate /gene - steT_1 steT_2
[23:22:52] Fixed 3 duplicate /gene - natA_1 natA_2 natA_3
[23:22:52] Fixed 2 duplicate /gene - ytrB_1 ytrB_2
[23:22:52] Fixed 2 duplicate /gene - bltD_1 bltD_2
[23:22:52] Fixed 4 duplicate /gene - ydjZ_1 ydjZ_2 ydjZ_3 ydjZ_4
[23:22:52] Fixed 2 duplicate /gene - brnQ_1 brnQ_2
[23:22:52] Fixed 5 duplicate /gene - phoP_1 phoP_2 phoP_3 phoP_4 phoP_5
[23:22:52] Fixed 2 duplicate /gene - yvbW_1 yvbW_2
[23:22:52] Fixed 2 duplicate /gene - cheY_1 cheY_2
[23:22:52] Fixed 2 duplicate /gene - mtnB_1 mtnB_2
[23:22:52] Fixed 3 duplicate /gene - speA_1 speA_2 speA_3
[23:22:52] Fixed 2 duplicate /gene - murK_1 murK_2
[23:22:52] Fixed 2 duplicate /gene - ybhF_1 ybhF_2
[23:22:52] Fixed 2 duplicate /gene - xylB_1 xylB_2
[23:22:52] Fixed 3 duplicate /gene - mntP_1 mntP_2 mntP_3
[23:22:52] Fixed 2 duplicate /gene - kamA_1 kamA_2
[23:22:52] Fixed 2 duplicate /gene - hisS_1 hisS_2
[23:22:52] Fixed 2 duplicate /gene - recQ_1 recQ_2
[23:22:52] Fixed 3 duplicate /gene - yfiR_1 yfiR_2 yfiR_3
[23:22:52] Fixed 5 duplicate /gene - yvoA_1 yvoA_2 yvoA_3 yvoA_4 yvoA_5
[23:22:52] Fixed 2 duplicate /gene - murR_1 murR_2
[23:22:52] Fixed 3 duplicate /gene - pbuO_1 pbuO_2 pbuO_3
[23:22:52] Fixed 9 duplicate /gene - gerBA_1 gerBA_2 gerBA_3 gerBA_4 gerBA_5 gerBA_6 gerBA_7 gerBA_8 gerBA_9
[23:22:52] Fixed 2 duplicate /gene - ypdF_1 ypdF_2
[23:22:52] Fixed 5 duplicate /gene - arlS_1 arlS_2 arlS_3 arlS_4 arlS_5
[23:22:52] Fixed 2 duplicate /gene - fabZ_1 fabZ_2
[23:22:52] Fixed 2 duplicate /gene - ywnA_1 ywnA_2
[23:22:52] Fixed 4 duplicate /gene - cspLA_1 cspLA_2 cspLA_3 cspLA_4
[23:22:52] Fixed 2 duplicate /gene - cfiB_1 cfiB_2
[23:22:52] Fixed 2 duplicate /gene - liaR_1 liaR_2
[23:22:52] Fixed 2 duplicate /gene - rihA_1 rihA_2
[23:22:52] Fixed 2 duplicate /gene - carC_1 carC_2
[23:22:52] Fixed 3 duplicate /gene - glnQ_1 glnQ_2 glnQ_3
[23:22:52] Fixed 2 duplicate /gene - pbpH_1 pbpH_2
[23:22:52] Fixed 2 duplicate /gene - mhqA_1 mhqA_2
[23:22:52] Fixed 2 duplicate /gene - mutX_1 mutX_2
[23:22:52] Fixed 3 duplicate /gene - rocR_1 rocR_2 rocR_3
[23:22:52] Fixed 3 duplicate /gene - glnH_1 glnH_2 glnH_3
[23:22:52] Fixed 408 colliding /gene names.
[23:22:52] Adding /locus_tag identifiers
[23:22:52] Assigned 4423 locus_tags to CDS and RNA features.
[23:22:52] Writing outputs to bacillus_luciferensis-assembly.fna.prokka_annotation/
[23:22:54] Generating annotation statistics file
[23:22:54] Generating Genbank and Sequin files
[23:22:54] Running: tbl2asn -V b -a r10k -l paired-ends -M n -N 1 -y 'Annotated using prokka 1.13 from https://github.com/tseemann/prokka' -Z bacillus_luciferensis\-assembly\.fna\.prokka_annotation\/bacillus_luciferensis\-assembly\.fna\.err -i bacillus_luciferensis\-assembly\.fna\.prokka_annotation\/bacillus_luciferensis\-assembly\.fna\.fsa 2> /dev/null
[23:23:07] Could not run command: tbl2asn -V b -a r10k -l paired-ends -M n -N 1 -y 'Annotated using prokka 1.13 from https://github.com/tseemann/prokka' -Z bacillus_luciferensis\-assembly\.fna\.prokka_annotation\/bacillus_luciferensis\-assembly\.fna\.err -i bacillus_luciferensis\-assembly\.fna\.prokka_annotation\/bacillus_luciferensis\-assembly\.fna\.fsa 2> /dev/null
