[23:36:16] This is prokka 1.13
[23:36:16] Written by Torsten Seemann <torsten.seemann@gmail.com>
[23:36:16] Homepage is https://github.com/tseemann/prokka
[23:36:16] Local time is Thu Apr 16 23:36:16 2020
[23:36:16] You are basu
[23:36:16] Operating system is linux
[23:36:16] You have BioPerl 1.007002
[23:36:16] System has 1 cores.
[23:36:16] Option --cpu asked for 8 cores, but system only has 1
[23:36:16] Will use maximum of 1 cores.
[23:36:16] Annotating as >>> Bacteria <<<
[23:36:16] Generating locus_tag from 'bacillus_siralis-assembly.fna' contents.
[23:36:16] Setting --locustag NHFCHHOA from MD5 71fc118a84b133a08286b32a695d89d4
[23:36:16] Creating new output folder: bacillus_siralis-assembly.fna.prokka_annotation
[23:36:16] Running: mkdir -p bacillus_siralis\-assembly\.fna\.prokka_annotation
[23:36:16] Using filename prefix: bacillus_siralis-assembly.fna.XXX
[23:36:16] Setting HMMER_NCPU=1
[23:36:16] Writing log to: bacillus_siralis-assembly.fna.prokka_annotation/bacillus_siralis-assembly.fna.log
[23:36:16] Command: /home/basu/anaconda3/bin/prokka bacillus_siralis-assembly.fna --outdir bacillus_siralis-assembly.fna.prokka_annotation --prefix bacillus_siralis-assembly.fna
[23:36:16] Appending to PATH: /home/basu/anaconda3/bin
[23:36:16] Looking for 'aragorn' - found /home/basu/anaconda3/bin/aragorn
[23:36:16] Determined aragorn version is 1.2
[23:36:16] Looking for 'barrnap' - found /home/basu/anaconda3/bin/barrnap
[23:36:17] Determined barrnap version is 0.9
[23:36:17] Looking for 'blastp' - found /home/basu/anaconda3/bin/blastp
[23:36:17] Determined blastp version is 2.9
[23:36:17] Looking for 'cmpress' - found /home/basu/anaconda3/bin/cmpress
[23:36:17] Determined cmpress version is 1.1
[23:36:17] Looking for 'cmscan' - found /home/basu/anaconda3/bin/cmscan
[23:36:17] Determined cmscan version is 1.1
[23:36:17] Looking for 'egrep' - found /bin/egrep
[23:36:17] Looking for 'find' - found /usr/bin/find
[23:36:17] Looking for 'grep' - found /bin/grep
[23:36:17] Looking for 'hmmpress' - found /home/basu/anaconda3/bin/hmmpress
[23:36:17] Determined hmmpress version is 3.3
[23:36:17] Looking for 'hmmscan' - found /home/basu/anaconda3/bin/hmmscan
[23:36:17] Determined hmmscan version is 3.3
[23:36:17] Looking for 'java' - found /home/basu/anaconda3/bin/java
[23:36:17] Looking for 'less' - found /usr/bin/less
[23:36:17] Looking for 'makeblastdb' - found /home/basu/anaconda3/bin/makeblastdb
[23:36:17] Determined makeblastdb version is 2.9
[23:36:17] Looking for 'minced' - found /home/basu/anaconda3/bin/minced
[23:36:17] Determined minced version is 4.2
[23:36:17] Looking for 'parallel' - found /home/basu/anaconda3/bin/parallel
[23:36:17] Determined parallel version is 20160622
[23:36:17] Looking for 'prodigal' - found /home/basu/anaconda3/bin/prodigal
[23:36:17] Determined prodigal version is 2.6
[23:36:17] Looking for 'prokka-genbank_to_fasta_db' - found /home/basu/anaconda3/bin/prokka-genbank_to_fasta_db
[23:36:17] Looking for 'sed' - found /bin/sed
[23:36:17] Looking for 'tbl2asn' - found /home/basu/anaconda3/bin/tbl2asn
[23:36:17] Determined tbl2asn version is 25.7
[23:36:17] Using genetic code table 11.
[23:36:17] Loading and checking input file: bacillus_siralis-assembly.fna
[23:36:17] Wrote 64 contigs totalling 5006400 bp.
[23:36:17] Predicting tRNAs and tmRNAs
[23:36:17] Running: aragorn -l -gc11  -w bacillus_siralis\-assembly\.fna\.prokka_annotation\/bacillus_siralis\-assembly\.fna\.fna
[23:36:18] 1 tRNA-Arg c[24141,24217] 35 (tct)
[23:36:18] 1 tRNA-SeC c[17803,17899] 36 (tca)
[23:36:18] 1 tRNA-Arg c[46257,46334] 36 (cct)
[23:36:18] 1 tRNA-Val [75497,75572] 35 (gac)
[23:36:18] 1 tmRNA c[1719,2078] 89,124 GKQQNNFAFAA*
[23:36:18] 2 tRNA-Arg c[21846,21919] 35 (ccg)
[23:36:18] 1 tRNA-Gly c[137,210] 33 (tcc)
[23:36:18] 2 tRNA-Pro c[433,509] 35 (tgg)
[23:36:18] 3 tRNA-Arg c[515,591] 35 (acg)
[23:36:18] 4 tRNA-Leu c[666,751] 34 (gag)
[23:36:18] 5 tRNA-Leu c[819,903] 36 (tag)
[23:36:18] 6 tRNA-Lys c[994,1066] 34 (ttt)
[23:36:18] 7 tRNA-Gln c[1226,1300] 33 (ttg)
[23:36:18] 8 tRNA-Asp c[1315,1391] 35 (gtc)
[23:36:18] 9 tRNA-Glu c[1546,1620] 34 (ttc)
[23:36:18] 10 tRNA-Ser c[1634,1724] 35 (gct)
[23:36:18] 11 tRNA-Asn c[1739,1813] 33 (gtt)
[23:36:18] 1 tRNA-Asn [279,353] 33 (gtt)
[23:36:18] 2 tRNA-Thr [398,471] 34 (ggt)
[23:36:18] 3 tRNA-Glu [489,560] 34 (ttc)
[23:36:18] 4 tRNA-Val [588,663] 34 (tac)
[23:36:18] 5 tRNA-Thr [756,831] 34 (tgt)
[23:36:18] 6 tRNA-Tyr [844,927] 35 (gta)
[23:36:18] 7 tRNA-Gln [1090,1164] 33 (ttg)
[23:36:18] 8 tRNA-Lys [1171,1243] 34 (ttt)
[23:36:18] 1 tRNA-Leu c[51976,52060] 36 (caa)
[23:36:18] 2 tRNA-Leu c[57883,57971] 35 (taa)
[23:36:18] 3 tRNA-Cys c[58005,58079] 33 (gca)
[23:36:18] 4 tRNA-Gly c[58089,58163] 33 (gcc)
[23:36:18] 5 tRNA-Gln c[58167,58241] 33 (ttg)
[23:36:18] 6 tRNA-His c[58276,58351] 34 (gtg)
[23:36:18] 7 tRNA-Trp c[58363,58436] 33 (cca)
[23:36:18] 8 tRNA-Tyr c[58549,58632] 35 (gta)
[23:36:18] 9 tRNA-Phe c[58693,58768] 34 (gaa)
[23:36:18] 10 tRNA-Asp c[58786,58862] 35 (gtc)
[23:36:18] 11 tRNA-Met c[58930,59006] 36 (cat)
[23:36:18] 12 tRNA-Val c[59226,59301] 34 (tac)
[23:36:18] 13 tRNA-Glu c[59330,59403] 35 (ttc)
[23:36:18] 14 tRNA-Ser c[59414,59506] 35 (gga)
[23:36:18] 15 tRNA-Asn c[59510,59584] 33 (gtt)
[23:36:18] 1 tRNA-Val [530,605] 34 (tac)
[23:36:18] 2 tRNA-Thr [664,739] 34 (tgt)
[23:36:18] 3 tRNA-Lys [913,988] 34 (ttt)
[23:36:18] 4 tRNA-Leu [1062,1146] 35 (tag)
[23:36:18] 5 tRNA-Gly [1187,1261] 33 (gcc)
[23:36:18] 6 tRNA-Leu [1269,1354] 35 (taa)
[23:36:18] 7 tRNA-Arg [1394,1470] 35 (acg)
[23:36:18] 8 tRNA-Pro [1476,1552] 35 (tgg)
[23:36:18] 9 tRNA-Ala [1568,1643] 34 (tgc)
[23:36:18] 10 tRNA-Met [1730,1806] 35 (cat)
[23:36:18] 11 tRNA-Met [1831,1907] 35 (cat)
[23:36:18] 12 tRNA-Ser [1945,2037] 37 (tga)
[23:36:18] 13 tRNA-Met [2201,2277] 36 (cat)
[23:36:18] 14 tRNA-Asp [2308,2384] 35 (gtc)
[23:36:18] 15 tRNA-Phe [2548,2620] 34 (gaa)
[23:36:18] 16 tRNA-Gly [2831,2904] 33 (tcc)
[23:36:18] 17 tRNA-Ile [2909,2985] 35 (gat)
[23:36:18] 18 tRNA-Asn [3170,3244] 33 (gtt)
[23:36:18] 19 tRNA-Ser [3248,3338] 35 (gct)
[23:36:18] 20 tRNA-Glu [3343,3416] 35 (ttc)
[23:36:19] 1 tRNA-Met [245,321] 36 (cat)
[23:36:19] 2 tRNA-Asp [352,428] 35 (gtc)
[23:36:19] 1 tRNA-Ser [7914,8006] 37 (tga)
[23:36:19] 1 tRNA-Ala c[11182,11254] 34 (ggc)
[23:36:19] 1 tRNA-Val [146,218] 34 (tac)
[23:36:19] 2 tRNA-Thr [246,321] 34 (tgt)
[23:36:19] 3 tRNA-Lys [487,559] 34 (ttt)
[23:36:19] 4 tRNA-Leu [643,725] 35 (tag)
[23:36:19] 5 tRNA-Gly [744,818] 33 (gcc)
[23:36:19] 6 tRNA-Leu [826,911] 35 (taa)
[23:36:19] 7 tRNA-Arg [951,1027] 35 (acg)
[23:36:19] 8 tRNA-Pro [1118,1194] 35 (tgg)
[23:36:19] 9 tRNA-Ala [1207,1282] 34 (tgc)
[23:36:19] 1 tRNA-Gly c[152185,152255] 33 (tcc)
[23:36:19] 2 tRNA-His c[152810,152885] 34 (gtg)
[23:36:19] 3 tRNA-Tyr c[153026,153109] 35 (gta)
[23:36:19] 4 tRNA-Phe c[153119,153193] 35 (gaa)
[23:36:19] 5 tRNA-Asp c[153989,154062] 35 (gtc)
[23:36:19] 6 tRNA-Ser c[154158,154249] 38 (tga)
[23:36:19] 7 tRNA-Met c[154263,154339] 35 (cat)
[23:36:19] 8 tRNA-Glu c[154412,154485] 35 (ttc)
[23:36:19] 9 tRNA-Gly c[198573,198646] 33 (tcc)
[23:36:19] Found 82 tRNAs
[23:36:19] Predicting Ribosomal RNAs
[23:36:19] Running Barrnap with 1 threads
[23:36:23] 1 NZ_SWLZ01000002.1 424411 5S ribosomal RNA
[23:36:23] 2 NZ_SWLZ01000019.1 94320 5S ribosomal RNA
[23:36:23] 3 NZ_SWLZ01000025.1 5 5S ribosomal RNA
[23:36:23] 4 NZ_SWLZ01000026.1 59755 5S ribosomal RNA
[23:36:23] 5 NZ_SWLZ01000031.1 392 5S ribosomal RNA
[23:36:23] 6 NZ_SWLZ01000040.1 8 5S ribosomal RNA
[23:36:23] 7 NZ_SWLZ01000049.1 2 23S ribosomal RNA
[23:36:23] 8 NZ_SWLZ01000059.1 8 5S ribosomal RNA
[23:36:23] 9 NZ_SWLZ01000064.1 17 16S ribosomal RNA (partial)
[23:36:23] Found 9 rRNAs
[23:36:23] Skipping ncRNA search, enable with --rfam if desired.
[23:36:23] Total of 90 tRNA + rRNA features
[23:36:23] Searching for CRISPR repeats
[23:36:25] Found 0 CRISPRs
[23:36:25] Predicting coding sequences
[23:36:25] Contigs total 5006400 bp, so using single mode
[23:36:25] Running: prodigal -i bacillus_siralis\-assembly\.fna\.prokka_annotation\/bacillus_siralis\-assembly\.fna\.fna -c -m -g 11 -p single -f sco -q
[23:36:32] Excluding CDS which overlaps existing RNA (rRNA) at NZ_SWLZ01000002.1:423717..424463 on + strand
[23:36:32] Excluding CDS which overlaps existing RNA (rRNA) at NZ_SWLZ01000049.1:2664..2789 on - strand
[23:36:33] Excluding CDS which overlaps existing RNA (tRNA) at NZ_SWLZ01000006.1:152193..152801 on + strand
[23:36:34] Found 4950 CDS
[23:36:34] Connecting features back to sequences
[23:36:34] Not using genus-specific database. Try --usegenus to enable it.
[23:36:34] Annotating CDS, please be patient.
[23:36:34] Will use 1 CPUs for similarity searching.
[23:36:35] There are still 4950 unannotated CDS left (started with 4950)
[23:36:35] Will use blast to search against /home/basu/anaconda3/bin/../db/kingdom/Bacteria/sprot with 1 CPUs
[23:36:35] Running: cat bacillus_siralis\-assembly\.fna\.prokka_annotation\/sprot\.faa | parallel --gnu --plain -j 1 --block 700833 --recstart '>' --pipe blastp -query - -db /home/basu/anaconda3/bin/../db/kingdom/Bacteria/sprot -evalue 1e-06 -num_threads 1 -num_descriptions 1 -num_alignments 1 -seg no > bacillus_siralis\-assembly\.fna\.prokka_annotation\/sprot\.blast 2> /dev/null
[23:42:27] Modify product: Uncharacterized protein HI_1472 => putative protein
[23:42:27] Modify product: Uncharacterized ABC transporter ATP-binding protein HI_1470 => putative ABC transporter ATP-binding protein
[23:42:27] Modify product: Probable ABC transporter permease protein HI_1471 => putative ABC transporter permease protein
[23:42:27] Modify product: Probable xanthine dehydrogenase subunit A => putative xanthine dehydrogenase subunit A
[23:42:27] Modify product: Uncharacterized protein Rv0906 => putative protein
[23:42:27] Modify product: Uncharacterized inner membrane transporter YicL => putative inner membrane transporter YicL
[23:42:27] Modify product: Uncharacterized protein Rv1841c => putative protein
[23:42:27] Modify product: UPF0053 protein Rv1842c => hypothetical protein
[23:42:27] Modify product: Probable siderophore transport system ATP-binding protein YusV => putative siderophore transport system ATP-binding protein YusV
[23:42:27] Modify product: Probable siderophore transport system permease protein YfhA => putative siderophore transport system permease protein YfhA
[23:42:27] Modify product: Probable siderophore transport system permease protein YfiZ => putative siderophore transport system permease protein YfiZ
[23:42:27] Modify product: Probable siderophore-binding lipoprotein YfiY => putative siderophore-binding lipoprotein YfiY
[23:42:27] Modify product: Uncharacterized protein YyaP => putative protein YyaP
[23:42:27] Modify product: Probable GTP-binding protein EngB => putative GTP-binding protein EngB
[23:42:27] Modify product: Putative metallophosphoesterase MG207 homolog => Putative metallophosphoesterase MG207 
[23:42:27] Modify product: Putative esterase aq_1494 => Putative esterase
[23:42:27] Modify product: Uncharacterized protein YslB => putative protein YslB
[23:42:27] Modify product: Probable enoyl-CoA hydratase => putative enoyl-CoA hydratase
[23:42:27] Modify product: UPF0719 inner membrane protein YjfL => hypothetical protein
[23:42:27] Modify product: UPF0173 metal-dependent hydrolase SA1529 => hypothetical protein
[23:42:27] Modify product: Uncharacterized peptidase SA1530 => putative peptidase
[23:42:27] Modify product: Acetyltransferase PA2578 => Acetyltransferase
[23:42:27] Modify product: Putative universal stress protein SA1532 => Putative universal stress protein
[23:42:27] Modify product: Uncharacterized MscS family protein YkuT => putative MscS family protein YkuT
[23:42:27] Modify product: Probable adenylyl-sulfate kinase => putative adenylyl-sulfate kinase
[23:42:27] Modify product: Probable FMN/FAD exporter YeeO => putative FMN/FAD exporter YeeO
[23:42:27] Modify product: UPF0394 inner membrane protein YedE => hypothetical protein
[23:42:27] Modify product: Probable malate:quinone oxidoreductase 1 => putative malate:quinone oxidoreductase 1
[23:42:27] Modify product: Uncharacterized protein YkvT => putative protein YkvT
[23:42:27] Modify product: Uncharacterized epimerase/dehydratase SA0511 => putative epimerase/dehydratase
[23:42:27] Modify product: Uncharacterized protein YccU => putative protein YccU
[23:42:27] Modify product: Uncharacterized protein YizA => putative protein YizA
[23:42:27] Modify product: Probable zinc-binding alcohol dehydrogenase Rv1895 => putative zinc-binding alcohol dehydrogenase
[23:42:27] Modify product: Uncharacterized oxidoreductase Rv1144 => putative oxidoreductase
[23:42:27] Modify product: Uncharacterized glycosyltransferase YkoT => putative glycosyltransferase YkoT
[23:42:27] Modify product: Putative formate dehydrogenase SA2102 => Putative formate dehydrogenase
[23:42:27] Modify product: Putative HTH-type transcriptional regulator Rv1287 => Putative HTH-type transcriptional regulator
[23:42:27] Modify product: Probable tartrate dehydrogenase/decarboxylase TtuC' => putative tartrate dehydrogenase/decarboxylase TtuC'
[23:42:27] Modify product: Probable siderophore-binding lipoprotein YfiY => putative siderophore-binding lipoprotein YfiY
[23:42:27] Modify product: Probable siderophore transport system permease protein YfiZ => putative siderophore transport system permease protein YfiZ
[23:42:27] Modify product: Probable siderophore transport system permease protein YfhA => putative siderophore transport system permease protein YfhA
[23:42:27] Modify product: Probable siderophore transport system ATP-binding protein YusV => putative siderophore transport system ATP-binding protein YusV
[23:42:27] Modify product: Deacetylase EF_0837 => Deacetylase
[23:42:27] Modify product: Probable licABCH operon regulator => putative licABCH operon regulator
[23:42:27] Modify product: Uncharacterized sugar epimerase YhfK => putative sugar epimerase YhfK
[23:42:27] Modify product: Uncharacterized hydrolase YxeP => putative hydrolase YxeP
[23:42:27] Modify product: Uncharacterized ABC transporter ATP-binding protein YxlF => putative ABC transporter ATP-binding protein YxlF
[23:42:27] Modify product: Calcium-transporting ATPase lmo0841 => Calcium-transporting ATPase
[23:42:27] Modify product: Probable cyclic di-GMP phosphodiesterase PdeA => putative cyclic di-GMP phosphodiesterase PdeA
[23:42:27] Modify product: Resolvase homolog YneB => Resolvase YneB
[23:42:27] Modify product: UPF0291 protein YnzC => hypothetical protein
[23:42:27] Modify product: UPF0154 protein SA1178 => hypothetical protein
[23:42:27] Modify product: Probable multidrug resistance ABC transporter ATP-binding/permease protein YheI => putative multidrug resistance ABC transporter ATP-binding/permease protein YheI
[23:42:27] Modify product: Probable multidrug resistance ABC transporter ATP-binding/permease protein YheH => putative multidrug resistance ABC transporter ATP-binding/permease protein YheH
[23:42:27] Modify product: HTH-type transcriptional regulator Rv2034 => HTH-type transcriptional regulator
[23:42:27] Modify product: Uncharacterized protein YndB => putative protein YndB
[23:42:27] Modify product: Uncharacterized protein YqzG => putative protein YqzG
[23:42:27] Modify product: Uncharacterized protein YhfS => putative protein YhfS
[23:42:27] Modify product: Uncharacterized protein YhfX => putative protein YhfX
[23:42:27] Modify product: UPF0397 protein SP_0482 => hypothetical protein
[23:42:27] Modify product: Uncharacterized glycosyltransferase EpsJ => putative glycosyltransferase EpsJ
[23:42:27] Modify product: Uncharacterized HTH-type transcriptional regulator Rv2912c => putative HTH-type transcriptional regulator
[23:42:27] Modify product: Probable sensor histidine kinase TcrY => putative sensor histidine kinase TcrY
[23:42:27] Modify product: UPF0473 protein SP_0194 => hypothetical protein
[23:42:27] Modify product: UPF0297 protein SA1445 => hypothetical protein
[23:42:27] Modify product: Putative transport protein Rv0205 => Putative transport protein
[23:42:27] Modify product: Uncharacterized AAA domain-containing protein Rv2559c => putative AAA domain-containing protein
[23:42:27] Modify product: Uncharacterized ABC transporter ATP-binding protein YxlF => putative ABC transporter ATP-binding protein YxlF
[23:42:27] Modify product: UPF0702 transmembrane protein YetF => hypothetical protein
[23:42:27] Modify product: UPF0758 protein YsxA => hypothetical protein
[23:42:27] Modify product: Probable multidrug ABC transporter ATP-binding protein YbhF => putative multidrug ABC transporter ATP-binding protein YbhF
[23:42:27] Modify product: Sulfurtransferase Alvin_2599 => Sulfurtransferase
[23:42:27] Modify product: Uncharacterized protein HI_0933 => putative protein
[23:42:27] Modify product: Uncharacterized HTH-type transcriptional regulator YtzE => putative HTH-type transcriptional regulator YtzE
[23:42:27] Modify product: Putative dipeptidase SACOL1801 => Putative dipeptidase
[23:42:27] Modify product: Probable quorum-quenching lactonase YtnP => putative quorum-quenching lactonase YtnP
[23:42:27] Modify product: UPF0354 protein SA1564 => hypothetical protein
[23:42:27] Modify product: UPF0478 protein SA1560 => hypothetical protein
[23:42:27] Modify product: Uncharacterized membrane protein YuaF => putative membrane protein YuaF
[23:42:27] Modify product: Probable HTH-type transcriptional regulator YttP => putative HTH-type transcriptional regulator YttP
[23:42:27] Modify product: Probable tRNA sulfurtransferase => putative tRNA sulfurtransferase
[23:42:27] Modify product: Uncharacterized spore protein YtfJ => putative spore protein YtfJ
[23:42:27] Modify product: Probable type I restriction enzyme BthVORF4518P M protein => putative type I restriction enzymeP M protein
[23:42:27] Modify product: Putative DNA-binding protein Rv0500A => Putative DNA-binding proteinA
[23:42:27] Modify product: Uncharacterized ABC transporter ATP-binding protein TM_0288 => putative ABC transporter ATP-binding protein
[23:42:27] Modify product: Uncharacterized ABC transporter ATP-binding protein Rv1273c => putative ABC transporter ATP-binding protein
[23:42:27] Modify product: Ribosome-associated protein L7Ae-like => Ribosome-associated protein L7Ae-like protein
[23:42:27] Modify product: Uncharacterized protein YacP => putative protein YacP
[23:42:27] Modify product: Uncharacterized PIN and TRAM-domain containing protein YacL => putative PIN and TRAM-domain containing protein YacL
[23:42:27] Modify product: Purine-binding protein BAB2_0673 => Purine-binding protein
[23:42:27] Modify product: Probable cardiolipin synthase YwiE => putative cardiolipin synthase YwiE
[23:42:27] Modify product: UPF0413 protein YjbH => hypothetical protein
[23:42:28] Modify product: UPF0702 transmembrane protein YetF => hypothetical protein
[23:42:28] Modify product: Uncharacterized N-acetyltransferase YjcF => putative N-acetyltransferase YjcF
[23:42:28] Modify product: Uncharacterized signaling protein PA1727 => putative signaling protein
[23:42:28] Modify product: Protein FdhE homolog => Protein FdhE 
[23:42:28] Modify product: Probable cysteine desulfurase => putative cysteine desulfurase
[23:42:28] Modify product: Uncharacterized signaling protein PA1727 => putative signaling protein
[23:42:28] Modify product: Uncharacterized MFS-type transporter YhjX => putative MFS-type transporter YhjX
[23:42:28] Modify product: Putative formate dehydrogenase SA2102 => Putative formate dehydrogenase
[23:42:28] Modify product: Uncharacterized N-acetyltransferase YvbK => putative N-acetyltransferase YvbK
[23:42:28] Modify product: NADH dehydrogenase-like protein SA0802 => NADH dehydrogenase-like protein
[23:42:28] Modify product: Uncharacterized hydrolase YxeP => putative hydrolase YxeP
[23:42:28] Modify product: Probable manganese catalase => putative manganese catalase
[23:42:28] Modify product: UPF0073 inner membrane protein YqfA => hypothetical protein
[23:42:28] Modify product: Uncharacterized aldehyde dehydrogenase AldY => putative aldehyde dehydrogenase AldY
[23:42:28] Modify product: TelA-like protein SA1238 => TelA-like protein
[23:42:28] Modify product: UPF0073 inner membrane protein YqfA => hypothetical protein
[23:42:28] Modify product: Uncharacterized protein YfhP => putative protein YfhP
[23:42:28] Modify product: Uncharacterized FAD-linked oxidoreductase Rv2280 => putative FAD-linked oxidoreductase
[23:42:28] Modify product: Uncharacterized signaling protein PA1727 => putative signaling protein
[23:42:28] Modify product: Uncharacterized EAL-domain containing protein YkuI => putative EAL-domain containing protein YkuI
[23:42:28] Modify product: Uncharacterized protein YkuJ => putative protein YkuJ
[23:42:28] Modify product: Probable multidrug resistance ABC transporter ATP-binding/permease protein YheI => putative multidrug resistance ABC transporter ATP-binding/permease protein YheI
[23:42:28] Modify product: Uncharacterized ABC transporter ATP-binding protein TM_0288 => putative ABC transporter ATP-binding protein
[23:42:28] Modify product: UPF0356 protein SP_0122 => hypothetical protein
[23:42:28] Modify product: UPF0223 protein BH2638 => hypothetical protein
[23:42:28] Modify product: UPF0637 protein YktB => hypothetical protein
[23:42:28] Modify product: UPF0358 protein YlaN => hypothetical protein
[23:42:28] Modify product: Probable peptidoglycan glycosyltransferase FtsW => putative peptidoglycan glycosyltransferase FtsW
[23:42:28] Modify product: Uncharacterized NTE family protein Rv1063c => putative NTE family protein
[23:42:28] Modify product: Uncharacterized protein YlbL => putative protein YlbL
[23:42:28] Modify product: UPF0348 protein SP_1742 => hypothetical protein
[23:42:28] Modify product: Uncharacterized N-acetyltransferase YlbP => putative N-acetyltransferase YlbP
[23:42:28] Modify product: Probable 2-dehydropantoate 2-reductase => putative 2-dehydropantoate 2-reductase
[23:42:28] Modify product: Probable peptidoglycan glycosyltransferase FtsW => putative peptidoglycan glycosyltransferase FtsW
[23:42:28] Modify product: UPF0749 protein YlxW => hypothetical protein
[23:42:28] Modify product: Uncharacterized protein YloA => putative protein YloA
[23:42:28] Modify product: UPF0701 protein HI_0467 => hypothetical protein
[23:42:28] Modify product: Probable dual-specificity RNA methyltransferase RlmN => putative dual-specificity RNA methyltransferase RlmN
[23:42:28] Modify product: Uncharacterized protein Spy1614 => putative protein
[23:42:28] Modify product: Uncharacterized protein SA1069 => putative protein
[23:42:28] Modify product: UPF0122 protein SAV1236 => hypothetical protein
[23:42:28] Modify product: UPF0109 protein Rv2908c => hypothetical protein
[23:42:28] Modify product: Probable ribosomal protein YlxQ => putative ribosomal protein YlxQ
[23:42:28] Modify product: Uncharacterized zinc protease Rv2782c => putative zinc protease
[23:42:28] Modify product: Uncharacterized zinc protease Rv2782c => putative zinc protease
[23:42:28] Modify product: Uncharacterized protein YflH => putative protein YflH
[23:42:28] Modify product: Uncharacterized protein YmcA => putative protein YmcA
[23:42:28] Modify product: Uncharacterized protein YesV => putative protein YesV
[23:42:28] Modify product: SCO1 protein homolog => SCO1 protein 
[23:42:28] Modify product: UPF0126 inner membrane protein YicG => hypothetical protein
[23:42:28] Modify product: Uncharacterized protein YjoA => putative protein YjoA
[23:42:28] Modify product: Uncharacterized protein YxlC => putative protein YxlC
[23:42:28] Modify product: Uncharacterized ABC transporter ATP-binding protein YxlF => putative ABC transporter ATP-binding protein YxlF
[23:42:28] Modify product: Uncharacterized transmembrane protein YxlG => putative transmembrane protein YxlG
[23:42:28] Modify product: Probable protein-export membrane protein SecG => putative protein-export membrane protein SecG
[23:42:28] Modify product: Putative dipeptidase SACOL1801 => Putative dipeptidase
[23:42:28] Modify product: Probable chaperone CsaA => putative chaperone CsaA
[23:42:28] Modify product: Probable siderophore transport system ATP-binding protein YusV => putative siderophore transport system ATP-binding protein YusV
[23:42:28] Modify product: Uncharacterized ABC transporter ATP-binding protein Rv0986 => putative ABC transporter ATP-binding protein
[23:42:28] Modify product: Uncharacterized HTH-type transcriptional regulator YfiR => putative HTH-type transcriptional regulator YfiR
[23:42:28] Modify product: Uncharacterized oxidoreductase CzcO => putative oxidoreductase CzcO
[23:42:28] Modify product: Uncharacterized oxidoreductase CzcO => putative oxidoreductase CzcO
[23:42:28] Modify product: NAD(P)H-dependent FAD/FMN reductase GTNG_3158 => NAD(P)H-dependent FAD/FMN reductase
[23:42:28] Modify product: UPF0176 protein SP_0095 => hypothetical protein
[23:42:28] Modify product: Probable siderophore transport system ATP-binding protein YusV => putative siderophore transport system ATP-binding protein YusV
[23:42:28] Modify product: Uncharacterized ABC transporter solute-binding protein YclQ => putative ABC transporter solute-binding protein YclQ
[23:42:28] Modify product: Uncharacterized protein YdhK => putative protein YdhK
[23:42:28] Modify product: Probable cadmium-transporting ATPase => putative cadmium-transporting ATPase
[23:42:28] Modify product: Uncharacterized ABC transporter ATP-binding protein YknY => putative ABC transporter ATP-binding protein YknY
[23:42:28] Modify product: Probable dimethyl sulfoxide reductase chain YnfF => putative dimethyl sulfoxide reductase chain YnfF
[23:42:28] Modify product: Putative conjugal transfer protein Rv3659c => Putative conjugal transfer protein
[23:42:28] Modify product: Sulfurtransferase Alvin_2599 => Sulfurtransferase
[23:42:28] Modify product: Probable glycine dehydrogenase (decarboxylating) subunit 2 => putative glycine dehydrogenase (decarboxylating) subunit 2
[23:42:28] Modify product: Probable glycine dehydrogenase (decarboxylating) subunit 1 => putative glycine dehydrogenase (decarboxylating) subunit 1
[23:42:28] Modify product: Uncharacterized HTH-type transcriptional regulator Rv0474 => putative HTH-type transcriptional regulator
[23:42:28] Modify product: Uncharacterized metal-dependent hydrolase YcfH => putative metal-dependent hydrolase YcfH
[23:42:28] Modify product: Probable 2-phosphosulfolactate phosphatase => putative 2-phosphosulfolactate phosphatase
[23:42:28] Modify product: HTH-type transcriptional regulator Rv2034 => HTH-type transcriptional regulator
[23:42:28] Modify product: Uncharacterized ABC transporter ATP-binding protein YknY => putative ABC transporter ATP-binding protein YknY
[23:42:28] Modify product: UPF0065 protein in clcB-clcD intergenic region => hypothetical protein
[23:42:28] Modify product: Carbon dioxide-concentrating mechanism protein CcmK homolog 2 => Carbon dioxide-concentrating mechanism protein CcmK 
[23:42:28] Modify product: Probable sensor histidine kinase pdtaS => putative sensor histidine kinase pdtaS
[23:42:28] Modify product: Probable transcriptional regulatory protein pdtaR => putative transcriptional regulatory protein pdtaR
[23:42:28] Modify product: Probable HTH-type transcriptional repressor ExuR => putative HTH-type transcriptional repressor ExuR
[23:42:28] Modify product: Probable arabinose-binding protein => putative arabinose-binding protein
[23:42:29] Modify product: Uncharacterized ABC transporter solute-binding protein YclQ => putative ABC transporter solute-binding protein YclQ
[23:42:29] Modify product: Probable tRNA-dihydrouridine synthase => putative tRNA-dihydrouridine synthase
[23:42:29] Modify product: Probable serine/threonine-protein kinase YabT => putative serine/threonine-protein kinase YabT
[23:42:29] Modify product: Uncharacterized protein HP_1423 => putative protein
[23:42:29] Modify product: Uncharacterized metal-dependent hydrolase YcfH => putative metal-dependent hydrolase YcfH
[23:42:29] Modify product: Uncharacterized protein YaaQ => putative protein YaaQ
[23:42:29] Modify product: Uncharacterized HTH-type transcriptional regulator YbbH => putative HTH-type transcriptional regulator YbbH
[23:42:29] Modify product: PTS system EIIBC component SA0186 => PTS system EIIBC component
[23:42:29] Modify product: Probable licABCH operon regulator => putative licABCH operon regulator
[23:42:29] Modify product: Probable glutamine ABC transporter permease protein GlnM => putative glutamine ABC transporter permease protein GlnM
[23:42:29] Modify product: Uncharacterized ABC transporter ATP-binding protein YxlF => putative ABC transporter ATP-binding protein YxlF
[23:42:29] Modify product: Uncharacterized protein YyaP => putative protein YyaP
[23:42:29] Modify product: Acetyltransferase PA2578 => Acetyltransferase
[23:42:29] Modify product: Acetyltransferase Atu2258 => Acetyltransferase
[23:42:29] Modify product: Solute-binding protein Csal_2479 => Solute-binding protein
[23:42:29] Modify product: Uncharacterized zinc-type alcohol dehydrogenase-like protein YjmD => putative zinc-type alcohol dehydrogenase-like protein YjmD
[23:42:29] Modify product: Uncharacterized protein YfkD => putative protein YfkD
[23:42:29] Modify product: Uncharacterized MFS-type transporter YcaD => putative MFS-type transporter YcaD
[23:42:29] Modify product: UPF0761 membrane protein YihY => hypothetical protein
[23:42:29] Modify product: UPF0435 protein YfkK => hypothetical protein
[23:42:29] Modify product: Cyclic di-GMP phosphodiesterase PA4108 => Cyclic di-GMP phosphodiesterase
[23:42:29] Modify product: UPF0145 protein BC_1012 => hypothetical protein
[23:42:29] Modify product: Probable transcriptional regulatory protein SA0624 => putative transcriptional regulatory protein
[23:42:29] Modify product: Probable ATP-dependent RNA helicase YfmL => putative ATP-dependent RNA helicase YfmL
[23:42:29] Modify product: Probable formate transporter 1 => putative formate transporter 1
[23:42:29] Modify product: Putative S-adenosyl-L-methionine-dependent methyltransferase Rv3787c => Putative S-adenosyl-L-methionine-dependent methyltransferase
[23:42:29] Modify product: Probable glutamine ABC transporter permease protein GlnM => putative glutamine ABC transporter permease protein GlnM
[23:42:29] Modify product: Uncharacterized protein YkoJ => putative protein YkoJ
[23:42:29] Modify product: Probable glutamine ABC transporter permease protein GlnM => putative glutamine ABC transporter permease protein GlnM
[23:42:29] Modify product: Probable glutamine ABC transporter permease protein GlnP => putative glutamine ABC transporter permease protein GlnP
[23:42:29] Modify product: Probable tRNA-dihydrouridine synthase => putative tRNA-dihydrouridine synthase
[23:42:29] Modify product: Probable BsuMI modification methylase subunit YdiP => putative BsuMI modification methylase subunit YdiP
[23:42:29] Modify product: Uncharacterized protein Rv2715 => putative protein
[23:42:29] Modify product: Probable formaldehyde dehydrogenase AdhA => putative formaldehyde dehydrogenase AdhA
[23:42:29] Modify product: Uncharacterized HTH-type transcriptional regulator HI_0186 => putative HTH-type transcriptional regulator
[23:42:29] Modify product: Uncharacterized protein YueI => putative protein YueI
[23:42:29] Modify product: UPF0316 protein SA1727 => hypothetical protein
[23:42:29] Modify product: Probable S-adenosylmethionine-dependent methyltransferase MSMEG_2350/MSMEI_2290 => putative S-adenosylmethionine-dependent methyltransferase/MSMEI_2290
[23:42:29] Modify product: Probable iron export permease protein FetB => putative iron export permease protein FetB
[23:42:29] Modify product: Probable metallo-hydrolase YflN => putative metallo-hydrolase YflN
[23:42:29] Modify product: UPF0210 protein SP_0239 => hypothetical protein
[23:42:29] Modify product: UPF0237 protein SP_0238 => hypothetical protein
[23:42:29] Modify product: UPF0053 inner membrane protein YoaE => hypothetical protein
[23:42:29] Modify product: Uncharacterized protein YcbX => putative protein YcbX
[23:42:29] Modify product: Phosphorylated carbohydrates phosphatase TM_1254 => Phosphorylated carbohydrates phosphatase
[23:42:29] Modify product: Uncharacterized protein YtmB => putative protein YtmB
[23:42:29] Modify product: UPF0051 protein SA0778 => hypothetical protein
[23:42:29] Modify product: UPF0051 protein SA0778 => hypothetical protein
[23:42:29] Modify product: Phosphate-specific transport system accessory protein PhoU homolog => Phosphate-specific transport system accessory protein PhoU 
[23:42:29] Modify product: Probable acyl-CoA dehydrogenase => putative acyl-CoA dehydrogenase
[23:42:29] Modify product: Probable 3-hydroxyacyl-CoA dehydrogenase => putative 3-hydroxyacyl-CoA dehydrogenase
[23:42:29] Modify product: Epimerase family protein SA0724 => Epimerase family protein
[23:42:29] Modify product: Uncharacterized protein YfhH => putative protein YfhH
[23:42:29] Modify product: Uncharacterized protein YfhP => putative protein YfhP
[23:42:29] Modify product: Uncharacterized protein YfhS => putative protein YfhS
[23:42:29] Modify product: UPF0374 protein SP_1903 => hypothetical protein
[23:42:29] Modify product: Putative multidrug export ATP-binding/permease protein SA1683 => Putative multidrug export ATP-binding/permease protein
[23:42:29] Modify product: UPF0309 protein BH3325 => hypothetical protein
[23:42:29] Modify product: Glutathione peroxidase homolog BsaA => Glutathione peroxidase BsaA
[23:42:29] Modify product: Probable siderophore-binding lipoprotein YfiY => putative siderophore-binding lipoprotein YfiY
[23:42:29] Modify product: Uncharacterized ABC transporter ATP-binding protein YbiT => putative ABC transporter ATP-binding protein YbiT
[23:42:29] Modify product: Cyclic di-GMP phosphodiesterase PA4108 => Cyclic di-GMP phosphodiesterase
[23:42:29] Modify product: Uncharacterized membrane protein YdfK => putative membrane protein YdfK
[23:42:29] Modify product: Probable protein kinase UbiB => putative protein kinase UbiB
[23:42:29] Modify product: Uncharacterized protein YedJ => putative protein YedJ
[23:42:29] Modify product: Probable formate transporter 1 => putative formate transporter 1
[23:42:29] Modify product: Putative formate dehydrogenase SA2102 => Putative formate dehydrogenase
[23:42:29] Modify product: Probable cyclic di-GMP phosphodiesterase VC_1348 => putative cyclic di-GMP phosphodiesterase
[23:42:29] Modify product: UPF0324 inner membrane protein YeiH => hypothetical protein
[23:42:29] Modify product: Uncharacterized protein YkvT => putative protein YkvT
[23:42:29] Modify product: Uncharacterized MFS-type transporter YhhS => putative MFS-type transporter YhhS
[23:42:29] Modify product: Uncharacterized ABC transporter ATP-binding protein YlmA => putative ABC transporter ATP-binding protein YlmA
[23:42:29] Modify product: UPF0302 protein BA_1542/GBAA_1542/BAS1430 => hypothetical protein
[23:42:29] Modify product: Uncharacterized ABC transporter ATP-binding protein YknY => putative ABC transporter ATP-binding protein YknY
[23:42:29] Modify product: Uncharacterized HTH-type transcriptional regulator YusO => putative HTH-type transcriptional regulator YusO
[23:42:29] Modify product: UPF0271 protein YbgL => hypothetical protein
[23:42:29] Modify product: Putative multidrug export ATP-binding/permease protein SA1683 => Putative multidrug export ATP-binding/permease protein
[23:42:29] Modify product: Putative transport protein Rv0205 => Putative transport protein
[23:42:29] Modify product: Probable manganese catalase => putative manganese catalase
[23:42:29] Modify product: Bifunctional protein FolD => Bifunctional protein FolD protein
[23:42:29] Modify product: UPF0346 protein YozE => hypothetical protein
[23:42:29] Modify product: SCO1 protein homolog => SCO1 protein 
[23:42:29] Modify product: DegV domain-containing protein SA1258 => DegV domain-containing protein
[23:42:29] Modify product: TelA-like protein SA1238 => TelA-like protein
[23:42:29] Modify product: UPF0053 inner membrane protein YgdQ => hypothetical protein
[23:42:29] Modify product: UPF0403 protein YphP => hypothetical protein
[23:42:29] Modify product: DegV domain-containing protein SA1258 => DegV domain-containing protein
[23:42:29] Modify product: Cyclic di-GMP phosphodiesterase PA4108 => Cyclic di-GMP phosphodiesterase
[23:42:29] Modify product: Probable ATP-dependent helicase DinG homolog => putative ATP-dependent helicase DinG 
[23:42:29] Modify product: Uncharacterized signaling protein PA1727 => putative signaling protein
[23:42:29] Modify product: UPF0398 protein YpsA => hypothetical protein
[23:42:29] Modify product: Uncharacterized protein YppE => putative protein YppE
[23:42:29] Modify product: Uncharacterized protein YpoC => putative protein YpoC
[23:42:29] Modify product: Uncharacterized protein YpmB => putative protein YpmB
[23:42:29] Modify product: Probable ATP-dependent helicase DinG homolog => putative ATP-dependent helicase DinG 
[23:42:29] Modify product: Uncharacterized protein YpjD => putative protein YpjD
[23:42:29] Modify product: UPF0302 protein BA_1542/GBAA_1542/BAS1430 => hypothetical protein
[23:42:29] Modify product: 30S ribosomal protein S1 homolog => 30S ribosomal protein S1 
[23:42:29] Modify product: Uncharacterized protein YpfA => putative protein YpfA
[23:42:29] Modify product: Uncharacterized ABC transporter ATP-binding protein YheS => putative ABC transporter ATP-binding protein YheS
[23:42:30] Modify product: Nucleoid-associated protein SA0437 => Nucleoid-associated protein
[23:42:30] Modify product: SCO1 protein homolog => SCO1 protein 
[23:42:30] Modify product: Uncharacterized ABC transporter ATP-binding protein YbiT => putative ABC transporter ATP-binding protein YbiT
[23:42:30] Modify product: Probable ABC transporter phosphite binding protein PhnD1 => putative ABC transporter phosphite binding protein PhnD1
[23:42:30] Modify product: Cyclic di-GMP phosphodiesterase PA4108 => Cyclic di-GMP phosphodiesterase
[23:42:30] Modify product: Uncharacterized protein HI_0755 => putative protein
[23:42:30] Modify product: Uncharacterized protein Spy1535 => putative protein
[23:42:30] Modify product: Probable methylmalonyl-CoA mutase small subunit => putative methylmalonyl-CoA mutase small subunit
[23:42:30] Modify product: UPF0403 protein SA1345 => hypothetical protein
[23:42:30] Modify product: Uncharacterized ABC transporter ATP-binding protein YheS => putative ABC transporter ATP-binding protein YheS
[23:42:30] Modify product: Uncharacterized oxidoreductase SA2266 => putative oxidoreductase
[23:42:30] Modify product: Uncharacterized isomerase YddE => putative isomerase YddE
[23:42:30] Modify product: Probable cation efflux system protein Rv2025c => putative cation efflux system protein
[23:42:30] Modify product: Uncharacterized protein YpuA => putative protein YpuA
[23:42:30] Modify product: Uncharacterized protein YpbG => putative protein YpbG
[23:42:30] Modify product: Probable deoxyuridine 5'-triphosphate nucleotidohydrolase YncF => putative deoxyuridine 5'-triphosphate nucleotidohydrolase YncF
[23:42:30] Modify product: Protein FdhE homolog => Protein FdhE 
[23:42:30] Modify product: Probable molybdenum cofactor guanylyltransferase => putative molybdenum cofactor guanylyltransferase
[23:42:30] Modify product: Uncharacterized protein YwdI => putative protein YwdI
[23:42:30] Modify product: UPF0382 membrane protein YwdK => hypothetical protein
[23:42:30] Modify product: Putative heme-dependent peroxidase GK3416 => Putative heme-dependent peroxidase
[23:42:30] Modify product: Uncharacterized beta-barrel protein YwiB => putative beta-barrel protein YwiB
[23:42:30] Modify product: Probable iron-sulfur-binding oxidoreductase FadF => putative iron-sulfur-binding oxidoreductase FadF
[23:42:30] Modify product: Probable 3-hydroxybutyryl-CoA dehydrogenase => putative 3-hydroxybutyryl-CoA dehydrogenase
[23:42:30] Modify product: Probable fructose-bisphosphate aldolase => putative fructose-bisphosphate aldolase
[23:42:30] Modify product: Probable manganese efflux pump MntP => putative manganese efflux pump MntP
[23:42:30] Modify product: UPF0340 protein YwlG => hypothetical protein
[23:42:30] Modify product: Probable anti-sigma-M factor YhdL => putative anti-sigma-M factor YhdL
[23:42:30] Modify product: Uncharacterized protein YwmB => putative protein YwmB
[23:42:30] Modify product: Uncharacterized protein BHWA1_00569 => putative protein
[23:42:30] Modify product: Probable lipid II flippase MurJ => putative lipid II flippase MurJ
[23:42:30] Modify product: Probable undecaprenyl-phosphate N-acetylglucosaminyl 1-phosphate transferase => putative undecaprenyl-phosphate N-acetylglucosaminyl 1-phosphate transferase
[23:42:30] Modify product: Uncharacterized protein YvyG => putative protein YvyG
[23:42:30] Modify product: Uncharacterized protein YviE => putative protein YviE
[23:42:30] Modify product: Uncharacterized protein YvyC => putative protein YvyC
[23:42:30] Modify product: Probable chromate transport protein => putative chromate transport protein
[23:42:30] Modify product: Fatty acid-binding protein TM_1468 => Fatty acid-binding protein
[23:42:30] Modify product: UPF0234 protein Rv0566c => hypothetical protein
[23:42:30] Modify product: Uncharacterized signaling protein PA1727 => putative signaling protein
[23:42:30] Modify product: Uncharacterized protein YisK => putative protein YisK
[23:42:30] Modify product: Probable spore germination protein GerPA => putative spore germination protein GerPA
[23:42:30] Modify product: Probable spore germination protein GerPB => putative spore germination protein GerPB
[23:42:30] Modify product: Probable spore germination protein GerPC => putative spore germination protein GerPC
[23:42:30] Modify product: Probable spore germination protein GerPD => putative spore germination protein GerPD
[23:42:30] Modify product: Probable spore germination protein GerPE => putative spore germination protein GerPE
[23:42:30] Modify product: Probable spore germination protein GerPF => putative spore germination protein GerPF
[23:42:30] Modify product: Uncharacterized protein Rv1339 => putative protein
[23:42:30] Modify product: Uncharacterized ABC transporter ATP-binding protein TM_0288 => putative ABC transporter ATP-binding protein
[23:42:30] Modify product: Uncharacterized ABC transporter ATP-binding protein Rv1273c => putative ABC transporter ATP-binding protein
[23:42:30] Modify product: Probable tryptophan transport protein => putative tryptophan transport protein
[23:42:30] Modify product: Uncharacterized protein YhaI => putative protein YhaI
[23:42:30] Modify product: Uncharacterized protein YhaN => putative protein YhaN
[23:42:30] Modify product: Uncharacterized metallophosphoesterase YhaO => putative metallophosphoesterase YhaO
[23:42:30] Modify product: Uncharacterized protein YhaP => putative protein YhaP
[23:42:30] Modify product: Probable succinyl-CoA:3-ketoacid coenzyme A transferase subunit B => putative succinyl-CoA:3-ketoacid coenzyme A transferase subunit B
[23:42:30] Modify product: UPF0342 protein YheA => hypothetical protein
[23:42:30] Modify product: UPF0754 membrane protein SA1664 => hypothetical protein
[23:42:30] Modify product: Probable multidrug resistance ABC transporter ATP-binding/permease protein YheH => putative multidrug resistance ABC transporter ATP-binding/permease protein YheH
[23:42:30] Modify product: Probable multidrug resistance ABC transporter ATP-binding/permease protein YheI => putative multidrug resistance ABC transporter ATP-binding/permease protein YheI
[23:42:30] Modify product: UPF0145 protein BC_1012 => hypothetical protein
[23:42:30] Modify product: UPF0053 protein Rv1842c => hypothetical protein
[23:42:30] Modify product: Uncharacterized ABC transporter permease YknZ => putative ABC transporter permease YknZ
[23:42:30] Modify product: Uncharacterized ABC transporter ATP-binding protein YknY => putative ABC transporter ATP-binding protein YknY
[23:42:30] Modify product: Uncharacterized methyltransferase YcgJ => putative methyltransferase YcgJ
[23:42:30] Modify product: Stress response UPF0229 protein YhbH => hypothetical protein
[23:42:30] Modify product: Uncharacterized protein Rv0102 => putative protein
[23:42:30] Modify product: UPF0060 membrane protein YnfA => hypothetical protein
[23:42:30] Modify product: Uncharacterized HTH-type transcriptional regulator TtgW => putative HTH-type transcriptional regulator TtgW
[23:42:30] Modify product: Uncharacterized protein HI_0131 => putative protein
[23:42:30] Modify product: Cyclic di-GMP phosphodiesterase PA4108 => Cyclic di-GMP phosphodiesterase
[23:42:30] Modify product: Uncharacterized protein YutD => putative protein YutD
[23:42:30] Modify product: Probable cyclic di-GMP phosphodiesterase PdeA => putative cyclic di-GMP phosphodiesterase PdeA
[23:42:30] Modify product: UPF0331 protein YutE => hypothetical protein
[23:42:30] Modify product: Uncharacterized protein YpjQ => putative protein YpjQ
[23:42:30] Modify product: NADH dehydrogenase-like protein SA0802 => NADH dehydrogenase-like protein
[23:42:30] Modify product: Protein aq_1857 => Protein
[23:42:30] Modify product: NADH dehydrogenase-like protein SA0802 => NADH dehydrogenase-like protein
[23:42:30] Modify product: Probable 6-phospho-beta-glucosidase => putative 6-phospho-beta-glucosidase
[23:42:30] Modify product: Uncharacterized protein YuiC => putative protein YuiC
[23:42:30] Modify product: Putative esterase PA1618 => Putative esterase
[23:42:30] Modify product: Uncharacterized sugar transferase EpsL => putative sugar transferase EpsL
[23:42:30] Modify product: Probable capsular polysaccharide biosynthesis protein YwqC => putative capsular polysaccharide biosynthesis protein YwqC
[23:42:30] Modify product: Uncharacterized protein Rv1520 => putative protein
[23:42:30] Modify product: Cyclic nucleotide-gated potassium channel mll3241 => Cyclic nucleotide-gated potassium channel
[23:42:30] Modify product: UPF0312 protein SA2479 => hypothetical protein
[23:42:30] Modify product: Uncharacterized FAD-linked oxidoreductase Rv2280 => putative FAD-linked oxidoreductase
[23:42:30] Modify product: Uncharacterized FAD-linked oxidoreductase Rv2280 => putative FAD-linked oxidoreductase
[23:42:30] Modify product: Uncharacterized signaling protein PA1727 => putative signaling protein
[23:42:30] Modify product: UPF0053 protein Rv1842c => hypothetical protein
[23:42:30] Modify product: UPF0758 protein YsxA => hypothetical protein
[23:42:30] Modify product: Probable siderophore transport system ATP-binding protein YusV => putative siderophore transport system ATP-binding protein YusV
[23:42:30] Modify product: Probable siderophore transport system permease protein YfiZ => putative siderophore transport system permease protein YfiZ
[23:42:30] Modify product: Probable siderophore-binding lipoprotein YfiY => putative siderophore-binding lipoprotein YfiY
[23:42:30] Modify product: Probable 3-phenylpropionic acid transporter => putative 3-phenylpropionic acid transporter
[23:42:30] Modify product: Probable cysteine desulfurase => putative cysteine desulfurase
[23:42:30] Modify product: Uncharacterized ABC transporter ATP-binding protein Rv1273c => putative ABC transporter ATP-binding protein
[23:42:30] Modify product: Uncharacterized ABC transporter ATP-binding protein TM_0288 => putative ABC transporter ATP-binding protein
[23:42:30] Modify product: Probable multidrug ABC transporter permease YbhR => putative multidrug ABC transporter permease YbhR
[23:42:30] Modify product: Probable multidrug ABC transporter ATP-binding protein YbhF => putative multidrug ABC transporter ATP-binding protein YbhF
[23:42:30] Modify product: Uncharacterized ABC transporter ATP-binding protein YxlF => putative ABC transporter ATP-binding protein YxlF
[23:42:30] Modify product: Probable ABC transporter binding protein NosD => putative ABC transporter binding protein NosD
[23:42:30] Modify product: Probable D,D-dipeptide transport system permease protein DdpC => putative D,D-dipeptide transport system permease protein DdpC
[23:42:30] Modify product: Probable N-acetyl-alpha-D-glucosaminyl L-malate deacetylase 2 => putative N-acetyl-alpha-D-glucosaminyl L-malate deacetylase 2
[23:42:30] Modify product: Uncharacterized protein YojF => putative protein YojF
[23:42:30] Modify product: Uncharacterized protein Rv2581c => putative protein
[23:42:30] Modify product: Uncharacterized protein YqgQ => putative protein YqgQ
[23:42:30] Modify product: Uncharacterized protein YqgN => putative protein YqgN
[23:42:31] Modify product: Phosphate-specific transport system accessory protein PhoU homolog => Phosphate-specific transport system accessory protein PhoU 
[23:42:31] Modify product: Phosphate-specific transport system accessory protein PhoU homolog => Phosphate-specific transport system accessory protein PhoU 
[23:42:31] Modify product: Nucleotidase CA_C3379 => Nucleotidase
[23:42:31] Modify product: Probable endonuclease 4 => putative endonuclease 4
[23:42:31] Modify product: GTP cyclohydrolase 1 type 2 homolog => GTP cyclohydrolase 1 type 2 
[23:42:31] Modify product: UPF0178 protein YaiI => hypothetical protein
[23:42:31] Modify product: UPF0365 protein SA1402 => hypothetical protein
[23:42:31] Modify product: Uncharacterized protein YqeY => putative protein YqeY
[23:42:31] Modify product: Uncharacterized protein YqeN => putative protein YqeN
[23:42:31] Modify product: Probable nicotinate-nucleotide adenylyltransferase => putative nicotinate-nucleotide adenylyltransferase
[23:42:31] Modify product: Uncharacterized protein YqeH => putative protein YqeH
[23:42:31] Modify product: Uncharacterized transporter YycB => putative transporter YycB
[23:42:31] Modify product: Uncharacterized methyltransferase YrrT => putative methyltransferase YrrT
[23:42:31] Modify product: Uncharacterized protease YdcP => putative protease YdcP
[23:42:31] Modify product: Uncharacterized protease YdcP => putative protease YdcP
[23:42:31] Cleaned 399 /product names
[23:42:31] Deleting unwanted file: bacillus_siralis-assembly.fna.prokka_annotation/sprot.faa
[23:42:31] Deleting unwanted file: bacillus_siralis-assembly.fna.prokka_annotation/sprot.blast
[23:42:31] There are still 1916 unannotated CDS left (started with 4950)
[23:42:31] Will use hmmer3 to search against /home/basu/anaconda3/bin/../db/hmm/HAMAP.hmm with 1 CPUs
[23:42:31] Running: cat bacillus_siralis\-assembly\.fna\.prokka_annotation\/HAMAP\.hmm\.faa | parallel --gnu --plain -j 1 --block 190303 --recstart '>' --pipe hmmscan --noali --notextw --acc -E 1e-06 --cpu 1 /home/basu/anaconda3/bin/../db/hmm/HAMAP.hmm /dev/stdin > bacillus_siralis\-assembly\.fna\.prokka_annotation\/HAMAP\.hmm\.hmmer3 2> /dev/null
[23:43:46] Modify product: Protein SprT-like => Protein SprT-like protein
[23:43:47] Modify product: Protein SprT-like => Protein SprT-like protein
[23:43:47] Modify product: Uncharacterized Nudix hydrolase NudL => putative Nudix hydrolase NudL
[23:43:47] Cleaned 3 /product names
[23:43:47] Deleting unwanted file: bacillus_siralis-assembly.fna.prokka_annotation/HAMAP.hmm.faa
[23:43:47] Deleting unwanted file: bacillus_siralis-assembly.fna.prokka_annotation/HAMAP.hmm.hmmer3
[23:43:47] Labelling remaining 1838 proteins as 'hypothetical protein'
[23:43:47] Possible /pseudo 'NADH oxidase' at NZ_SWLZ01000010.1 position 12052
[23:43:47] Possible /pseudo 'Amylopullulanase' at NZ_SWLZ01000013.1 position 70973
[23:43:47] Possible /pseudo 'UV DNA damage endonuclease' at NZ_SWLZ01000014.1 position 98197
[23:43:47] Possible /pseudo 'PTS system beta-glucoside-specific EIIBCA component' at NZ_SWLZ01000014.1 position 119694
[23:43:47] Possible /pseudo 'Propanediol utilization protein PduA' at NZ_SWLZ01000015.1 position 29537
[23:43:47] Possible /pseudo 'Thermostable beta-glucosidase B' at NZ_SWLZ01000016.1 position 37148
[23:43:47] Possible /pseudo 'putative ABC transporter ATP-binding protein' at NZ_SWLZ01000019.1 position 19365
[23:43:47] Possible /pseudo 'putative protein' at NZ_SWLZ01000001.1 position 468845
[23:43:47] Possible /pseudo 'putative oxidoreductase CzcO' at NZ_SWLZ01000022.1 position 6317
[23:43:47] Possible /pseudo 'Lipid II flippase Amj' at NZ_SWLZ01000022.1 position 8457
[23:43:47] Possible /pseudo 'Putative ring-cleaving dioxygenase MhqO' at NZ_SWLZ01000022.1 position 35973
[23:43:47] Possible /pseudo 'Vitamin B12-dependent ribonucleoside-diphosphate reductase' at NZ_SWLZ01000024.1 position 15284
[23:43:47] Possible /pseudo 'High-affinity branched-chain amino acid transport system permease protein LivH' at NZ_SWLZ01000026.1 position 15402
[23:43:47] Possible /pseudo 'Aryl-phospho-beta-D-glucosidase BglH' at NZ_SWLZ01000002.1 position 41175
[23:43:47] Possible /pseudo 'Oxalate decarboxylase OxdD' at NZ_SWLZ01000002.1 position 209101
[23:43:47] Possible /pseudo 'Phosphate-import permease protein PhnE' at NZ_SWLZ01000002.1 position 217498
[23:43:47] Possible /pseudo 'Phosphate-import permease protein PhnE' at NZ_SWLZ01000002.1 position 246024
[23:43:47] Possible /pseudo 'PTS system mannose-specific EIIAB component' at NZ_SWLZ01000031.1 position 8124
[23:43:47] Possible /pseudo 'Putative fluoride ion transporter CrcB' at NZ_SWLZ01000035.1 position 15774
[23:43:47] Possible /pseudo 'Heme-based aerotactic transducer HemAT' at NZ_SWLZ01000039.1 position 8045
[23:43:47] Possible /pseudo 'LL-diaminopimelate aminotransferase' at NZ_SWLZ01000003.1 position 217824
[23:43:47] Possible /pseudo 'Manganese transport system membrane protein MntB' at NZ_SWLZ01000003.1 position 235475
[23:43:47] Possible /pseudo 'Formate dehydrogenase subunit alpha' at NZ_SWLZ01000046.1 position 4172
[23:43:47] Possible /pseudo 'L-asparaginase 2' at NZ_SWLZ01000004.1 position 136571
[23:43:47] Possible /pseudo 'Modification methylase MboII' at NZ_SWLZ01000004.1 position 247584
[23:43:47] Possible /pseudo 'Vitamin B12-dependent ribonucleoside-diphosphate reductase' at NZ_SWLZ01000004.1 position 285911
[23:43:47] Possible /pseudo 'Molybdopterin molybdenumtransferase' at NZ_SWLZ01000005.1 position 3106
[23:43:47] Possible /pseudo 'Acyl-CoA dehydrogenase' at NZ_SWLZ01000005.1 position 37079
[23:43:47] Possible /pseudo 'Flagellar basal-body rod protein FlgG' at NZ_SWLZ01000005.1 position 109313
[23:43:47] Possible /pseudo 'Cytochrome c-551' at NZ_SWLZ01000005.1 position 248772
[23:43:47] Possible /pseudo 'putative ABC transporter ATP-binding protein' at NZ_SWLZ01000006.1 position 69771
[23:43:47] Possible /pseudo 'Endospore coat-associated protein YheD' at NZ_SWLZ01000006.1 position 119817
[23:43:47] Possible /pseudo 'Endospore coat-associated protein YheD' at NZ_SWLZ01000006.1 position 120886
[23:43:47] Possible /pseudo 'Endospore coat-associated protein YheD' at NZ_SWLZ01000006.1 position 122244
[23:43:47] Possible /pseudo 'N-acetyl-alpha-D-glucosaminyl L-malate synthase' at NZ_SWLZ01000007.1 position 94176
[23:43:47] Possible /pseudo 'N-acetyl-alpha-D-glucosaminyl L-malate synthase' at NZ_SWLZ01000007.1 position 96745
[23:43:47] Possible /pseudo 'putative ABC transporter ATP-binding protein' at NZ_SWLZ01000008.1 position 126297
[23:43:47] Possible /pseudo 'putative protease YdcP' at NZ_SWLZ01000009.1 position 128786
[23:43:47] Found 2097 unique /gene codes.
[23:43:47] Fixed 3 duplicate /gene - liaR_1 liaR_2 liaR_3
[23:43:47] Fixed 3 duplicate /gene - dppE_1 dppE_2 dppE_3
[23:43:47] Fixed 2 duplicate /gene - btuF_1 btuF_2
[23:43:47] Fixed 3 duplicate /gene - tetD_1 tetD_2 tetD_3
[23:43:47] Fixed 2 duplicate /gene - ywqF_1 ywqF_2
[23:43:47] Fixed 2 duplicate /gene - yknX_1 yknX_2
[23:43:47] Fixed 4 duplicate /gene - betI_1 betI_2 betI_3 betI_4
[23:43:47] Fixed 4 duplicate /gene - appA_1 appA_2 appA_3 appA_4
[23:43:47] Fixed 2 duplicate /gene - yabJ_1 yabJ_2
[23:43:47] Fixed 2 duplicate /gene - yfkN_1 yfkN_2
[23:43:47] Fixed 3 duplicate /gene - regX3_1 regX3_2 regX3_3
[23:43:47] Fixed 2 duplicate /gene - purR_1 purR_2
[23:43:47] Fixed 2 duplicate /gene - sumT_1 sumT_2
[23:43:47] Fixed 3 duplicate /gene - feuC_1 feuC_2 feuC_3
[23:43:47] Fixed 3 duplicate /gene - lolD_1 lolD_2 lolD_3
[23:43:47] Fixed 2 duplicate /gene - argH_1 argH_2
[23:43:47] Fixed 2 duplicate /gene - clpX_1 clpX_2
[23:43:47] Fixed 3 duplicate /gene - yfiZ_1 yfiZ_2 yfiZ_3
[23:43:47] Fixed 5 duplicate /gene - yxlF_1 yxlF_2 yxlF_3 yxlF_4 yxlF_5
[23:43:47] Fixed 2 duplicate /gene - dgaF_1 dgaF_2
[23:43:47] Fixed 2 duplicate /gene - carE_1 carE_2
[23:43:47] Fixed 3 duplicate /gene - rocR_1 rocR_2 rocR_3
[23:43:47] Fixed 4 duplicate /gene - crr_1 crr_2 crr_3 crr_4
[23:43:47] Fixed 2 duplicate /gene - gtaB_1 gtaB_2
[23:43:47] Fixed 8 duplicate /gene - sigW_1 sigW_2 sigW_3 sigW_4 sigW_5 sigW_6 sigW_7 sigW_8
[23:43:47] Fixed 2 duplicate /gene - prmA_1 prmA_2
[23:43:47] Fixed 4 duplicate /gene - metQ_1 metQ_2 metQ_3 metQ_4
[23:43:47] Fixed 2 duplicate /gene - mrpE_1 mrpE_2
[23:43:47] Fixed 2 duplicate /gene - liaF_1 liaF_2
[23:43:47] Fixed 2 duplicate /gene - estB_1 estB_2
[23:43:47] Fixed 3 duplicate /gene - yheI_1 yheI_2 yheI_3
[23:43:47] Fixed 2 duplicate /gene - ybaK_1 ybaK_2
[23:43:47] Fixed 2 duplicate /gene - copA_1 copA_2
[23:43:47] Fixed 3 duplicate /gene - acsA_1 acsA_2 acsA_3
[23:43:47] Fixed 2 duplicate /gene - fosB_1 fosB_2
[23:43:47] Fixed 3 duplicate /gene - patA_1 patA_2 patA_3
[23:43:47] Fixed 4 duplicate /gene - yvoA_1 yvoA_2 yvoA_3 yvoA_4
[23:43:47] Fixed 2 duplicate /gene - cspD_1 cspD_2
[23:43:47] Fixed 2 duplicate /gene - oxdD_1 oxdD_2
[23:43:47] Fixed 2 duplicate /gene - cheW_1 cheW_2
[23:43:47] Fixed 2 duplicate /gene - hexR_1 hexR_2
[23:43:47] Fixed 3 duplicate /gene - mdtH_1 mdtH_2 mdtH_3
[23:43:47] Fixed 2 duplicate /gene - manZ_1 manZ_2
[23:43:47] Fixed 2 duplicate /gene - ligA_1 ligA_2
[23:43:47] Fixed 3 duplicate /gene - mcpA_1 mcpA_2 mcpA_3
[23:43:47] Fixed 4 duplicate /gene - resE_1 resE_2 resE_3 resE_4
[23:43:47] Fixed 2 duplicate /gene - ybhF_1 ybhF_2
[23:43:47] Fixed 2 duplicate /gene - glmS_1 glmS_2
[23:43:47] Fixed 2 duplicate /gene - pepT_1 pepT_2
[23:43:47] Fixed 2 duplicate /gene - comGA_1 comGA_2
[23:43:47] Fixed 2 duplicate /gene - czrA_1 czrA_2
[23:43:47] Fixed 2 duplicate /gene - dapH_1 dapH_2
[23:43:47] Fixed 3 duplicate /gene - oppC_1 oppC_2 oppC_3
[23:43:47] Fixed 2 duplicate /gene - desR_1 desR_2
[23:43:47] Fixed 4 duplicate /gene - pduA_1 pduA_2 pduA_3 pduA_4
[23:43:47] Fixed 2 duplicate /gene - ybiT_1 ybiT_2
[23:43:47] Fixed 2 duplicate /gene - csd_1 csd_2
[23:43:47] Fixed 2 duplicate /gene - ribF_1 ribF_2
[23:43:47] Fixed 2 duplicate /gene - nfdA_1 nfdA_2
[23:43:47] Fixed 2 duplicate /gene - yfiT_1 yfiT_2
[23:43:47] Fixed 2 duplicate /gene - spsB_1 spsB_2
[23:43:47] Fixed 2 duplicate /gene - comK_1 comK_2
[23:43:47] Fixed 4 duplicate /gene - lytC_1 lytC_2 lytC_3 lytC_4
[23:43:47] Fixed 5 duplicate /gene - bshA_1 bshA_2 bshA_3 bshA_4 bshA_5
[23:43:47] Fixed 2 duplicate /gene - cwlO_1 cwlO_2
[23:43:47] Fixed 3 duplicate /gene - recQ_1 recQ_2 recQ_3
[23:43:47] Fixed 2 duplicate /gene - mntB_1 mntB_2
[23:43:47] Fixed 2 duplicate /gene - fdhE_1 fdhE_2
[23:43:47] Fixed 2 duplicate /gene - yumC_1 yumC_2
[23:43:47] Fixed 3 duplicate /gene - dmsB_1 dmsB_2 dmsB_3
[23:43:47] Fixed 2 duplicate /gene - mrpC_1 mrpC_2
[23:43:47] Fixed 2 duplicate /gene - aaaT_1 aaaT_2
[23:43:47] Fixed 2 duplicate /gene - tkt_1 tkt_2
[23:43:47] Fixed 2 duplicate /gene - ackA_1 ackA_2
[23:43:47] Fixed 2 duplicate /gene - hin_1 hin_2
[23:43:47] Fixed 5 duplicate /gene - gsiD_1 gsiD_2 gsiD_3 gsiD_4 gsiD_5
[23:43:47] Fixed 2 duplicate /gene - chbG_1 chbG_2
[23:43:47] Fixed 2 duplicate /gene - ugpA_1 ugpA_2
[23:43:47] Fixed 2 duplicate /gene - nuoL_1 nuoL_2
[23:43:47] Fixed 3 duplicate /gene - cysA_1 cysA_2 cysA_3
[23:43:47] Fixed 2 duplicate /gene - epsF_1 epsF_2
[23:43:47] Fixed 2 duplicate /gene - metK_1 metK_2
[23:43:47] Fixed 2 duplicate /gene - czcO_1 czcO_2
[23:43:47] Fixed 2 duplicate /gene - carB_1 carB_2
[23:43:47] Fixed 3 duplicate /gene - gerBA_1 gerBA_2 gerBA_3
[23:43:47] Fixed 2 duplicate /gene - lutP_1 lutP_2
[23:43:47] Fixed 2 duplicate /gene - ssbA_1 ssbA_2
[23:43:47] Fixed 2 duplicate /gene - cwlJ_1 cwlJ_2
[23:43:47] Fixed 3 duplicate /gene - hemAT_1 hemAT_2 hemAT_3
[23:43:47] Fixed 2 duplicate /gene - panE_1 panE_2
[23:43:47] Fixed 2 duplicate /gene - alaS_1 alaS_2
[23:43:47] Fixed 2 duplicate /gene - uvsE_1 uvsE_2
[23:43:47] Fixed 4 duplicate /gene - desK_1 desK_2 desK_3 desK_4
[23:43:47] Fixed 3 duplicate /gene - ydjZ_1 ydjZ_2 ydjZ_3
[23:43:47] Fixed 3 duplicate /gene - rodA_1 rodA_2 rodA_3
[23:43:47] Fixed 2 duplicate /gene - mtlR_1 mtlR_2
[23:43:47] Fixed 2 duplicate /gene - sufT_1 sufT_2
[23:43:47] Fixed 2 duplicate /gene - queE_1 queE_2
[23:43:47] Fixed 3 duplicate /gene - deoB_1 deoB_2 deoB_3
[23:43:47] Fixed 3 duplicate /gene - pdhC_1 pdhC_2 pdhC_3
[23:43:47] Fixed 3 duplicate /gene - gatA_1 gatA_2 gatA_3
[23:43:47] Fixed 2 duplicate /gene - pqqE_1 pqqE_2
[23:43:47] Fixed 2 duplicate /gene - cmpR_1 cmpR_2
[23:43:47] Fixed 6 duplicate /gene - ydaF_1 ydaF_2 ydaF_3 ydaF_4 ydaF_5 ydaF_6
[23:43:47] Fixed 2 duplicate /gene - dnaG_1 dnaG_2
[23:43:47] Fixed 5 duplicate /gene - xerD_1 xerD_2 xerD_3 xerD_4 xerD_5
[23:43:47] Fixed 2 duplicate /gene - glpP_1 glpP_2
[23:43:47] Fixed 2 duplicate /gene - ogt_1 ogt_2
[23:43:47] Fixed 2 duplicate /gene - ktrB_1 ktrB_2
[23:43:47] Fixed 2 duplicate /gene - ypdB_1 ypdB_2
[23:43:47] Fixed 2 duplicate /gene - gmuB_1 gmuB_2
[23:43:47] Fixed 2 duplicate /gene - malL_1 malL_2
[23:43:47] Fixed 2 duplicate /gene - ecfT_1 ecfT_2
[23:43:47] Fixed 2 duplicate /gene - sucD_1 sucD_2
[23:43:47] Fixed 2 duplicate /gene - bglB_1 bglB_2
[23:43:47] Fixed 2 duplicate /gene - pduL_1 pduL_2
[23:43:47] Fixed 2 duplicate /gene - pdeA_1 pdeA_2
[23:43:47] Fixed 2 duplicate /gene - hisG_1 hisG_2
[23:43:47] Fixed 3 duplicate /gene - uppP_1 uppP_2 uppP_3
[23:43:47] Fixed 2 duplicate /gene - cymR_1 cymR_2
[23:43:47] Fixed 2 duplicate /gene - menG_1 menG_2
[23:43:47] Fixed 2 duplicate /gene - degA_1 degA_2
[23:43:47] Fixed 2 duplicate /gene - ulaB_1 ulaB_2
[23:43:47] Fixed 2 duplicate /gene - guaB_1 guaB_2
[23:43:47] Fixed 2 duplicate /gene - ydjA_1 ydjA_2
[23:43:47] Fixed 2 duplicate /gene - lacF_1 lacF_2
[23:43:47] Fixed 4 duplicate /gene - glnQ_1 glnQ_2 glnQ_3 glnQ_4
[23:43:47] Fixed 2 duplicate /gene - opuCB_1 opuCB_2
[23:43:47] Fixed 5 duplicate /gene - polC_1 polC_2 polC_3 polC_4 polC_5
[23:43:47] Fixed 2 duplicate /gene - aacA-aphD_1 aacA-aphD_2
[23:43:47] Fixed 2 duplicate /gene - pbuO_1 pbuO_2
[23:43:47] Fixed 2 duplicate /gene - gluP_1 gluP_2
[23:43:47] Fixed 2 duplicate /gene - speA_1 speA_2
[23:43:47] Fixed 3 duplicate /gene - nagC_1 nagC_2 nagC_3
[23:43:47] Fixed 2 duplicate /gene - cysK_1 cysK_2
[23:43:47] Fixed 2 duplicate /gene - dinB_1 dinB_2
[23:43:47] Fixed 2 duplicate /gene - napA_1 napA_2
[23:43:47] Fixed 2 duplicate /gene - fieF_1 fieF_2
[23:43:47] Fixed 3 duplicate /gene - iscS_1 iscS_2 iscS_3
[23:43:47] Fixed 4 duplicate /gene - znuC_1 znuC_2 znuC_3 znuC_4
[23:43:47] Fixed 2 duplicate /gene - stoA_1 stoA_2
[23:43:47] Fixed 2 duplicate /gene - ansZ_1 ansZ_2
[23:43:47] Fixed 4 duplicate /gene - tetA_1 tetA_2 tetA_3 tetA_4
[23:43:47] Fixed 2 duplicate /gene - ctaB2_1 ctaB2_2
[23:43:47] Fixed 3 duplicate /gene - sdhA_1 sdhA_2 sdhA_3
[23:43:47] Fixed 10 duplicate /gene - fabG_1 fabG_2 fabG_3 fabG_4 fabG_5 fabG_6 fabG_7 fabG_8 fabG_9 fabG_10
[23:43:47] Fixed 2 duplicate /gene - ddl_1 ddl_2
[23:43:47] Fixed 3 duplicate /gene - sodA_1 sodA_2 sodA_3
[23:43:47] Fixed 2 duplicate /gene - lexA_1 lexA_2
[23:43:47] Fixed 2 duplicate /gene - queC_1 queC_2
[23:43:47] Fixed 2 duplicate /gene - sap_1 sap_2
[23:43:47] Fixed 2 duplicate /gene - trxA_1 trxA_2
[23:43:47] Fixed 8 duplicate /gene - drrA_1 drrA_2 drrA_3 drrA_4 drrA_5 drrA_6 drrA_7 drrA_8
[23:43:47] Fixed 4 duplicate /gene - adhE_1 adhE_2 adhE_3 adhE_4
[23:43:47] Fixed 3 duplicate /gene - araQ_1 araQ_2 araQ_3
[23:43:47] Fixed 2 duplicate /gene - mntP_1 mntP_2
[23:43:47] Fixed 2 duplicate /gene - xylG_1 xylG_2
[23:43:47] Fixed 2 duplicate /gene - pbpE_1 pbpE_2
[23:43:47] Fixed 2 duplicate /gene - cysH_1 cysH_2
[23:43:47] Fixed 5 duplicate /gene - fnr_1 fnr_2 fnr_3 fnr_4 fnr_5
[23:43:47] Fixed 3 duplicate /gene - rluD_1 rluD_2 rluD_3
[23:43:47] Fixed 2 duplicate /gene - mrpD_1 mrpD_2
[23:43:47] Fixed 2 duplicate /gene - ccpN_1 ccpN_2
[23:43:47] Fixed 2 duplicate /gene - plsY_1 plsY_2
[23:43:47] Fixed 2 duplicate /gene - ccpA_1 ccpA_2
[23:43:47] Fixed 2 duplicate /gene - hmuU_1 hmuU_2
[23:43:47] Fixed 2 duplicate /gene - acpP_1 acpP_2
[23:43:47] Fixed 2 duplicate /gene - arcA_1 arcA_2
[23:43:47] Fixed 2 duplicate /gene - ccsA_1 ccsA_2
[23:43:47] Fixed 2 duplicate /gene - lytB_1 lytB_2
[23:43:47] Fixed 3 duplicate /gene - tnpR_1 tnpR_2 tnpR_3
[23:43:47] Fixed 2 duplicate /gene - dnaX_1 dnaX_2
[23:43:47] Fixed 2 duplicate /gene - frdB_1 frdB_2
[23:43:47] Fixed 2 duplicate /gene - cobD_1 cobD_2
[23:43:47] Fixed 9 duplicate /gene - bglF_1 bglF_2 bglF_3 bglF_4 bglF_5 bglF_6 bglF_7 bglF_8 bglF_9
[23:43:47] Fixed 2 duplicate /gene - ftsA_1 ftsA_2
[23:43:47] Fixed 4 duplicate /gene - yknY_1 yknY_2 yknY_3 yknY_4
[23:43:47] Fixed 3 duplicate /gene - nreB_1 nreB_2 nreB_3
[23:43:47] Fixed 2 duplicate /gene - lpxG_1 lpxG_2
[23:43:47] Fixed 3 duplicate /gene - fepC_1 fepC_2 fepC_3
[23:43:47] Fixed 7 duplicate /gene - xerC_1 xerC_2 xerC_3 xerC_4 xerC_5 xerC_6 xerC_7
[23:43:47] Fixed 2 duplicate /gene - ymfD_1 ymfD_2
[23:43:47] Fixed 4 duplicate /gene - ywpJ_1 ywpJ_2 ywpJ_3 ywpJ_4
[23:43:47] Fixed 2 duplicate /gene - php_1 php_2
[23:43:47] Fixed 2 duplicate /gene - yciC_1 yciC_2
[23:43:47] Fixed 3 duplicate /gene - metI_1 metI_2 metI_3
[23:43:47] Fixed 2 duplicate /gene - tusA_1 tusA_2
[23:43:47] Fixed 2 duplicate /gene - def2_1 def2_2
[23:43:47] Fixed 2 duplicate /gene - ydcP_1 ydcP_2
[23:43:47] Fixed 2 duplicate /gene - speE_1 speE_2
[23:43:47] Fixed 6 duplicate /gene - kinE_1 kinE_2 kinE_3 kinE_4 kinE_5 kinE_6
[23:43:47] Fixed 4 duplicate /gene - pepF1_1 pepF1_2 pepF1_3 pepF1_4
[23:43:47] Fixed 2 duplicate /gene - mrpF_1 mrpF_2
[23:43:47] Fixed 3 duplicate /gene - bceA_1 bceA_2 bceA_3
[23:43:47] Fixed 2 duplicate /gene - htrA_1 htrA_2
[23:43:47] Fixed 2 duplicate /gene - ndoA_1 ndoA_2
[23:43:47] Fixed 4 duplicate /gene - dppB_1 dppB_2 dppB_3 dppB_4
[23:43:47] Fixed 2 duplicate /gene - rimI_1 rimI_2
[23:43:47] Fixed 2 duplicate /gene - cbaA_1 cbaA_2
[23:43:47] Fixed 2 duplicate /gene - cysL_1 cysL_2
[23:43:47] Fixed 2 duplicate /gene - lacC_1 lacC_2
[23:43:47] Fixed 3 duplicate /gene - gmk_1 gmk_2 gmk_3
[23:43:47] Fixed 2 duplicate /gene - msmE_1 msmE_2
[23:43:47] Fixed 2 duplicate /gene - comEC_1 comEC_2
[23:43:47] Fixed 2 duplicate /gene - panF_1 panF_2
[23:43:47] Fixed 4 duplicate /gene - phoR_1 phoR_2 phoR_3 phoR_4
[23:43:47] Fixed 2 duplicate /gene - yceD_1 yceD_2
[23:43:47] Fixed 3 duplicate /gene - hbpA_1 hbpA_2 hbpA_3
[23:43:47] Fixed 2 duplicate /gene - sspH_1 sspH_2
[23:43:47] Fixed 2 duplicate /gene - secA_1 secA_2
[23:43:47] Fixed 4 duplicate /gene - fdhA_1 fdhA_2 fdhA_3 fdhA_4
[23:43:47] Fixed 2 duplicate /gene - mutS2_1 mutS2_2
[23:43:47] Fixed 2 duplicate /gene - ohrR_1 ohrR_2
[23:43:47] Fixed 2 duplicate /gene - nsrR_1 nsrR_2
[23:43:47] Fixed 2 duplicate /gene - yvyI_1 yvyI_2
[23:43:47] Fixed 2 duplicate /gene - ycfH_1 ycfH_2
[23:43:47] Fixed 2 duplicate /gene - gatC_1 gatC_2
[23:43:47] Fixed 2 duplicate /gene - rbsC_1 rbsC_2
[23:43:47] Fixed 2 duplicate /gene - liaS_1 liaS_2
[23:43:47] Fixed 2 duplicate /gene - rbsB_1 rbsB_2
[23:43:47] Fixed 2 duplicate /gene - pheT_1 pheT_2
[23:43:47] Fixed 2 duplicate /gene - ubiG_1 ubiG_2
[23:43:47] Fixed 2 duplicate /gene - dus_1 dus_2
[23:43:47] Fixed 2 duplicate /gene - pstA1_1 pstA1_2
[23:43:47] Fixed 3 duplicate /gene - ulaC_1 ulaC_2 ulaC_3
[23:43:47] Fixed 2 duplicate /gene - ahpF_1 ahpF_2
[23:43:47] Fixed 2 duplicate /gene - ktrA_1 ktrA_2
[23:43:47] Fixed 2 duplicate /gene - yfhA_1 yfhA_2
[23:43:47] Fixed 4 duplicate /gene - ptsH_1 ptsH_2 ptsH_3 ptsH_4
[23:43:47] Fixed 2 duplicate /gene - ppsC_1 ppsC_2
[23:43:47] Fixed 2 duplicate /gene - argR_1 argR_2
[23:43:47] Fixed 2 duplicate /gene - cdaR_1 cdaR_2
[23:43:47] Fixed 2 duplicate /gene - ylmB_1 ylmB_2
[23:43:47] Fixed 2 duplicate /gene - aroK_1 aroK_2
[23:43:47] Fixed 3 duplicate /gene - murJ_1 murJ_2 murJ_3
[23:43:47] Fixed 4 duplicate /gene - glnH_1 glnH_2 glnH_3 glnH_4
[23:43:47] Fixed 3 duplicate /gene - lipC_1 lipC_2 lipC_3
[23:43:47] Fixed 2 duplicate /gene - fdnH_1 fdnH_2
[23:43:47] Fixed 2 duplicate /gene - mrpG_1 mrpG_2
[23:43:47] Fixed 2 duplicate /gene - glpQ_1 glpQ_2
[23:43:47] Fixed 4 duplicate /gene - yfiY_1 yfiY_2 yfiY_3 yfiY_4
[23:43:47] Fixed 2 duplicate /gene - yclQ_1 yclQ_2
[23:43:47] Fixed 2 duplicate /gene - tatAd_1 tatAd_2
[23:43:47] Fixed 2 duplicate /gene - flgG_1 flgG_2
[23:43:47] Fixed 3 duplicate /gene - iolS_1 iolS_2 iolS_3
[23:43:47] Fixed 2 duplicate /gene - tadA_1 tadA_2
[23:43:47] Fixed 5 duplicate /gene - phnE_1 phnE_2 phnE_3 phnE_4 phnE_5
[23:43:47] Fixed 2 duplicate /gene - argS_1 argS_2
[23:43:47] Fixed 2 duplicate /gene - kdgK_1 kdgK_2
[23:43:47] Fixed 4 duplicate /gene - cccA_1 cccA_2 cccA_3 cccA_4
[23:43:47] Fixed 2 duplicate /gene - topB_1 topB_2
[23:43:47] Fixed 2 duplicate /gene - chrA_1 chrA_2
[23:43:47] Fixed 4 duplicate /gene - bglC_1 bglC_2 bglC_3 bglC_4
[23:43:47] Fixed 2 duplicate /gene - gdhIV_1 gdhIV_2
[23:43:47] Fixed 2 duplicate /gene - amj_1 amj_2
[23:43:47] Fixed 3 duplicate /gene - znuB_1 znuB_2 znuB_3
[23:43:47] Fixed 3 duplicate /gene - rsfA_1 rsfA_2 rsfA_3
[23:43:47] Fixed 4 duplicate /gene - lcfB_1 lcfB_2 lcfB_3 lcfB_4
[23:43:47] Fixed 2 duplicate /gene - pbpF_1 pbpF_2
[23:43:47] Fixed 3 duplicate /gene - fdhD_1 fdhD_2 fdhD_3
[23:43:47] Fixed 5 duplicate /gene - kinA_1 kinA_2 kinA_3 kinA_4 kinA_5
[23:43:47] Fixed 2 duplicate /gene - mcp4_1 mcp4_2
[23:43:47] Fixed 2 duplicate /gene - yheS_1 yheS_2
[23:43:47] Fixed 2 duplicate /gene - fdhF_1 fdhF_2
[23:43:47] Fixed 3 duplicate /gene - cotF_1 cotF_2 cotF_3
[23:43:47] Fixed 3 duplicate /gene - pucR_1 pucR_2 pucR_3
[23:43:47] Fixed 3 duplicate /gene - dedA_1 dedA_2 dedA_3
[23:43:47] Fixed 10 duplicate /gene - oppD_1 oppD_2 oppD_3 oppD_4 oppD_5 oppD_6 oppD_7 oppD_8 oppD_9 oppD_10
[23:43:47] Fixed 5 duplicate /gene - kstR2_1 kstR2_2 kstR2_3 kstR2_4 kstR2_5
[23:43:47] Fixed 4 duplicate /gene - degU_1 degU_2 degU_3 degU_4
[23:43:47] Fixed 5 duplicate /gene - bglH_1 bglH_2 bglH_3 bglH_4 bglH_5
[23:43:47] Fixed 2 duplicate /gene - melR_1 melR_2
[23:43:47] Fixed 2 duplicate /gene - ecsA_1 ecsA_2
[23:43:47] Fixed 4 duplicate /gene - proC_1 proC_2 proC_3 proC_4
[23:43:47] Fixed 2 duplicate /gene - yesS_1 yesS_2
[23:43:47] Fixed 3 duplicate /gene - baeS_1 baeS_2 baeS_3
[23:43:47] Fixed 2 duplicate /gene - smc_1 smc_2
[23:43:47] Fixed 4 duplicate /gene - srrA_1 srrA_2 srrA_3 srrA_4
[23:43:47] Fixed 2 duplicate /gene - ald_1 ald_2
[23:43:47] Fixed 2 duplicate /gene - der_1 der_2
[23:43:47] Fixed 2 duplicate /gene - ctc_1 ctc_2
[23:43:47] Fixed 4 duplicate /gene - cwlC_1 cwlC_2 cwlC_3 cwlC_4
[23:43:47] Fixed 2 duplicate /gene - yvqK_1 yvqK_2
[23:43:47] Fixed 2 duplicate /gene - lysC_1 lysC_2
[23:43:47] Fixed 2 duplicate /gene - pspA_1 pspA_2
[23:43:47] Fixed 2 duplicate /gene - garR_1 garR_2
[23:43:47] Fixed 2 duplicate /gene - fra_1 fra_2
[23:43:47] Fixed 2 duplicate /gene - glpX_1 glpX_2
[23:43:47] Fixed 2 duplicate /gene - resA_1 resA_2
[23:43:47] Fixed 2 duplicate /gene - sigG_1 sigG_2
[23:43:47] Fixed 2 duplicate /gene - act_1 act_2
[23:43:47] Fixed 2 duplicate /gene - cheR_1 cheR_2
[23:43:47] Fixed 2 duplicate /gene - mrpB_1 mrpB_2
[23:43:47] Fixed 2 duplicate /gene - tmpC_1 tmpC_2
[23:43:47] Fixed 2 duplicate /gene - slyA_1 slyA_2
[23:43:47] Fixed 2 duplicate /gene - cbaB_1 cbaB_2
[23:43:47] Fixed 3 duplicate /gene - rlmCD_1 rlmCD_2 rlmCD_3
[23:43:47] Fixed 2 duplicate /gene - zntR_1 zntR_2
[23:43:47] Fixed 2 duplicate /gene - deoC_1 deoC_2
[23:43:47] Fixed 2 duplicate /gene - sdhC_1 sdhC_2
[23:43:47] Fixed 3 duplicate /gene - znuA_1 znuA_2 znuA_3
[23:43:47] Fixed 2 duplicate /gene - dxs_1 dxs_2
[23:43:47] Fixed 3 duplicate /gene - manX_1 manX_2 manX_3
[23:43:47] Fixed 2 duplicate /gene - fixX_1 fixX_2
[23:43:47] Fixed 2 duplicate /gene - yheH_1 yheH_2
[23:43:47] Fixed 5 duplicate /gene - cheY_1 cheY_2 cheY_3 cheY_4 cheY_5
[23:43:47] Fixed 2 duplicate /gene - frdA_1 frdA_2
[23:43:47] Fixed 2 duplicate /gene - ecfA2_1 ecfA2_2
[23:43:47] Fixed 2 duplicate /gene - qorB_1 qorB_2
[23:43:47] Fixed 2 duplicate /gene - mrpA_1 mrpA_2
[23:43:47] Fixed 6 duplicate /gene - gsiC_1 gsiC_2 gsiC_3 gsiC_4 gsiC_5 gsiC_6
[23:43:47] Fixed 3 duplicate /gene - hag_1 hag_2 hag_3
[23:43:47] Fixed 3 duplicate /gene - lutA_1 lutA_2 lutA_3
[23:43:47] Fixed 4 duplicate /gene - metN_1 metN_2 metN_3 metN_4
[23:43:47] Fixed 2 duplicate /gene - ydbD_1 ydbD_2
[23:43:47] Fixed 2 duplicate /gene - dgcM_1 dgcM_2
[23:43:47] Fixed 2 duplicate /gene - adhT_1 adhT_2
[23:43:47] Fixed 2 duplicate /gene - tyrS_1 tyrS_2
[23:43:47] Fixed 3 duplicate /gene - gloB_1 gloB_2 gloB_3
[23:43:47] Fixed 2 duplicate /gene - bshB1_1 bshB1_2
[23:43:47] Fixed 2 duplicate /gene - licR_1 licR_2
[23:43:47] Fixed 4 duplicate /gene - pgdA_1 pgdA_2 pgdA_3 pgdA_4
[23:43:47] Fixed 3 duplicate /gene - purF_1 purF_2 purF_3
[23:43:47] Fixed 2 duplicate /gene - dmsC_1 dmsC_2
[23:43:47] Fixed 2 duplicate /gene - chvE_1 chvE_2
[23:43:47] Fixed 2 duplicate /gene - ccmL_1 ccmL_2
[23:43:47] Fixed 4 duplicate /gene - kdgA_1 kdgA_2 kdgA_3 kdgA_4
[23:43:47] Fixed 2 duplicate /gene - cpdA_1 cpdA_2
[23:43:47] Fixed 2 duplicate /gene - crt_1 crt_2
[23:43:47] Fixed 2 duplicate /gene - yxdL_1 yxdL_2
[23:43:47] Fixed 2 duplicate /gene - slt_1 slt_2
[23:43:47] Fixed 2 duplicate /gene - kduD_1 kduD_2
[23:43:47] Fixed 3 duplicate /gene - luxA_1 luxA_2 luxA_3
[23:43:47] Fixed 2 duplicate /gene - pdhD_1 pdhD_2
[23:43:47] Fixed 3 duplicate /gene - kipR_1 kipR_2 kipR_3
[23:43:47] Fixed 2 duplicate /gene - thiY_1 thiY_2
[23:43:47] Fixed 2 duplicate /gene - dppC_1 dppC_2
[23:43:47] Fixed 2 duplicate /gene - afr_1 afr_2
[23:43:47] Fixed 2 duplicate /gene - rnmV_1 rnmV_2
[23:43:47] Fixed 2 duplicate /gene - xylH_1 xylH_2
[23:43:47] Fixed 2 duplicate /gene - fadA_1 fadA_2
[23:43:47] Fixed 2 duplicate /gene - spxA_1 spxA_2
[23:43:47] Fixed 3 duplicate /gene - mboIIM_1 mboIIM_2 mboIIM_3
[23:43:47] Fixed 2 duplicate /gene - yfhP_1 yfhP_2
[23:43:47] Fixed 2 duplicate /gene - glnK_1 glnK_2
[23:43:47] Fixed 2 duplicate /gene - spoVK_1 spoVK_2
[23:43:47] Fixed 2 duplicate /gene - mhqR_1 mhqR_2
[23:43:47] Fixed 2 duplicate /gene - glpK_1 glpK_2
[23:43:47] Fixed 2 duplicate /gene - mglA_1 mglA_2
[23:43:47] Fixed 3 duplicate /gene - ypdA_1 ypdA_2 ypdA_3
[23:43:47] Fixed 3 duplicate /gene - dacB_1 dacB_2 dacB_3
[23:43:47] Fixed 2 duplicate /gene - carA_1 carA_2
[23:43:47] Fixed 2 duplicate /gene - sigM_1 sigM_2
[23:43:47] Fixed 5 duplicate /gene - trxB_1 trxB_2 trxB_3 trxB_4 trxB_5
[23:43:47] Fixed 2 duplicate /gene - wapA_1 wapA_2
[23:43:47] Fixed 8 duplicate /gene - natA_1 natA_2 natA_3 natA_4 natA_5 natA_6 natA_7 natA_8
[23:43:47] Fixed 2 duplicate /gene - hisK_1 hisK_2
[23:43:47] Fixed 2 duplicate /gene - plsC_1 plsC_2
[23:43:47] Fixed 2 duplicate /gene - sspD_1 sspD_2
[23:43:47] Fixed 2 duplicate /gene - swrC_1 swrC_2
[23:43:47] Fixed 2 duplicate /gene - mccB_1 mccB_2
[23:43:47] Fixed 3 duplicate /gene - flhB_1 flhB_2 flhB_3
[23:43:47] Fixed 2 duplicate /gene - metP_1 metP_2
[23:43:47] Fixed 3 duplicate /gene - ysdC_1 ysdC_2 ysdC_3
[23:43:47] Fixed 2 duplicate /gene - vanW_1 vanW_2
[23:43:47] Fixed 2 duplicate /gene - yxeP_1 yxeP_2
[23:43:47] Fixed 2 duplicate /gene - rnjA_1 rnjA_2
[23:43:47] Fixed 3 duplicate /gene - bceB_1 bceB_2 bceB_3
[23:43:47] Fixed 2 duplicate /gene - livH_1 livH_2
[23:43:47] Fixed 2 duplicate /gene - arcB_1 arcB_2
[23:43:47] Fixed 2 duplicate /gene - sphR_1 sphR_2
[23:43:47] Fixed 2 duplicate /gene - dapL_1 dapL_2
[23:43:47] Fixed 2 duplicate /gene - pta_1 pta_2
[23:43:47] Fixed 4 duplicate /gene - yheD_1 yheD_2 yheD_3 yheD_4
[23:43:47] Fixed 2 duplicate /gene - gerBB_1 gerBB_2
[23:43:47] Fixed 2 duplicate /gene - gatB_1 gatB_2
[23:43:47] Fixed 3 duplicate /gene - lutR_1 lutR_2 lutR_3
[23:43:47] Fixed 3 duplicate /gene - recF_1 recF_2 recF_3
[23:43:47] Fixed 2 duplicate /gene - ghrB_1 ghrB_2
[23:43:47] Fixed 3 duplicate /gene - walK_1 walK_2 walK_3
[23:43:47] Fixed 2 duplicate /gene - focA_1 focA_2
[23:43:47] Fixed 2 duplicate /gene - dasR_1 dasR_2
[23:43:47] Fixed 2 duplicate /gene - uvrA_1 uvrA_2
[23:43:47] Fixed 2 duplicate /gene - galE_1 galE_2
[23:43:47] Fixed 3 duplicate /gene - phnC_1 phnC_2 phnC_3
[23:43:47] Fixed 2 duplicate /gene - nagB_1 nagB_2
[23:43:47] Fixed 2 duplicate /gene - opuCA_1 opuCA_2
[23:43:47] Fixed 3 duplicate /gene - gerAA_1 gerAA_2 gerAA_3
[23:43:47] Fixed 2 duplicate /gene - ykvT_1 ykvT_2
[23:43:47] Fixed 2 duplicate /gene - lysA_1 lysA_2
[23:43:47] Fixed 4 duplicate /gene - mta_1 mta_2 mta_3 mta_4
[23:43:47] Fixed 2 duplicate /gene - rapA_1 rapA_2
[23:43:47] Fixed 3 duplicate /gene - pbpH_1 pbpH_2 pbpH_3
[23:43:47] Fixed 2 duplicate /gene - cadA_1 cadA_2
[23:43:47] Fixed 2 duplicate /gene - iolG_1 iolG_2
[23:43:47] Fixed 2 duplicate /gene - dmsA_1 dmsA_2
[23:43:47] Fixed 5 duplicate /gene - licT_1 licT_2 licT_3 licT_4 licT_5
[23:43:47] Fixed 2 duplicate /gene - yqfL_1 yqfL_2
[23:43:47] Fixed 2 duplicate /gene - mftC_1 mftC_2
[23:43:47] Fixed 2 duplicate /gene - carD_1 carD_2
[23:43:47] Fixed 2 duplicate /gene - apu_1 apu_2
[23:43:47] Fixed 2 duplicate /gene - nnhA_1 nnhA_2
[23:43:47] Fixed 3 duplicate /gene - ypmQ_1 ypmQ_2 ypmQ_3
[23:43:47] Fixed 3 duplicate /gene - pdaA_1 pdaA_2 pdaA_3
[23:43:47] Fixed 2 duplicate /gene - fliS_1 fliS_2
[23:43:47] Fixed 2 duplicate /gene - fhuD_1 fhuD_2
[23:43:47] Fixed 2 duplicate /gene - mmgC_1 mmgC_2
[23:43:47] Fixed 2 duplicate /gene - mcpC_1 mcpC_2
[23:43:47] Fixed 2 duplicate /gene - mreBH_1 mreBH_2
[23:43:47] Fixed 4 duplicate /gene - sinR_1 sinR_2 sinR_3 sinR_4
[23:43:47] Fixed 3 duplicate /gene - ftsW_1 ftsW_2 ftsW_3
[23:43:47] Fixed 2 duplicate /gene - bacE_1 bacE_2
[23:43:47] Fixed 2 duplicate /gene - prpE_1 prpE_2
[23:43:47] Fixed 3 duplicate /gene - feuB_1 feuB_2 feuB_3
[23:43:47] Fixed 2 duplicate /gene - btr_1 btr_2
[23:43:47] Fixed 2 duplicate /gene - alkA_1 alkA_2
[23:43:47] Fixed 2 duplicate /gene - napG_1 napG_2
[23:43:47] Fixed 4 duplicate /gene - kdgR_1 kdgR_2 kdgR_3 kdgR_4
[23:43:47] Fixed 2 duplicate /gene - glcB_1 glcB_2
[23:43:47] Fixed 3 duplicate /gene - menH_1 menH_2 menH_3
[23:43:47] Fixed 2 duplicate /gene - rsmH_1 rsmH_2
[23:43:47] Fixed 2 duplicate /gene - ileS_1 ileS_2
[23:43:47] Fixed 3 duplicate /gene - yocH_1 yocH_2 yocH_3
[23:43:47] Fixed 2 duplicate /gene - yyaP_1 yyaP_2
[23:43:47] Fixed 2 duplicate /gene - crcB_1 crcB_2
[23:43:47] Fixed 8 duplicate /gene - mcpB_1 mcpB_2 mcpB_3 mcpB_4 mcpB_5 mcpB_6 mcpB_7 mcpB_8
[23:43:47] Fixed 3 duplicate /gene - fadR_1 fadR_2 fadR_3
[23:43:47] Fixed 2 duplicate /gene - argC_1 argC_2
[23:43:47] Fixed 2 duplicate /gene - clpP_1 clpP_2
[23:43:47] Fixed 3 duplicate /gene - sdhB_1 sdhB_2 sdhB_3
[23:43:47] Fixed 2 duplicate /gene - dinG_1 dinG_2
[23:43:47] Fixed 3 duplicate /gene - phoU_1 phoU_2 phoU_3
[23:43:47] Fixed 2 duplicate /gene - sigV_1 sigV_2
[23:43:47] Fixed 2 duplicate /gene - rpe_1 rpe_2
[23:43:47] Fixed 2 duplicate /gene - pstB3_1 pstB3_2
[23:43:47] Fixed 2 duplicate /gene - recD2_1 recD2_2
[23:43:47] Fixed 10 duplicate /gene - oppF_1 oppF_2 oppF_3 oppF_4 oppF_5 oppF_6 oppF_7 oppF_8 oppF_9 oppF_10
[23:43:47] Fixed 3 duplicate /gene - ytrB_1 ytrB_2 ytrB_3
[23:43:47] Fixed 2 duplicate /gene - spoIIIE_1 spoIIIE_2
[23:43:47] Fixed 4 duplicate /gene - graS_1 graS_2 graS_3 graS_4
[23:43:47] Fixed 2 duplicate /gene - mgtE_1 mgtE_2
[23:43:47] Fixed 7 duplicate /gene - walR_1 walR_2 walR_3 walR_4 walR_5 walR_6 walR_7
[23:43:47] Fixed 2 duplicate /gene - msrA_1 msrA_2
[23:43:47] Fixed 3 duplicate /gene - puuR_1 puuR_2 puuR_3
[23:43:47] Fixed 2 duplicate /gene - sigX_1 sigX_2
[23:43:47] Fixed 2 duplicate /gene - lysN_1 lysN_2
[23:43:47] Fixed 2 duplicate /gene - paaG_1 paaG_2
[23:43:47] Fixed 2 duplicate /gene - fatD_1 fatD_2
[23:43:47] Fixed 4 duplicate /gene - gerBC_1 gerBC_2 gerBC_3 gerBC_4
[23:43:47] Fixed 2 duplicate /gene - crnA_1 crnA_2
[23:43:47] Fixed 2 duplicate /gene - fatC_1 fatC_2
[23:43:47] Fixed 3 duplicate /gene - moeA_1 moeA_2 moeA_3
[23:43:47] Fixed 3 duplicate /gene - ulaA_1 ulaA_2 ulaA_3
[23:43:47] Fixed 3 duplicate /gene - map_1 map_2 map_3
[23:43:47] Fixed 3 duplicate /gene - graR_1 graR_2 graR_3
[23:43:47] Fixed 3 duplicate /gene - glnM_1 glnM_2 glnM_3
[23:43:47] Fixed 2 duplicate /gene - adaA_1 adaA_2
[23:43:47] Fixed 2 duplicate /gene - yugI_1 yugI_2
[23:43:47] Fixed 2 duplicate /gene - ettA_1 ettA_2
[23:43:47] Fixed 2 duplicate /gene - polA_1 polA_2
[23:43:47] Fixed 2 duplicate /gene - wecD_1 wecD_2
[23:43:47] Fixed 2 duplicate /gene - bepA_1 bepA_2
[23:43:47] Fixed 2 duplicate /gene - pstS_1 pstS_2
[23:43:47] Fixed 7 duplicate /gene - ytrA_1 ytrA_2 ytrA_3 ytrA_4 ytrA_5 ytrA_6 ytrA_7
[23:43:47] Fixed 2 duplicate /gene - rbsK_1 rbsK_2
[23:43:47] Fixed 5 duplicate /gene - yusV_1 yusV_2 yusV_3 yusV_4 yusV_5
[23:43:47] Fixed 2 duplicate /gene - mhqO_1 mhqO_2
[23:43:47] Fixed 2 duplicate /gene - psuG_1 psuG_2
[23:43:47] Fixed 2 duplicate /gene - potA_1 potA_2
[23:43:47] Fixed 2 duplicate /gene - fdoI_1 fdoI_2
[23:43:47] Fixed 3 duplicate /gene - nfo_1 nfo_2 nfo_3
[23:43:47] Fixed 2 duplicate /gene - ahpC_1 ahpC_2
[23:43:47] Fixed 4 duplicate /gene - nrdZ_1 nrdZ_2 nrdZ_3 nrdZ_4
[23:43:47] Fixed 2 duplicate /gene - hrp1_1 hrp1_2
[23:43:47] Fixed 3 duplicate /gene - yvgN_1 yvgN_2 yvgN_3
[23:43:47] Fixed 475 colliding /gene names.
[23:43:47] Adding /locus_tag identifiers
[23:43:47] Assigned 5041 locus_tags to CDS and RNA features.
[23:43:47] Writing outputs to bacillus_siralis-assembly.fna.prokka_annotation/
[23:43:49] Generating annotation statistics file
[23:43:49] Generating Genbank and Sequin files
[23:43:49] Running: tbl2asn -V b -a r10k -l paired-ends -M n -N 1 -y 'Annotated using prokka 1.13 from https://github.com/tseemann/prokka' -Z bacillus_siralis\-assembly\.fna\.prokka_annotation\/bacillus_siralis\-assembly\.fna\.err -i bacillus_siralis\-assembly\.fna\.prokka_annotation\/bacillus_siralis\-assembly\.fna\.fsa 2> /dev/null
[23:43:59] Could not run command: tbl2asn -V b -a r10k -l paired-ends -M n -N 1 -y 'Annotated using prokka 1.13 from https://github.com/tseemann/prokka' -Z bacillus_siralis\-assembly\.fna\.prokka_annotation\/bacillus_siralis\-assembly\.fna\.err -i bacillus_siralis\-assembly\.fna\.prokka_annotation\/bacillus_siralis\-assembly\.fna\.fsa 2> /dev/null
